gpasm-1.4.0 #1106 (Oct  6 2014) obj\Debug\Con   6-30-2018  10:59:48         PAGE  1


LOC    OBJECT CODE    LINE  SOURCE TEXT
  VALUE

                      00001 ;--------------------------------------------------------
                      00002 ; File Created by SDCC : free open source ANSI-C Compiler
                      00003 ; Version 3.5.0 #9253 (Jun 20 2015) (MINGW32)
                      00004 ; This file was generated Sat Jun 30 10:59:48 2018
                      00005 ;--------------------------------------------------------
                      00006 ; PIC port for the 14-bit core
                      00007 ;--------------------------------------------------------
                      00008         .file   "Control.c"
                      00009         list    p=16f877a
                      00010         radix dec
                      00011         include "p16f877a.inc"
                      00001         LIST
                      00002 
                      00003 ;==========================================================================
                      00004 ; Build date : Aug 07 2014
                      00005 ;  MPASM PIC16F877A processor include
                      00006 ; 
                      00007 ;  (c) Copyright 1999-2014 Microchip Technology, All rights reserved
                      00008 ;==========================================================================
                      00009 
                      00567         LIST
                      00012 ;--------------------------------------------------------
                      00013 ; external declarations
                      00014 ;--------------------------------------------------------
  0000                00015         extern  _TMR_Init
  0000                00016         extern  _TMR_Start
  0000                00017         extern  _TMR_CheckOverFlow
  0000                00018         extern  _TMR_Stop
  0000                00019         extern  _TMR_Update
  0000                00020         extern  _SW_Init
  0000                00021         extern  _SW_Update
  0000                00022         extern  _SW_GetState
  0000                00023         extern  _LED_Init
  0000                00024         extern  _LED_Toggle
  0000                00025         extern  _LED_GetState
  0000                00026         extern  _UART_init
  0000                00027         extern  _UART_tx
  0000                00028         extern  _UART_tx_str
  0000                00029         extern  _itoa
  0000                00030         extern  _STATUSbits
  0000                00031         extern  _PORTAbits
  0000                00032         extern  _PORTBbits
  0000                00033         extern  _PORTCbits
  0000                00034         extern  _PORTDbits
  0000                00035         extern  _PORTEbits
  0000                00036         extern  _INTCONbits
  0000                00037         extern  _PIR1bits
  0000                00038         extern  _PIR2bits
  0000                00039         extern  _T1CONbits
  0000                00040         extern  _T2CONbits
  0000                00041         extern  _SSPCONbits
  0000                00042         extern  _CCP1CONbits
  0000                00043         extern  _RCSTAbits
gpasm-1.4.0 #1106 (Oct  6 2014) obj\Debug\Con   6-30-2018  10:59:48         PAGE  2


LOC    OBJECT CODE    LINE  SOURCE TEXT
  VALUE

  0000                00044         extern  _CCP2CONbits
  0000                00045         extern  _ADCON0bits
  0000                00046         extern  _OPTION_REGbits
  0000                00047         extern  _TRISAbits
  0000                00048         extern  _TRISBbits
  0000                00049         extern  _TRISCbits
  0000                00050         extern  _TRISDbits
  0000                00051         extern  _TRISEbits
  0000                00052         extern  _PIE1bits
  0000                00053         extern  _PIE2bits
  0000                00054         extern  _PCONbits
  0000                00055         extern  _SSPCON2bits
  0000                00056         extern  _SSPSTATbits
  0000                00057         extern  _TXSTAbits
  0000                00058         extern  _CMCONbits
  0000                00059         extern  _CVRCONbits
  0000                00060         extern  _ADCON1bits
  0000                00061         extern  _EECON1bits
  0000                00062         extern  _INDF
  0000                00063         extern  _TMR0
  0000                00064         extern  _PCL
  0000                00065         extern  _STATUS
  0000                00066         extern  _FSR
  0000                00067         extern  _PORTA
  0000                00068         extern  _PORTB
  0000                00069         extern  _PORTC
  0000                00070         extern  _PORTD
  0000                00071         extern  _PORTE
  0000                00072         extern  _PCLATH
  0000                00073         extern  _INTCON
  0000                00074         extern  _PIR1
  0000                00075         extern  _PIR2
  0000                00076         extern  _TMR1
  0000                00077         extern  _TMR1L
  0000                00078         extern  _TMR1H
  0000                00079         extern  _T1CON
  0000                00080         extern  _TMR2
  0000                00081         extern  _T2CON
  0000                00082         extern  _SSPBUF
  0000                00083         extern  _SSPCON
  0000                00084         extern  _CCPR1
  0000                00085         extern  _CCPR1L
  0000                00086         extern  _CCPR1H
  0000                00087         extern  _CCP1CON
  0000                00088         extern  _RCSTA
  0000                00089         extern  _TXREG
  0000                00090         extern  _RCREG
  0000                00091         extern  _CCPR2
  0000                00092         extern  _CCPR2L
  0000                00093         extern  _CCPR2H
  0000                00094         extern  _CCP2CON
  0000                00095         extern  _ADRESH
  0000                00096         extern  _ADCON0
gpasm-1.4.0 #1106 (Oct  6 2014) obj\Debug\Con   6-30-2018  10:59:48         PAGE  3


LOC    OBJECT CODE    LINE  SOURCE TEXT
  VALUE

  0000                00097         extern  _OPTION_REG
  0000                00098         extern  _TRISA
  0000                00099         extern  _TRISB
  0000                00100         extern  _TRISC
  0000                00101         extern  _TRISD
  0000                00102         extern  _TRISE
  0000                00103         extern  _PIE1
  0000                00104         extern  _PIE2
  0000                00105         extern  _PCON
  0000                00106         extern  _SSPCON2
  0000                00107         extern  _PR2
  0000                00108         extern  _SSPADD
  0000                00109         extern  _SSPSTAT
  0000                00110         extern  _TXSTA
  0000                00111         extern  _SPBRG
  0000                00112         extern  _CMCON
  0000                00113         extern  _CVRCON
  0000                00114         extern  _ADRESL
  0000                00115         extern  _ADCON1
  0000                00116         extern  _EEDATA
  0000                00117         extern  _EEADR
  0000                00118         extern  _EEDATH
  0000                00119         extern  _EEADRH
  0000                00120         extern  _EECON1
  0000                00121         extern  _EECON2
                      00122 
  0000                00123         extern PSAVE
  0000                00124         extern SSAVE
  0000                00125         extern WSAVE
  0000                00126         extern STK12
  0000                00127         extern STK11
  0000                00128         extern STK10
  0000                00129         extern STK09
  0000                00130         extern STK08
  0000                00131         extern STK07
  0000                00132         extern STK06
  0000                00133         extern STK05
  0000                00134         extern STK04
  0000                00135         extern STK03
  0000                00136         extern STK02
  0000                00137         extern STK01
  0000                00138         extern STK00
                      00139 ;--------------------------------------------------------
                      00140 ; global declarations
                      00141 ;--------------------------------------------------------
  0000                00142         global  _Control
                      00143 
                      00144 ;--------------------------------------------------------
                      00145 ; global definitions
                      00146 ;--------------------------------------------------------
                      00147 ;--------------------------------------------------------
                      00148 ; absolute symbol definitions
                      00149 ;--------------------------------------------------------
gpasm-1.4.0 #1106 (Oct  6 2014) obj\Debug\Con   6-30-2018  10:59:48         PAGE  4


LOC    OBJECT CODE    LINE  SOURCE TEXT
  VALUE

                      00150 ;--------------------------------------------------------
                      00151 ; compiler-defined variables
                      00152 ;--------------------------------------------------------
                      00153 UDL_Control_0   udata
0000                  00154 r0x1001 res     1
0001                  00155 r0x1002 res     1
0002                  00156 r0x1003 res     1
0003                  00157 _Control_ctrl_counter_1_18      res     1
                      00158 ;--------------------------------------------------------
                      00159 ; initialized data
                      00160 ;--------------------------------------------------------
                      00161 
                      00162 ID_Control_0    code
0000                  00163 ___str_0
0000   3470           00164         retlw 0x70 ; 'p'
0001   3472           00165         retlw 0x72 ; 'r'
0002   3465           00166         retlw 0x65 ; 'e'
0003   3473           00167         retlw 0x73 ; 's'
0004   3473           00168         retlw 0x73 ; 's'
0005   3465           00169         retlw 0x65 ; 'e'
0006   3464           00170         retlw 0x64 ; 'd'
0007   3400           00171         retlw 0x00 ; '.'
                      00172 
                      00173 ID_Control_1    code
0000                  00174 ___str_1
0000   344F           00175         retlw 0x4f ; 'O'
0001   3446           00176         retlw 0x46 ; 'F'
0002   3446           00177         retlw 0x46 ; 'F'
0003   3400           00178         retlw 0x00 ; '.'
                      00179 
                      00180 ID_Control_2    code
0000                  00181 ___str_2
0000   344F           00182         retlw 0x4f ; 'O'
0001   344E           00183         retlw 0x4e ; 'N'
0002   3400           00184         retlw 0x00 ; '.'
                      00185 ;--------------------------------------------------------
                      00186 ; overlayable items in internal ram 
                      00187 ;--------------------------------------------------------
                      00188 ;       udata_ovr
                      00189 ;--------------------------------------------------------
                      00190 ; code
                      00191 ;--------------------------------------------------------
                      00192 code_Control    code
                      00193 ;***
                      00194 ;  pBlock Stats: dbName = C
                      00195 ;***
                      00196 ;entry:  _Control       ;Function start
                      00197 ; 2 exit points
                      00198 ;has an exit
                      00199 ;functions called:
                      00200 ;   _SW_GetState
                      00201 ;   _LED_Toggle
                      00202 ;   _UART_tx_str
gpasm-1.4.0 #1106 (Oct  6 2014) obj\Debug\Con   6-30-2018  10:59:48         PAGE  5


LOC    OBJECT CODE    LINE  SOURCE TEXT
  VALUE

                      00203 ;   _LED_GetState
                      00204 ;   _UART_tx_str
                      00205 ;   _UART_tx_str
                      00206 ;   _SW_GetState
                      00207 ;   _LED_Toggle
                      00208 ;   _UART_tx_str
                      00209 ;   _LED_GetState
                      00210 ;   _UART_tx_str
                      00211 ;   _UART_tx_str
                      00212 ;5 compiler assigned registers:
                      00213 ;   r0x1001
                      00214 ;   r0x1002
                      00215 ;   r0x1003
                      00216 ;   STK01
                      00217 ;   STK00
                      00218 ;; Starting pCode block
                      00219 ;;; /home/sdcc-builder/build/sdcc-build/orig/sdcc/src/pic14/gen.c:2316:resultRemat *{*
                      00220 ;;; /home/sdcc-builder/build/sdcc-build/orig/sdcc/src/pic14/gen.c:2760:genLabel *{*
                      00221 ;; ***  genLabel  2763
                      00222 ;;; /home/sdcc-builder/build/sdcc-build/orig/sdcc/src/pic14/gen.c:2316:resultRemat *{*
                      00223 ;;; /home/sdcc-builder/build/sdcc-build/orig/sdcc/src/pic14/gen.c:2340:genFunction *{*
                      00224 ;; ***  genFunction  2342 curr label offset=0previous max_key=0 
0000                  00225 _Control        ;Function start
                      00226 ; 2 exit points
                      00227 ;;; /home/sdcc-builder/build/sdcc-build/orig/sdcc/src/pic14/gen.c:2316:resultRemat *{*
                      00228 ;; ***  genPlus  611
                      00229 ;;; /home/sdcc-builder/build/sdcc-build/orig/sdcc/src/pic14/genarith.c:612:genPlus *{*
                      00230 ;; ***  aopForSym 315
                      00231 ;;      327 sym->rname = _Control_ctrl_counter_1_18, size = 1
                      00232 ;;      575
                      00233 ;;      line = 618 result AOP_DIR=_Control_ctrl_counter_1_18, size=1, left AOP_DIR=_Control_ctrl_counter
                            _1_18, size=1, right AOP_LIT=0x32, size=1
                      00234 ;;; /home/sdcc-builder/build/sdcc-build/orig/sdcc/src/pic14/genarith.c:142:genPlusIncr *{*
                      00235 ;; ***  genPlusIncr  144
                      00236 ;;      result AOP_DIR, left AOP_DIR, right AOP_LIT
                      00237 ;;      genPlusIncr  156
                      00238 ;;      adding lit to something. size 1
                      00239 ;;; /home/sdcc-builder/build/sdcc-build/orig/sdcc/src/pic14/genarith.c:269:genAddLit *{*
                      00240 ;; ***  genAddLit  270
                      00241 ;;; /home/sdcc-builder/build/sdcc-build/orig/sdcc/src/pic14/genarith.c:233:genAddLit2byte *{*
                      00242 ;; >>> /home/sdcc-builder/build/sdcc-build/orig/sdcc/src/pic14/genarith.c:245:genAddLit2byte
                      00243         .line   18; "Control.c" ctrl_counter += TMR_TICK_MS;
0000   3032           00244         MOVLW   0x32
                      00245 ;; >>> /home/sdcc-builder/build/sdcc-build/orig/sdcc/src/pic14/genarith.c:246:genAddLit2byte
                      00246 ;;      1009
                      00247 ;;      1028  _Control_ctrl_counter_1_18   offset=0
0001   ???? ????      00248         BANKSEL _Control_ctrl_counter_1_18
0003   07??           00249         ADDWF   _Control_ctrl_counter_1_18,F
                      00250 ;; ***  addSign  861
                      00251 ;;; /home/sdcc-builder/build/sdcc-build/orig/sdcc/src/pic14/genarith.c:862:addSign *{*
                      00252 ;;; /home/sdcc-builder/build/sdcc-build/orig/sdcc/src/pic14/gen.c:2316:resultRemat *{*
                      00253 ;;; /home/sdcc-builder/build/sdcc-build/orig/sdcc/src/pic14/gen.c:3619:genCmpEq *{*
                      00254 ;; ***  genCmpEq  3620
gpasm-1.4.0 #1106 (Oct  6 2014) obj\Debug\Con   6-30-2018  10:59:48         PAGE  6


LOC    OBJECT CODE    LINE  SOURCE TEXT
  VALUE

                      00255 ;; ifx is non-null
                      00256 ;; ***  aopForSym 315
                      00257 ;;      327 sym->rname = _Control_ctrl_counter_1_18, size = 1
                      00258 ;;      line = 3631 result AOP_CRY=0x00, size=0, left AOP_DIR=_Control_ctrl_counter_1_18, size=1, right 
                            AOP_LIT=0x32, size=1
                      00259 ;; ***  mov2w  1381  offset=0
                      00260 ;; >>> /home/sdcc-builder/build/sdcc-build/orig/sdcc/src/pic14/gen.c:1386:mov2w
                      00261 ;;      1009
                      00262 ;;      1028  _Control_ctrl_counter_1_18   offset=0
                      00263         .line   19; "Control.c" if(ctrl_counter != CTRL_PREIOD)
0004   08??           00264         MOVF    _Control_ctrl_counter_1_18,W
                      00265 ;; >>> /home/sdcc-builder/build/sdcc-build/orig/sdcc/src/pic14/gen.c:3685:genCmpEq
                      00266         .line   21; "Control.c" return;
0005   3A32           00267         XORLW   0x32
                      00268         .line   23; "Control.c" ctrl_counter = 0;
0006   1D03           00269         BTFSS   STATUS,2
0007   2???           00270         GOTO    _00112_DS_
0008   01??           00271         CLRF    _Control_ctrl_counter_1_18
                      00272         .line   25; "Control.c" if(SW_GetState() == SW_PRE_PRESSED)
0009   ???? ????      00273         PAGESEL _SW_GetState
                      00274 ;; >>> /home/sdcc-builder/build/sdcc-build/orig/sdcc/src/pic14/gen.c:2175:genCall
000B   2???           00275         CALL    _SW_GetState
                      00276 ;; >>> /home/sdcc-builder/build/sdcc-build/orig/sdcc/src/pic14/gen.c:2181:genCall
000C   ???? ????      00277         PAGESEL $
                      00278 ;;      694 register type nRegs=1
                      00279 ;;; /home/sdcc-builder/build/sdcc-build/orig/sdcc/src/pic14/gen.c:1907:assignResultValue *{*
                      00280 ;; ***  assignResultValue  1909
                      00281 ;;      line = 1911 result -=-, size=0, left AOP_REG=r0x1049, size=1, right -=-, size=0
                      00282 ;; >>> /home/sdcc-builder/build/sdcc-build/orig/sdcc/src/pic14/gen.c:1393:movwf
                      00283 ;;      1109 rIdx = r0x1049 
000E   ???? ????      00284         BANKSEL r0x1001
0010   00??           00285         MOVWF   r0x1001
0011   3A01           00286         XORLW   0x01
                      00287 ;; >>> /home/sdcc-builder/build/sdcc-build/orig/sdcc/src/pic14/gen.c:3687:genCmpEq
0012   1D03           00288         BTFSS   STATUS,2
                      00289 ;; >>> /home/sdcc-builder/build/sdcc-build/orig/sdcc/src/pic14/gen.c:3690:genCmpEq
                      00290 ;; ***  popGetLabel  key=8, label offset 4
0013   2???           00291         GOTO    _00112_DS_
                      00292 ;;; /home/sdcc-builder/build/sdcc-build/orig/sdcc/src/pic14/gen.c:2316:resultRemat *{*
                      00293 ;;; /home/sdcc-builder/build/sdcc-build/orig/sdcc/src/pic14/gen.c:2316:resultRemat *{*
                      00294 ;;; /home/sdcc-builder/build/sdcc-build/orig/sdcc/src/pic14/gen.c:2086:genCall *{*
                      00295 ;; ***  genCall  2088
                      00296 ;;; /home/sdcc-builder/build/sdcc-build/orig/sdcc/src/pic14/gen.c:1801:saveRegisters *{*
                      00297 ;; ***  saveRegisters  1803
                      00298 ;; >>> /home/sdcc-builder/build/sdcc-build/orig/sdcc/src/pic14/gen.c:2173:genCall
                      00299         .line   27; "Control.c" LED_Toggle();
0014   ???? ????      00300         PAGESEL _LED_Toggle
                      00301 ;; >>> /home/sdcc-builder/build/sdcc-build/orig/sdcc/src/pic14/gen.c:2175:genCall
0016   2???           00302         CALL    _LED_Toggle
                      00303 ;; >>> /home/sdcc-builder/build/sdcc-build/orig/sdcc/src/pic14/gen.c:2181:genCall
0017   ???? ????      00304         PAGESEL $
                      00305 ;;; /home/sdcc-builder/build/sdcc-build/orig/sdcc/src/pic14/gen.c:1845:unsaveRegisters *{*
                      00306 ;; ***  unsaveRegisters  1847
gpasm-1.4.0 #1106 (Oct  6 2014) obj\Debug\Con   6-30-2018  10:59:48         PAGE  7


LOC    OBJECT CODE    LINE  SOURCE TEXT
  VALUE

                      00307 ;;; /home/sdcc-builder/build/sdcc-build/orig/sdcc/src/pic14/gen.c:2316:resultRemat *{*
                      00308 ;;; /home/sdcc-builder/build/sdcc-build/orig/sdcc/src/pic14/gen.c:2316:resultRemat *{*
                      00309 ;;; /home/sdcc-builder/build/sdcc-build/orig/sdcc/src/pic14/gen.c:7120:genCast *{*
                      00310 ;; ***  genCast  7121
                      00311 ;;      613
                      00312 ;;      aopForRemat 392
                      00313 ;;      418: rname ___str_0, val 0, const = 0
                      00314 ;;      694 register type nRegs=3
                      00315 ;;      833: aopGet AOP_PCODE type PO_IMMEDIATE
                      00316 ;;      ___str_0
                      00317 ;;      line = 7129 result AOP_REG=r0x1049, size=3, left -=-, size=0, right AOP_PCODE=___str_0, size=2
                      00318 ;; ***  genCast  7174
                      00319 ;;; /home/sdcc-builder/build/sdcc-build/orig/sdcc/src/pic14/gen.c:1343:mov2w_op *{*
                      00320 ;; >>> /home/sdcc-builder/build/sdcc-build/orig/sdcc/src/pic14/gen.c:1361:mov2w_op
                      00321         .line   28; "Control.c" UART_tx_str("pressed");
0019   30??           00322         MOVLW   high (___str_0 + 0)
                      00323 ;; >>> /home/sdcc-builder/build/sdcc-build/orig/sdcc/src/pic14/gen.c:1393:movwf
                      00324 ;;      1109 rIdx = r0x104A 
001A   ???? ????      00325         BANKSEL r0x1002
001C   00??           00326         MOVWF   r0x1002
                      00327 ;;; /home/sdcc-builder/build/sdcc-build/orig/sdcc/src/pic14/gen.c:1343:mov2w_op *{*
                      00328 ;; >>> /home/sdcc-builder/build/sdcc-build/orig/sdcc/src/pic14/gen.c:1361:mov2w_op
001D   30??           00329         MOVLW   (___str_0 + 0)
                      00330 ;; >>> /home/sdcc-builder/build/sdcc-build/orig/sdcc/src/pic14/gen.c:1393:movwf
                      00331 ;;      1109 rIdx = r0x1049 
001E   00??           00332         MOVWF   r0x1001
                      00333 ;; >>> /home/sdcc-builder/build/sdcc-build/orig/sdcc/src/pic14/gen.c:7234:genCast
001F   3080           00334         MOVLW   0x80
                      00335 ;; >>> /home/sdcc-builder/build/sdcc-build/orig/sdcc/src/pic14/gen.c:1393:movwf
                      00336 ;;      1109 rIdx = r0x104B 
0020   00??           00337         MOVWF   r0x1003
                      00338 ;;; /home/sdcc-builder/build/sdcc-build/orig/sdcc/src/pic14/gen.c:2316:resultRemat *{*
                      00339 ;;; /home/sdcc-builder/build/sdcc-build/orig/sdcc/src/pic14/gen.c:2316:resultRemat *{*
                      00340 ;;; /home/sdcc-builder/build/sdcc-build/orig/sdcc/src/pic14/gen.c:2086:genCall *{*
                      00341 ;; ***  genCall  2088
                      00342 ;;; /home/sdcc-builder/build/sdcc-build/orig/sdcc/src/pic14/gen.c:1801:saveRegisters *{*
                      00343 ;; ***  saveRegisters  1803
                      00344 ;;      694 register type nRegs=3
                      00345 ;;      694 register type nRegs=3
                      00346 ;;      2135 left AOP_REG
                      00347 ;;; /home/sdcc-builder/build/sdcc-build/orig/sdcc/src/pic14/gen.c:1343:mov2w_op *{*
                      00348 ;; ***  mov2w  1381  offset=0
                      00349 ;; >>> /home/sdcc-builder/build/sdcc-build/orig/sdcc/src/pic14/gen.c:1386:mov2w
                      00350 ;;      1109 rIdx = r0x1049 
0021   08??           00351         MOVF    r0x1001,W
                      00352 ;;      2135 left AOP_REG
                      00353 ;; >>> /home/sdcc-builder/build/sdcc-build/orig/sdcc/src/pic14/gen.c:2143:genCall
                      00354 ;; ***  popRegFromIdx,1042  , rIdx=0x7e
0022   00??           00355         MOVWF   STK01
                      00356 ;;; /home/sdcc-builder/build/sdcc-build/orig/sdcc/src/pic14/gen.c:1343:mov2w_op *{*
                      00357 ;; ***  mov2w  1381  offset=1
                      00358 ;; >>> /home/sdcc-builder/build/sdcc-build/orig/sdcc/src/pic14/gen.c:1386:mov2w
                      00359 ;;      1109 rIdx = r0x104A 
gpasm-1.4.0 #1106 (Oct  6 2014) obj\Debug\Con   6-30-2018  10:59:48         PAGE  8


LOC    OBJECT CODE    LINE  SOURCE TEXT
  VALUE

0023   08??           00360         MOVF    r0x1002,W
                      00361 ;;      2135 left AOP_REG
                      00362 ;; >>> /home/sdcc-builder/build/sdcc-build/orig/sdcc/src/pic14/gen.c:2143:genCall
                      00363 ;; ***  popRegFromIdx,1042  , rIdx=0x7f
0024   00??           00364         MOVWF   STK00
                      00365 ;;; /home/sdcc-builder/build/sdcc-build/orig/sdcc/src/pic14/gen.c:1343:mov2w_op *{*
                      00366 ;; ***  mov2w  1381  offset=2
                      00367 ;; >>> /home/sdcc-builder/build/sdcc-build/orig/sdcc/src/pic14/gen.c:1386:mov2w
                      00368 ;;      1109 rIdx = r0x104B 
0025   08??           00369         MOVF    r0x1003,W
                      00370 ;; >>> /home/sdcc-builder/build/sdcc-build/orig/sdcc/src/pic14/gen.c:2173:genCall
0026   ???? ????      00371         PAGESEL _UART_tx_str
                      00372 ;; >>> /home/sdcc-builder/build/sdcc-build/orig/sdcc/src/pic14/gen.c:2175:genCall
0028   2???           00373         CALL    _UART_tx_str
                      00374 ;; >>> /home/sdcc-builder/build/sdcc-build/orig/sdcc/src/pic14/gen.c:2181:genCall
0029   ???? ????      00375         PAGESEL $
                      00376 ;;; /home/sdcc-builder/build/sdcc-build/orig/sdcc/src/pic14/gen.c:1845:unsaveRegisters *{*
                      00377 ;; ***  unsaveRegisters  1847
                      00378 ;;; /home/sdcc-builder/build/sdcc-build/orig/sdcc/src/pic14/gen.c:2316:resultRemat *{*
                      00379 ;;; /home/sdcc-builder/build/sdcc-build/orig/sdcc/src/pic14/gen.c:2086:genCall *{*
                      00380 ;; ***  genCall  2088
                      00381 ;;; /home/sdcc-builder/build/sdcc-build/orig/sdcc/src/pic14/gen.c:1801:saveRegisters *{*
                      00382 ;; ***  saveRegisters  1803
                      00383 ;; >>> /home/sdcc-builder/build/sdcc-build/orig/sdcc/src/pic14/gen.c:2173:genCall
                      00384         .line   29; "Control.c" if(LED_GetState() == LED_OFF)
002B   ???? ????      00385         PAGESEL _LED_GetState
                      00386 ;; >>> /home/sdcc-builder/build/sdcc-build/orig/sdcc/src/pic14/gen.c:2175:genCall
002D   2???           00387         CALL    _LED_GetState
                      00388 ;; >>> /home/sdcc-builder/build/sdcc-build/orig/sdcc/src/pic14/gen.c:2181:genCall
002E   ???? ????      00389         PAGESEL $
                      00390 ;;      694 register type nRegs=1
                      00391 ;;; /home/sdcc-builder/build/sdcc-build/orig/sdcc/src/pic14/gen.c:1907:assignResultValue *{*
                      00392 ;; ***  assignResultValue  1909
                      00393 ;;      line = 1911 result -=-, size=0, left AOP_REG=r0x1049, size=1, right -=-, size=0
                      00394 ;; >>> /home/sdcc-builder/build/sdcc-build/orig/sdcc/src/pic14/gen.c:1393:movwf
                      00395 ;;      1109 rIdx = r0x1049 
0030   ???? ????      00396         BANKSEL r0x1001
0032   00??           00397         MOVWF   r0x1001
                      00398 ;;      2195 left AOP_REG
                      00399 ;;; /home/sdcc-builder/build/sdcc-build/orig/sdcc/src/pic14/gen.c:1845:unsaveRegisters *{*
                      00400 ;; ***  unsaveRegisters  1847
                      00401 ;;; /home/sdcc-builder/build/sdcc-build/orig/sdcc/src/pic14/gen.c:2316:resultRemat *{*
                      00402 ;;; /home/sdcc-builder/build/sdcc-build/orig/sdcc/src/pic14/gen.c:6759:genIfx *{*
                      00403 ;; ***  genIfx  6760
                      00404 ;;      694 register type nRegs=1
                      00405 ;; ***  pic14_toBoolean  1515
                      00406 ;; >>> /home/sdcc-builder/build/sdcc-build/orig/sdcc/src/pic14/gen.c:1522:pic14_toBoolean
0033   08??           00407         MOVF    r0x1001,W
0034   1D03           00408         BTFSS   STATUS,2
                      00409 ;; >>> /home/sdcc-builder/build/sdcc-build/orig/sdcc/src/pic14/gen.c:6809:genIfx
                      00410 ;; ***  popGetLabel  key=4, label offset 4
0035   2???           00411         GOTO    _00108_DS_
                      00412 ;;; /home/sdcc-builder/build/sdcc-build/orig/sdcc/src/pic14/gen.c:2316:resultRemat *{*
gpasm-1.4.0 #1106 (Oct  6 2014) obj\Debug\Con   6-30-2018  10:59:48         PAGE  9


LOC    OBJECT CODE    LINE  SOURCE TEXT
  VALUE

                      00413 ;;; /home/sdcc-builder/build/sdcc-build/orig/sdcc/src/pic14/gen.c:2316:resultRemat *{*
                      00414 ;;; /home/sdcc-builder/build/sdcc-build/orig/sdcc/src/pic14/gen.c:7120:genCast *{*
                      00415 ;; ***  genCast  7121
                      00416 ;;      613
                      00417 ;;      aopForRemat 392
                      00418 ;;      418: rname ___str_1, val 0, const = 0
                      00419 ;;      694 register type nRegs=3
                      00420 ;;      833: aopGet AOP_PCODE type PO_IMMEDIATE
                      00421 ;;      ___str_1
                      00422 ;;      line = 7129 result AOP_REG=r0x1049, size=3, left -=-, size=0, right AOP_PCODE=___str_1, size=2
                      00423 ;; ***  genCast  7174
                      00424 ;;; /home/sdcc-builder/build/sdcc-build/orig/sdcc/src/pic14/gen.c:1343:mov2w_op *{*
                      00425 ;; >>> /home/sdcc-builder/build/sdcc-build/orig/sdcc/src/pic14/gen.c:1361:mov2w_op
                      00426         .line   30; "Control.c" UART_tx_str("OFF");
0036   30??           00427         MOVLW   high (___str_1 + 0)
                      00428 ;; >>> /home/sdcc-builder/build/sdcc-build/orig/sdcc/src/pic14/gen.c:1393:movwf
                      00429 ;;      1109 rIdx = r0x104A 
0037   00??           00430         MOVWF   r0x1002
                      00431 ;;; /home/sdcc-builder/build/sdcc-build/orig/sdcc/src/pic14/gen.c:1343:mov2w_op *{*
                      00432 ;; >>> /home/sdcc-builder/build/sdcc-build/orig/sdcc/src/pic14/gen.c:1361:mov2w_op
0038   30??           00433         MOVLW   (___str_1 + 0)
                      00434 ;; >>> /home/sdcc-builder/build/sdcc-build/orig/sdcc/src/pic14/gen.c:1393:movwf
                      00435 ;;      1109 rIdx = r0x1049 
0039   00??           00436         MOVWF   r0x1001
                      00437 ;; >>> /home/sdcc-builder/build/sdcc-build/orig/sdcc/src/pic14/gen.c:7234:genCast
003A   3080           00438         MOVLW   0x80
                      00439 ;; >>> /home/sdcc-builder/build/sdcc-build/orig/sdcc/src/pic14/gen.c:1393:movwf
                      00440 ;;      1109 rIdx = r0x104B 
003B   00??           00441         MOVWF   r0x1003
                      00442 ;;; /home/sdcc-builder/build/sdcc-build/orig/sdcc/src/pic14/gen.c:2316:resultRemat *{*
                      00443 ;;; /home/sdcc-builder/build/sdcc-build/orig/sdcc/src/pic14/gen.c:2316:resultRemat *{*
                      00444 ;;; /home/sdcc-builder/build/sdcc-build/orig/sdcc/src/pic14/gen.c:2086:genCall *{*
                      00445 ;; ***  genCall  2088
                      00446 ;;; /home/sdcc-builder/build/sdcc-build/orig/sdcc/src/pic14/gen.c:1801:saveRegisters *{*
                      00447 ;; ***  saveRegisters  1803
                      00448 ;;      694 register type nRegs=3
                      00449 ;;      694 register type nRegs=3
                      00450 ;;      2135 left AOP_REG
                      00451 ;;; /home/sdcc-builder/build/sdcc-build/orig/sdcc/src/pic14/gen.c:1343:mov2w_op *{*
                      00452 ;; ***  mov2w  1381  offset=0
                      00453 ;; >>> /home/sdcc-builder/build/sdcc-build/orig/sdcc/src/pic14/gen.c:1386:mov2w
                      00454 ;;      1109 rIdx = r0x1049 
003C   08??           00455         MOVF    r0x1001,W
                      00456 ;;      2135 left AOP_REG
                      00457 ;; >>> /home/sdcc-builder/build/sdcc-build/orig/sdcc/src/pic14/gen.c:2143:genCall
                      00458 ;; ***  popRegFromIdx,1042  , rIdx=0x7e
003D   00??           00459         MOVWF   STK01
                      00460 ;;; /home/sdcc-builder/build/sdcc-build/orig/sdcc/src/pic14/gen.c:1343:mov2w_op *{*
                      00461 ;; ***  mov2w  1381  offset=1
                      00462 ;; >>> /home/sdcc-builder/build/sdcc-build/orig/sdcc/src/pic14/gen.c:1386:mov2w
                      00463 ;;      1109 rIdx = r0x104A 
003E   08??           00464         MOVF    r0x1002,W
                      00465 ;;      2135 left AOP_REG
gpasm-1.4.0 #1106 (Oct  6 2014) obj\Debug\Con   6-30-2018  10:59:48         PAGE 10


LOC    OBJECT CODE    LINE  SOURCE TEXT
  VALUE

                      00466 ;; >>> /home/sdcc-builder/build/sdcc-build/orig/sdcc/src/pic14/gen.c:2143:genCall
                      00467 ;; ***  popRegFromIdx,1042  , rIdx=0x7f
003F   00??           00468         MOVWF   STK00
                      00469 ;;; /home/sdcc-builder/build/sdcc-build/orig/sdcc/src/pic14/gen.c:1343:mov2w_op *{*
                      00470 ;; ***  mov2w  1381  offset=2
                      00471 ;; >>> /home/sdcc-builder/build/sdcc-build/orig/sdcc/src/pic14/gen.c:1386:mov2w
                      00472 ;;      1109 rIdx = r0x104B 
0040   08??           00473         MOVF    r0x1003,W
                      00474 ;; >>> /home/sdcc-builder/build/sdcc-build/orig/sdcc/src/pic14/gen.c:2173:genCall
0041   ???? ????      00475         PAGESEL _UART_tx_str
                      00476 ;; >>> /home/sdcc-builder/build/sdcc-build/orig/sdcc/src/pic14/gen.c:2175:genCall
0043   2???           00477         CALL    _UART_tx_str
                      00478 ;; >>> /home/sdcc-builder/build/sdcc-build/orig/sdcc/src/pic14/gen.c:2181:genCall
0044   ???? ????      00479         PAGESEL $
                      00480 ;;; /home/sdcc-builder/build/sdcc-build/orig/sdcc/src/pic14/gen.c:1845:unsaveRegisters *{*
                      00481 ;; ***  unsaveRegisters  1847
                      00482 ;;; /home/sdcc-builder/build/sdcc-build/orig/sdcc/src/pic14/gen.c:2316:resultRemat *{*
                      00483 ;;; /home/sdcc-builder/build/sdcc-build/orig/sdcc/src/pic14/gen.c:2778:genGoto *{*
                      00484 ;; >>> /home/sdcc-builder/build/sdcc-build/orig/sdcc/src/pic14/gen.c:2780:genGoto
                      00485 ;; ***  popGetLabel  key=8, label offset 4
0046   2???           00486         GOTO    _00112_DS_
                      00487 ;;; /home/sdcc-builder/build/sdcc-build/orig/sdcc/src/pic14/gen.c:2316:resultRemat *{*
                      00488 ;;; /home/sdcc-builder/build/sdcc-build/orig/sdcc/src/pic14/gen.c:2760:genLabel *{*
                      00489 ;; ***  genLabel  2763
                      00490 ;;; /home/sdcc-builder/build/sdcc-build/orig/sdcc/src/pic14/gen.c:2316:resultRemat *{*
                      00491 ;;; /home/sdcc-builder/build/sdcc-build/orig/sdcc/src/pic14/gen.c:2316:resultRemat *{*
                      00492 ;;; /home/sdcc-builder/build/sdcc-build/orig/sdcc/src/pic14/gen.c:7120:genCast *{*
                      00493 ;; ***  genCast  7121
                      00494 ;;      613
                      00495 ;;      aopForRemat 392
                      00496 ;;      418: rname ___str_2, val 0, const = 0
                      00497 ;;      694 register type nRegs=3
                      00498 ;;      833: aopGet AOP_PCODE type PO_IMMEDIATE
                      00499 ;;      ___str_2
                      00500 ;;      line = 7129 result AOP_REG=r0x1049, size=3, left -=-, size=0, right AOP_PCODE=___str_2, size=2
                      00501 ;; ***  genCast  7174
                      00502 ;;; /home/sdcc-builder/build/sdcc-build/orig/sdcc/src/pic14/gen.c:1343:mov2w_op *{*
                      00503 ;; >>> /home/sdcc-builder/build/sdcc-build/orig/sdcc/src/pic14/gen.c:1361:mov2w_op
0047                  00504 _00108_DS_
                      00505         .line   32; "Control.c" UART_tx_str("ON");
0047   30??           00506         MOVLW   high (___str_2 + 0)
                      00507 ;; >>> /home/sdcc-builder/build/sdcc-build/orig/sdcc/src/pic14/gen.c:1393:movwf
                      00508 ;;      1109 rIdx = r0x104A 
0048   ???? ????      00509         BANKSEL r0x1002
004A   00??           00510         MOVWF   r0x1002
                      00511 ;;; /home/sdcc-builder/build/sdcc-build/orig/sdcc/src/pic14/gen.c:1343:mov2w_op *{*
                      00512 ;; >>> /home/sdcc-builder/build/sdcc-build/orig/sdcc/src/pic14/gen.c:1361:mov2w_op
004B   30??           00513         MOVLW   (___str_2 + 0)
                      00514 ;; >>> /home/sdcc-builder/build/sdcc-build/orig/sdcc/src/pic14/gen.c:1393:movwf
                      00515 ;;      1109 rIdx = r0x1049 
004C   00??           00516         MOVWF   r0x1001
                      00517 ;; >>> /home/sdcc-builder/build/sdcc-build/orig/sdcc/src/pic14/gen.c:7234:genCast
004D   3080           00518         MOVLW   0x80
gpasm-1.4.0 #1106 (Oct  6 2014) obj\Debug\Con   6-30-2018  10:59:48         PAGE 11


LOC    OBJECT CODE    LINE  SOURCE TEXT
  VALUE

                      00519 ;; >>> /home/sdcc-builder/build/sdcc-build/orig/sdcc/src/pic14/gen.c:1393:movwf
                      00520 ;;      1109 rIdx = r0x104B 
004E   00??           00521         MOVWF   r0x1003
                      00522 ;;; /home/sdcc-builder/build/sdcc-build/orig/sdcc/src/pic14/gen.c:2316:resultRemat *{*
                      00523 ;;; /home/sdcc-builder/build/sdcc-build/orig/sdcc/src/pic14/gen.c:2316:resultRemat *{*
                      00524 ;;; /home/sdcc-builder/build/sdcc-build/orig/sdcc/src/pic14/gen.c:2086:genCall *{*
                      00525 ;; ***  genCall  2088
                      00526 ;;; /home/sdcc-builder/build/sdcc-build/orig/sdcc/src/pic14/gen.c:1801:saveRegisters *{*
                      00527 ;; ***  saveRegisters  1803
                      00528 ;;      694 register type nRegs=3
                      00529 ;;      694 register type nRegs=3
                      00530 ;;      2135 left AOP_REG
                      00531 ;;; /home/sdcc-builder/build/sdcc-build/orig/sdcc/src/pic14/gen.c:1343:mov2w_op *{*
                      00532 ;; ***  mov2w  1381  offset=0
                      00533 ;; >>> /home/sdcc-builder/build/sdcc-build/orig/sdcc/src/pic14/gen.c:1386:mov2w
                      00534 ;;      1109 rIdx = r0x1049 
004F   08??           00535         MOVF    r0x1001,W
                      00536 ;;      2135 left AOP_REG
                      00537 ;; >>> /home/sdcc-builder/build/sdcc-build/orig/sdcc/src/pic14/gen.c:2143:genCall
                      00538 ;; ***  popRegFromIdx,1042  , rIdx=0x7e
0050   00??           00539         MOVWF   STK01
                      00540 ;;; /home/sdcc-builder/build/sdcc-build/orig/sdcc/src/pic14/gen.c:1343:mov2w_op *{*
                      00541 ;; ***  mov2w  1381  offset=1
                      00542 ;; >>> /home/sdcc-builder/build/sdcc-build/orig/sdcc/src/pic14/gen.c:1386:mov2w
                      00543 ;;      1109 rIdx = r0x104A 
0051   08??           00544         MOVF    r0x1002,W
                      00545 ;;      2135 left AOP_REG
                      00546 ;; >>> /home/sdcc-builder/build/sdcc-build/orig/sdcc/src/pic14/gen.c:2143:genCall
                      00547 ;; ***  popRegFromIdx,1042  , rIdx=0x7f
0052   00??           00548         MOVWF   STK00
                      00549 ;;; /home/sdcc-builder/build/sdcc-build/orig/sdcc/src/pic14/gen.c:1343:mov2w_op *{*
                      00550 ;; ***  mov2w  1381  offset=2
                      00551 ;; >>> /home/sdcc-builder/build/sdcc-build/orig/sdcc/src/pic14/gen.c:1386:mov2w
                      00552 ;;      1109 rIdx = r0x104B 
0053   08??           00553         MOVF    r0x1003,W
                      00554 ;; >>> /home/sdcc-builder/build/sdcc-build/orig/sdcc/src/pic14/gen.c:2173:genCall
0054   ???? ????      00555         PAGESEL _UART_tx_str
                      00556 ;; >>> /home/sdcc-builder/build/sdcc-build/orig/sdcc/src/pic14/gen.c:2175:genCall
0056   2???           00557         CALL    _UART_tx_str
                      00558 ;; >>> /home/sdcc-builder/build/sdcc-build/orig/sdcc/src/pic14/gen.c:2181:genCall
0057   ???? ????      00559         PAGESEL $
                      00560 ;;; /home/sdcc-builder/build/sdcc-build/orig/sdcc/src/pic14/gen.c:1845:unsaveRegisters *{*
                      00561 ;; ***  unsaveRegisters  1847
                      00562 ;;; /home/sdcc-builder/build/sdcc-build/orig/sdcc/src/pic14/gen.c:2316:resultRemat *{*
                      00563 ;;; /home/sdcc-builder/build/sdcc-build/orig/sdcc/src/pic14/gen.c:2760:genLabel *{*
                      00564 ;; ***  genLabel  2763
                      00565 ;;; /home/sdcc-builder/build/sdcc-build/orig/sdcc/src/pic14/gen.c:2316:resultRemat *{*
                      00566 ;;; /home/sdcc-builder/build/sdcc-build/orig/sdcc/src/pic14/gen.c:2528:genEndFunction *{*
                      00567 ;; ***  genEndFunction  2530
0059                  00568 _00112_DS_
0059   0008           00569         RETURN  
                      00570 ; exit point of _Control
                      00571 ;;; /home/sdcc-builder/build/sdcc-build/orig/sdcc/src/pic14/gen.c:7426:genpic14Code *{*
gpasm-1.4.0 #1106 (Oct  6 2014) obj\Debug\Con   6-30-2018  10:59:48         PAGE 12


LOC    OBJECT CODE    LINE  SOURCE TEXT
  VALUE

                      00572 
                      00573 
                      00574 ;       code size estimation:
                      00575 ;          56+   17 =    73 instructions (  180 byte)
                      00576 
                      00577         end
gpasm-1.4.0 #1106 (Oct  6 2014) obj\Debug\Con   6-30-2018  10:59:48         PAGE 13


SYMBOL TABLE
  LABEL                             VALUE

ACKDT                             00000005
ACKEN                             00000004
ACKSTAT                           00000006
ADCON0                            0000001F
ADCON1                            0000009F
ADCS0                             00000006
ADCS1                             00000007
ADCS2                             00000006
ADDEN                             00000003
ADFM                              00000007
ADIE                              00000006
ADIF                              00000006
ADON                              00000000
ADRESH                            0000001E
ADRESL                            0000009E
BCLIE                             00000003
BCLIF                             00000003
BF                                00000000
BRGH                              00000002
C                                 00000000
C1INV                             00000004
C1OUT                             00000006
C2INV                             00000005
C2OUT                             00000007
CCP1CON                           00000017
CCP1IE                            00000002
CCP1IF                            00000002
CCP1M0                            00000000
CCP1M1                            00000001
CCP1M2                            00000002
CCP1M3                            00000003
CCP1X                             00000005
CCP1Y                             00000004
CCP2CON                           0000001D
CCP2IE                            00000000
CCP2IF                            00000000
CCP2M0                            00000000
CCP2M1                            00000001
CCP2M2                            00000002
CCP2M3                            00000003
CCP2X                             00000005
CCP2Y                             00000004
CCPR1                             00000015
CCPR1H                            00000016
CCPR1L                            00000015
CCPR2                             0000001B
CCPR2H                            0000001C
CCPR2L                            0000001B
CHS0                              00000003
CHS1                              00000004
CHS2                              00000005
CIS                               00000003
CKE                               00000006
gpasm-1.4.0 #1106 (Oct  6 2014) obj\Debug\Con   6-30-2018  10:59:48         PAGE 14


SYMBOL TABLE
  LABEL                             VALUE 

CKP                               00000004
CM0                               00000000
CM1                               00000001
CM2                               00000002
CMCON                             0000009C
CMIE                              00000006
CMIF                              00000006
CREN                              00000004
CSRC                              00000007
CVR0                              00000000
CVR1                              00000001
CVR2                              00000002
CVR3                              00000003
CVRCON                            0000009D
CVREN                             00000007
CVROE                             00000006
CVRR                              00000005
D                                 00000005
DATA_ADDRESS                      00000005
DC                                00000001
D_A                               00000005
D_NOT_A                           00000005
EEADR                             0000010D
EEADRH                            0000010F
EECON1                            0000018C
EECON2                            0000018D
EEDATA                            0000010C
EEDATH                            0000010E
EEIE                              00000004
EEIF                              00000004
EEPGD                             00000007
F                                 00000001
FERR                              00000002
FSR                               00000004
GCEN                              00000007
GIE                               00000007
GO                                00000002
GO_DONE                           00000002
GO_NOT_DONE                       00000002
I2C_DATA                          00000005
I2C_READ                          00000002
I2C_START                         00000003
I2C_STOP                          00000004
IBF                               00000007
IBOV                              00000005
INDF                              00000000
INTCON                            0000000B
INTE                              00000004
INTEDG                            00000006
INTF                              00000001
IRP                               00000007
NOT_A                             00000005
NOT_ADDRESS                       00000005
gpasm-1.4.0 #1106 (Oct  6 2014) obj\Debug\Con   6-30-2018  10:59:48         PAGE 15


SYMBOL TABLE
  LABEL                             VALUE 

NOT_BO                            00000000
NOT_BOR                           00000000
NOT_DONE                          00000002
NOT_PD                            00000003
NOT_POR                           00000001
NOT_RBPU                          00000007
NOT_RC8                           00000006
NOT_T1SYNC                        00000002
NOT_TO                            00000004
NOT_TX8                           00000006
NOT_W                             00000002
NOT_WRITE                         00000002
OBF                               00000006
OERR                              00000001
OPTION_REG                        00000081
P                                 00000004
PCFG0                             00000000
PCFG1                             00000001
PCFG2                             00000002
PCFG3                             00000003
PCL                               00000002
PCLATH                            0000000A
PCON                              0000008E
PEIE                              00000006
PEN                               00000002
PIE1                              0000008C
PIE2                              0000008D
PIR1                              0000000C
PIR2                              0000000D
PORTA                             00000005
PORTB                             00000006
PORTC                             00000007
PORTD                             00000008
PORTE                             00000009
PR2                               00000092
PS0                               00000000
PS1                               00000001
PS2                               00000002
PSA                               00000003
PSAVE                             00000000
PSPIE                             00000007
PSPIF                             00000007
PSPMODE                           00000004
R                                 00000002
RA0                               00000000
RA1                               00000001
RA2                               00000002
RA3                               00000003
RA4                               00000004
RA5                               00000005
RB0                               00000000
RB1                               00000001
RB2                               00000002
gpasm-1.4.0 #1106 (Oct  6 2014) obj\Debug\Con   6-30-2018  10:59:48         PAGE 16


SYMBOL TABLE
  LABEL                             VALUE 

RB3                               00000003
RB4                               00000004
RB5                               00000005
RB6                               00000006
RB7                               00000007
RBIE                              00000003
RBIF                              00000000
RC0                               00000000
RC1                               00000001
RC2                               00000002
RC3                               00000003
RC4                               00000004
RC5                               00000005
RC6                               00000006
RC7                               00000007
RC8_9                             00000006
RC9                               00000006
RCD8                              00000000
RCEN                              00000003
RCIE                              00000005
RCIF                              00000005
RCREG                             0000001A
RCSTA                             00000018
RD                                00000000
RD0                               00000000
RD1                               00000001
RD2                               00000002
RD3                               00000003
RD4                               00000004
RD5                               00000005
RD6                               00000006
RD7                               00000007
RE0                               00000000
RE1                               00000001
RE2                               00000002
READ_WRITE                        00000002
RP0                               00000005
RP1                               00000006
RSEN                              00000001
RX9                               00000006
RX9D                              00000000
R_NOT_W                           00000002
R_W                               00000002
S                                 00000003
SEN                               00000000
SMP                               00000007
SPBRG                             00000099
SPEN                              00000007
SREN                              00000005
SSAVE                             00000000
SSPADD                            00000093
SSPBUF                            00000013
SSPCON                            00000014
gpasm-1.4.0 #1106 (Oct  6 2014) obj\Debug\Con   6-30-2018  10:59:48         PAGE 17


SYMBOL TABLE
  LABEL                             VALUE 

SSPCON2                           00000091
SSPEN                             00000005
SSPIE                             00000003
SSPIF                             00000003
SSPM0                             00000000
SSPM1                             00000001
SSPM2                             00000002
SSPM3                             00000003
SSPOV                             00000006
SSPSTAT                           00000094
STATUS                            00000003
STK00                             00000000
STK01                             00000000
STK02                             00000000
STK03                             00000000
STK04                             00000000
STK05                             00000000
STK06                             00000000
STK07                             00000000
STK08                             00000000
STK09                             00000000
STK10                             00000000
STK11                             00000000
STK12                             00000000
SYNC                              00000004
T0CS                              00000005
T0IE                              00000005
T0IF                              00000002
T0SE                              00000004
T1CKPS0                           00000004
T1CKPS1                           00000005
T1CON                             00000010
T1INSYNC                          00000002
T1OSCEN                           00000003
T1SYNC                            00000002
T2CKPS0                           00000000
T2CKPS1                           00000001
T2CON                             00000012
TMR0                              00000001
TMR0IE                            00000005
TMR0IF                            00000002
TMR1                              0000000E
TMR1CS                            00000001
TMR1H                             0000000F
TMR1IE                            00000000
TMR1IF                            00000000
TMR1L                             0000000E
TMR1ON                            00000000
TMR2                              00000011
TMR2IE                            00000001
TMR2IF                            00000001
TMR2ON                            00000002
TOUTPS0                           00000003
gpasm-1.4.0 #1106 (Oct  6 2014) obj\Debug\Con   6-30-2018  10:59:48         PAGE 18


SYMBOL TABLE
  LABEL                             VALUE 

TOUTPS1                           00000004
TOUTPS2                           00000005
TOUTPS3                           00000006
TRISA                             00000085
TRISA0                            00000000
TRISA1                            00000001
TRISA2                            00000002
TRISA3                            00000003
TRISA4                            00000004
TRISA5                            00000005
TRISB                             00000086
TRISB0                            00000000
TRISB1                            00000001
TRISB2                            00000002
TRISB3                            00000003
TRISB4                            00000004
TRISB5                            00000005
TRISB6                            00000006
TRISB7                            00000007
TRISC                             00000087
TRISC0                            00000000
TRISC1                            00000001
TRISC2                            00000002
TRISC3                            00000003
TRISC4                            00000004
TRISC5                            00000005
TRISC6                            00000006
TRISC7                            00000007
TRISD                             00000088
TRISD0                            00000000
TRISD1                            00000001
TRISD2                            00000002
TRISD3                            00000003
TRISD4                            00000004
TRISD5                            00000005
TRISD6                            00000006
TRISD7                            00000007
TRISE                             00000089
TRISE0                            00000000
TRISE1                            00000001
TRISE2                            00000002
TRMT                              00000001
TX8_9                             00000006
TX9                               00000006
TX9D                              00000000
TXD8                              00000000
TXEN                              00000005
TXIE                              00000004
TXIF                              00000004
TXREG                             00000019
TXSTA                             00000098
UA                                00000001
W                                 00000000
gpasm-1.4.0 #1106 (Oct  6 2014) obj\Debug\Con   6-30-2018  10:59:48         PAGE 19


SYMBOL TABLE
  LABEL                             VALUE 

WCOL                              00000007
WR                                00000001
WREN                              00000002
WRERR                             00000003
WSAVE                             00000000
Z                                 00000002
_00108_DS_                        00000047
_00112_DS_                        00000059
_ADCON0                           00000000
_ADCON0bits                       00000000
_ADCON1                           00000000
_ADCON1bits                       00000000
_ADRESH                           00000000
_ADRESL                           00000000
_BODEN_OFF                        00003FBF
_BODEN_ON                         00003FFF
_BOREN_OFF                        00003FBF
_BOREN_ON                         00003FFF
_CCP1CON                          00000000
_CCP1CONbits                      00000000
_CCP2CON                          00000000
_CCP2CONbits                      00000000
_CCPR1                            00000000
_CCPR1H                           00000000
_CCPR1L                           00000000
_CCPR2                            00000000
_CCPR2H                           00000000
_CCPR2L                           00000000
_CMCON                            00000000
_CMCONbits                        00000000
_CONFIG                           00002007
_CPD_OFF                          00003FFF
_CPD_ON                           00003EFF
_CP_ALL                           00001FFF
_CP_OFF                           00003FFF
_CP_ON                            00001FFF
_CVRCON                           00000000
_CVRCONbits                       00000000
_Control                          00000000
_Control_ctrl_counter_1_18        00000003
_DEBUG_OFF                        00003FFF
_DEBUG_ON                         000037FF
_DEVID1                           00002006
_EEADR                            00000000
_EEADRH                           00000000
_EECON1                           00000000
_EECON1bits                       00000000
_EECON2                           00000000
_EEDATA                           00000000
_EEDATH                           00000000
_FOSC_EXTRC                       00003FFF
_FOSC_HS                          00003FFE
_FOSC_LP                          00003FFC
gpasm-1.4.0 #1106 (Oct  6 2014) obj\Debug\Con   6-30-2018  10:59:48         PAGE 20


SYMBOL TABLE
  LABEL                             VALUE 

_FOSC_XT                          00003FFD
_FSR                              00000000
_HS_OSC                           00003FFE
_IDLOC0                           00002000
_IDLOC1                           00002001
_IDLOC2                           00002002
_IDLOC3                           00002003
_INDF                             00000000
_INTCON                           00000000
_INTCONbits                       00000000
_LED_GetState                     00000000
_LED_Init                         00000000
_LED_Toggle                       00000000
_LP_OSC                           00003FFC
_LVP_OFF                          00003F7F
_LVP_ON                           00003FFF
_OPTION_REG                       00000000
_OPTION_REGbits                   00000000
_PCL                              00000000
_PCLATH                           00000000
_PCON                             00000000
_PCONbits                         00000000
_PIE1                             00000000
_PIE1bits                         00000000
_PIE2                             00000000
_PIE2bits                         00000000
_PIR1                             00000000
_PIR1bits                         00000000
_PIR2                             00000000
_PIR2bits                         00000000
_PORTA                            00000000
_PORTAbits                        00000000
_PORTB                            00000000
_PORTBbits                        00000000
_PORTC                            00000000
_PORTCbits                        00000000
_PORTD                            00000000
_PORTDbits                        00000000
_PORTE                            00000000
_PORTEbits                        00000000
_PR2                              00000000
_PWRTE_OFF                        00003FFF
_PWRTE_ON                         00003FF7
_RCREG                            00000000
_RCSTA                            00000000
_RCSTAbits                        00000000
_RC_OSC                           00003FFF
_SPBRG                            00000000
_SSPADD                           00000000
_SSPBUF                           00000000
_SSPCON                           00000000
_SSPCON2                          00000000
_SSPCON2bits                      00000000
gpasm-1.4.0 #1106 (Oct  6 2014) obj\Debug\Con   6-30-2018  10:59:48         PAGE 21


SYMBOL TABLE
  LABEL                             VALUE 

_SSPCONbits                       00000000
_SSPSTAT                          00000000
_SSPSTATbits                      00000000
_STATUS                           00000000
_STATUSbits                       00000000
_SW_GetState                      00000000
_SW_Init                          00000000
_SW_Update                        00000000
_T1CON                            00000000
_T1CONbits                        00000000
_T2CON                            00000000
_T2CONbits                        00000000
_TMR0                             00000000
_TMR1                             00000000
_TMR1H                            00000000
_TMR1L                            00000000
_TMR2                             00000000
_TMR_CheckOverFlow                00000000
_TMR_Init                         00000000
_TMR_Start                        00000000
_TMR_Stop                         00000000
_TMR_Update                       00000000
_TRISA                            00000000
_TRISAbits                        00000000
_TRISB                            00000000
_TRISBbits                        00000000
_TRISC                            00000000
_TRISCbits                        00000000
_TRISD                            00000000
_TRISDbits                        00000000
_TRISE                            00000000
_TRISEbits                        00000000
_TXREG                            00000000
_TXSTA                            00000000
_TXSTAbits                        00000000
_UART_init                        00000000
_UART_tx                          00000000
_UART_tx_str                      00000000
_WDTE_OFF                         00003FFB
_WDTE_ON                          00003FFF
_WDT_OFF                          00003FFB
_WDT_ON                           00003FFF
_WRT_1FOURTH                      00003BFF
_WRT_256                          00003DFF
_WRT_HALF                         000039FF
_WRT_OFF                          00003FFF
_XT_OSC                           00003FFD
__16F877A                         00000001
__CODE_END                        00001FFF
__CODE_START                      00000000
__COMMON_RAM_END                  0000007F
__COMMON_RAM_START                00000070
__EEPROM_END                      000021FF
gpasm-1.4.0 #1106 (Oct  6 2014) obj\Debug\Con   6-30-2018  10:59:48         PAGE 22


SYMBOL TABLE
  LABEL                             VALUE 

__EEPROM_START                    00002100
__VECTOR_INT                      00000004
__VECTOR_RESET                    00000000
___str_0                          00000000
___str_1                          00000000
___str_2                          00000000
_code_Control_000C                0000000C
_code_Control_0017                00000017
_code_Control_0029                00000029
_code_Control_002E                0000002E
_code_Control_0044                00000044
_code_Control_0057                00000057
_itoa                             00000000
r0x1001                           00000000
r0x1002                           00000001
r0x1003                           00000002

Errors   :     0
Warnings :     0 reported,     0 suppressed
Messages :     0 reported,     0 suppressed

