gpasm-1.4.0 #1106 (Oct  6 2014) obj\Debug\LED   6-30-2018  10:59:48         PAGE  1


LOC    OBJECT CODE    LINE  SOURCE TEXT
  VALUE

                      00001 ;--------------------------------------------------------
                      00002 ; File Created by SDCC : free open source ANSI-C Compiler
                      00003 ; Version 3.5.0 #9253 (Jun 20 2015) (MINGW32)
                      00004 ; This file was generated Sat Jun 30 10:59:48 2018
                      00005 ;--------------------------------------------------------
                      00006 ; PIC port for the 14-bit core
                      00007 ;--------------------------------------------------------
                      00008         .file   "LED.c"
                      00009         list    p=16f877a
                      00010         radix dec
                      00011         include "p16f877a.inc"
                      00001         LIST
                      00002 
                      00003 ;==========================================================================
                      00004 ; Build date : Aug 07 2014
                      00005 ;  MPASM PIC16F877A processor include
                      00006 ; 
                      00007 ;  (c) Copyright 1999-2014 Microchip Technology, All rights reserved
                      00008 ;==========================================================================
                      00009 
                      00567         LIST
                      00012 ;--------------------------------------------------------
                      00013 ; external declarations
                      00014 ;--------------------------------------------------------
  0000                00015         extern  _STATUSbits
  0000                00016         extern  _PORTAbits
  0000                00017         extern  _PORTBbits
  0000                00018         extern  _PORTCbits
  0000                00019         extern  _PORTDbits
  0000                00020         extern  _PORTEbits
  0000                00021         extern  _INTCONbits
  0000                00022         extern  _PIR1bits
  0000                00023         extern  _PIR2bits
  0000                00024         extern  _T1CONbits
  0000                00025         extern  _T2CONbits
  0000                00026         extern  _SSPCONbits
  0000                00027         extern  _CCP1CONbits
  0000                00028         extern  _RCSTAbits
  0000                00029         extern  _CCP2CONbits
  0000                00030         extern  _ADCON0bits
  0000                00031         extern  _OPTION_REGbits
  0000                00032         extern  _TRISAbits
  0000                00033         extern  _TRISBbits
  0000                00034         extern  _TRISCbits
  0000                00035         extern  _TRISDbits
  0000                00036         extern  _TRISEbits
  0000                00037         extern  _PIE1bits
  0000                00038         extern  _PIE2bits
  0000                00039         extern  _PCONbits
  0000                00040         extern  _SSPCON2bits
  0000                00041         extern  _SSPSTATbits
  0000                00042         extern  _TXSTAbits
  0000                00043         extern  _CMCONbits
gpasm-1.4.0 #1106 (Oct  6 2014) obj\Debug\LED   6-30-2018  10:59:48         PAGE  2


LOC    OBJECT CODE    LINE  SOURCE TEXT
  VALUE

  0000                00044         extern  _CVRCONbits
  0000                00045         extern  _ADCON1bits
  0000                00046         extern  _EECON1bits
  0000                00047         extern  _INDF
  0000                00048         extern  _TMR0
  0000                00049         extern  _PCL
  0000                00050         extern  _STATUS
  0000                00051         extern  _FSR
  0000                00052         extern  _PORTA
  0000                00053         extern  _PORTB
  0000                00054         extern  _PORTC
  0000                00055         extern  _PORTD
  0000                00056         extern  _PORTE
  0000                00057         extern  _PCLATH
  0000                00058         extern  _INTCON
  0000                00059         extern  _PIR1
  0000                00060         extern  _PIR2
  0000                00061         extern  _TMR1
  0000                00062         extern  _TMR1L
  0000                00063         extern  _TMR1H
  0000                00064         extern  _T1CON
  0000                00065         extern  _TMR2
  0000                00066         extern  _T2CON
  0000                00067         extern  _SSPBUF
  0000                00068         extern  _SSPCON
  0000                00069         extern  _CCPR1
  0000                00070         extern  _CCPR1L
  0000                00071         extern  _CCPR1H
  0000                00072         extern  _CCP1CON
  0000                00073         extern  _RCSTA
  0000                00074         extern  _TXREG
  0000                00075         extern  _RCREG
  0000                00076         extern  _CCPR2
  0000                00077         extern  _CCPR2L
  0000                00078         extern  _CCPR2H
  0000                00079         extern  _CCP2CON
  0000                00080         extern  _ADRESH
  0000                00081         extern  _ADCON0
  0000                00082         extern  _OPTION_REG
  0000                00083         extern  _TRISA
  0000                00084         extern  _TRISB
  0000                00085         extern  _TRISC
  0000                00086         extern  _TRISD
  0000                00087         extern  _TRISE
  0000                00088         extern  _PIE1
  0000                00089         extern  _PIE2
  0000                00090         extern  _PCON
  0000                00091         extern  _SSPCON2
  0000                00092         extern  _PR2
  0000                00093         extern  _SSPADD
  0000                00094         extern  _SSPSTAT
  0000                00095         extern  _TXSTA
  0000                00096         extern  _SPBRG
gpasm-1.4.0 #1106 (Oct  6 2014) obj\Debug\LED   6-30-2018  10:59:48         PAGE  3


LOC    OBJECT CODE    LINE  SOURCE TEXT
  VALUE

  0000                00097         extern  _CMCON
  0000                00098         extern  _CVRCON
  0000                00099         extern  _ADRESL
  0000                00100         extern  _ADCON1
  0000                00101         extern  _EEDATA
  0000                00102         extern  _EEADR
  0000                00103         extern  _EEDATH
  0000                00104         extern  _EEADRH
  0000                00105         extern  _EECON1
  0000                00106         extern  _EECON2
                      00107 
  0000                00108         extern PSAVE
  0000                00109         extern SSAVE
  0000                00110         extern WSAVE
  0000                00111         extern STK12
  0000                00112         extern STK11
  0000                00113         extern STK10
  0000                00114         extern STK09
  0000                00115         extern STK08
  0000                00116         extern STK07
  0000                00117         extern STK06
  0000                00118         extern STK05
  0000                00119         extern STK04
  0000                00120         extern STK03
  0000                00121         extern STK02
  0000                00122         extern STK01
  0000                00123         extern STK00
                      00124 ;--------------------------------------------------------
                      00125 ; global declarations
                      00126 ;--------------------------------------------------------
  0000                00127         global  _LED_GetState
  0000                00128         global  _LED_Toggle
  0000                00129         global  _LED_Init
  0000                00130         global  _led_state
                      00131 
                      00132 ;--------------------------------------------------------
                      00133 ; global definitions
                      00134 ;--------------------------------------------------------
                      00135 ;--------------------------------------------------------
                      00136 ; absolute symbol definitions
                      00137 ;--------------------------------------------------------
                      00138 ;--------------------------------------------------------
                      00139 ; compiler-defined variables
                      00140 ;--------------------------------------------------------
                      00141 UDL_LED_0       udata
0000                  00142 r0x1002 res     1
0001                  00143 r0x1001 res     1
                      00144 ;--------------------------------------------------------
                      00145 ; initialized data
                      00146 ;--------------------------------------------------------
                      00147 
                      00148 ID_LED_0        idata
0000                  00149 _led_state
gpasm-1.4.0 #1106 (Oct  6 2014) obj\Debug\LED   6-30-2018  10:59:48         PAGE  4


LOC    OBJECT CODE    LINE  SOURCE TEXT
  VALUE

0000   00             00150         db      0x00
                      00151 
                      00152 ;--------------------------------------------------------
                      00153 ; overlayable items in internal ram 
                      00154 ;--------------------------------------------------------
                      00155 ;       udata_ovr
                      00156 ;--------------------------------------------------------
                      00157 ; code
                      00158 ;--------------------------------------------------------
                      00159 code_LED        code
                      00160 ;***
                      00161 ;  pBlock Stats: dbName = C
                      00162 ;***
                      00163 ;entry:  _LED_GetState  ;Function start
                      00164 ; 2 exit points
                      00165 ;has an exit
                      00166 ;; Starting pCode block
                      00167 ;;; /home/sdcc-builder/build/sdcc-build/orig/sdcc/src/pic14/gen.c:2316:resultRemat *{*
                      00168 ;;; /home/sdcc-builder/build/sdcc-build/orig/sdcc/src/pic14/gen.c:2760:genLabel *{*
                      00169 ;; ***  genLabel  2763
                      00170 ;;; /home/sdcc-builder/build/sdcc-build/orig/sdcc/src/pic14/gen.c:2316:resultRemat *{*
                      00171 ;;; /home/sdcc-builder/build/sdcc-build/orig/sdcc/src/pic14/gen.c:2340:genFunction *{*
                      00172 ;; ***  genFunction  2342 curr label offset=8previous max_key=4 
0000                  00173 _LED_GetState   ;Function start
                      00174 ; 2 exit points
                      00175 ;;; /home/sdcc-builder/build/sdcc-build/orig/sdcc/src/pic14/gen.c:2316:resultRemat *{*
                      00176 ;;; /home/sdcc-builder/build/sdcc-build/orig/sdcc/src/pic14/gen.c:2683:genRet *{*
                      00177 ;; ***  genRet  2685
                      00178 ;; ***  aopForSym 315
                      00179 ;;      327 sym->rname = _led_state, size = 1
                      00180 ;;; /home/sdcc-builder/build/sdcc-build/orig/sdcc/src/pic14/gen.c:1343:mov2w_op *{*
                      00181 ;; ***  mov2w  1381  offset=0
                      00182 ;; >>> /home/sdcc-builder/build/sdcc-build/orig/sdcc/src/pic14/gen.c:1386:mov2w
                      00183 ;;      1009
                      00184 ;;      1028  _led_state   offset=0
                      00185         .line   31; "LED.c"     return led_state;
0000   ???? ????      00186         BANKSEL _led_state
0002   08??           00187         MOVF    _led_state,W
                      00188 ;;; /home/sdcc-builder/build/sdcc-build/orig/sdcc/src/pic14/gen.c:2316:resultRemat *{*
                      00189 ;;; /home/sdcc-builder/build/sdcc-build/orig/sdcc/src/pic14/gen.c:2760:genLabel *{*
                      00190 ;; ***  genLabel  2763
                      00191 ;;; /home/sdcc-builder/build/sdcc-build/orig/sdcc/src/pic14/gen.c:2316:resultRemat *{*
                      00192 ;;; /home/sdcc-builder/build/sdcc-build/orig/sdcc/src/pic14/gen.c:2528:genEndFunction *{*
                      00193 ;; ***  genEndFunction  2530
0003   0008           00194         RETURN  
                      00195 ; exit point of _LED_GetState
                      00196 
                      00197 ;***
                      00198 ;  pBlock Stats: dbName = C
                      00199 ;***
                      00200 ;entry:  _LED_Toggle    ;Function start
                      00201 ; 2 exit points
                      00202 ;has an exit
gpasm-1.4.0 #1106 (Oct  6 2014) obj\Debug\LED   6-30-2018  10:59:48         PAGE  5


LOC    OBJECT CODE    LINE  SOURCE TEXT
  VALUE

                      00203 ;1 compiler assigned register :
                      00204 ;   r0x1001
                      00205 ;; Starting pCode block
                      00206 ;;; /home/sdcc-builder/build/sdcc-build/orig/sdcc/src/pic14/gen.c:2316:resultRemat *{*
                      00207 ;;; /home/sdcc-builder/build/sdcc-build/orig/sdcc/src/pic14/gen.c:2760:genLabel *{*
                      00208 ;; ***  genLabel  2763
                      00209 ;;; /home/sdcc-builder/build/sdcc-build/orig/sdcc/src/pic14/gen.c:2316:resultRemat *{*
                      00210 ;;; /home/sdcc-builder/build/sdcc-build/orig/sdcc/src/pic14/gen.c:2340:genFunction *{*
                      00211 ;; ***  genFunction  2342 curr label offset=4previous max_key=0 
0004                  00212 _LED_Toggle     ;Function start
                      00213 ; 2 exit points
                      00214 ;;; /home/sdcc-builder/build/sdcc-build/orig/sdcc/src/pic14/gen.c:2316:resultRemat *{*
                      00215 ;;; /home/sdcc-builder/build/sdcc-build/orig/sdcc/src/pic14/gen.c:6759:genIfx *{*
                      00216 ;; ***  genIfx  6760
                      00217 ;; ***  aopForSym 315
                      00218 ;;      327 sym->rname = _led_state, size = 1
                      00219 ;; ***  pic14_toBoolean  1515
                      00220 ;; >>> /home/sdcc-builder/build/sdcc-build/orig/sdcc/src/pic14/gen.c:1522:pic14_toBoolean
                      00221         .line   17; "LED.c"     if(led_state == LED_OFF)
0004   3000           00222         MOVLW   0x00
                      00223 ;; >>> /home/sdcc-builder/build/sdcc-build/orig/sdcc/src/pic14/gen.c:1533:pic14_toBoolean
                      00224 ;;      1009
                      00225 ;;      1028  _led_state   offset=0
0005   ???? ????      00226         BANKSEL _led_state
0007   04??           00227         IORWF   _led_state,W
                      00228 ;; >>> /home/sdcc-builder/build/sdcc-build/orig/sdcc/src/pic14/gen.c:6808:genIfx
0008   1D03           00229         BTFSS   STATUS,2
                      00230 ;; >>> /home/sdcc-builder/build/sdcc-build/orig/sdcc/src/pic14/gen.c:6809:genIfx
                      00231 ;; ***  popGetLabel  key=2, label offset 8
0009   2???           00232         GOTO    _00110_DS_
                      00233 ;;; /home/sdcc-builder/build/sdcc-build/orig/sdcc/src/pic14/gen.c:2316:resultRemat *{*
                      00234 ;;; /home/sdcc-builder/build/sdcc-build/orig/sdcc/src/pic14/gen.c:7120:genCast *{*
                      00235 ;; ***  genCast  7121
                      00236 ;; ***  aopForSym 315
                      00237 ;;      327 sym->rname = _PORTB, size = 1
                      00238 ;;      694 register type nRegs=1
                      00239 ;;      line = 7129 result AOP_REG=r0x104A, size=1, left -=-, size=0, right AOP_DIR=_PORTB, size=1
                      00240 ;; ***  genCast  7253
                      00241 ;; >>> /home/sdcc-builder/build/sdcc-build/orig/sdcc/src/pic14/gen.c:7277:genCast
                      00242 ;;      1009
                      00243 ;;      1028  _PORTB   offset=0
                      00244         .line   19; "LED.c"     GPIO_WritePortPin(LED_PORT_DR, LED_PIN, LED_ON);
000A   ???? ????      00245         BANKSEL _PORTB
000C   08??           00246         MOVF    _PORTB,W
                      00247 ;; >>> /home/sdcc-builder/build/sdcc-build/orig/sdcc/src/pic14/gen.c:7278:genCast
                      00248 ;;      1109 rIdx = r0x104A 
000D   ???? ????      00249         BANKSEL r0x1001
000F   00??           00250         MOVWF   r0x1001
                      00251 ;;; /home/sdcc-builder/build/sdcc-build/orig/sdcc/src/pic14/gen.c:2316:resultRemat *{*
                      00252 ;;; /home/sdcc-builder/build/sdcc-build/orig/sdcc/src/pic14/gen.c:3919:genAnd *{*
                      00253 ;; ***  genAnd  3920
                      00254 ;;      694 register type nRegs=1
                      00255 ;;      694 register type nRegs=1
gpasm-1.4.0 #1106 (Oct  6 2014) obj\Debug\LED   6-30-2018  10:59:48         PAGE  6


LOC    OBJECT CODE    LINE  SOURCE TEXT
  VALUE

                      00256 ;;      line = 3955 result AOP_REG=r0x104A, size=1, left AOP_REG=r0x104A, size=1, right AOP_LIT=0xfb, si
                            ze=1
                      00257 ;; >>> /home/sdcc-builder/build/sdcc-build/orig/sdcc/src/pic14/gen.c:4122:genAnd
0010   11??           00258         BCF     r0x1001,2
                      00259 ;;; /home/sdcc-builder/build/sdcc-build/orig/sdcc/src/pic14/gen.c:2316:resultRemat *{*
                      00260 ;;; /home/sdcc-builder/build/sdcc-build/orig/sdcc/src/pic14/gen.c:4220:genOr *{*
                      00261 ;; ***  genOr  4221
                      00262 ;;      694 register type nRegs=1
                      00263 ;; ***  aopForSym 315
                      00264 ;;      327 sym->rname = _PORTB, size = 1
                      00265 ;;      line = 4227 result AOP_DIR=_PORTB, size=1, left AOP_REG=r0x104A, size=1, right AOP_LIT=0x04, siz
                            e=1
                      00266 ;;      line = 4253 result AOP_DIR=_PORTB, size=1, left AOP_REG=r0x104A, size=1, right AOP_LIT=0x04, siz
                            e=1
                      00267 ;; >>> /home/sdcc-builder/build/sdcc-build/orig/sdcc/src/pic14/gen.c:4470:genOr
0011   3004           00268         MOVLW   0x04
                      00269 ;; >>> /home/sdcc-builder/build/sdcc-build/orig/sdcc/src/pic14/gen.c:4471:genOr
                      00270 ;;      1109 rIdx = r0x104A 
0012   04??           00271         IORWF   r0x1001,W
                      00272 ;; >>> /home/sdcc-builder/build/sdcc-build/orig/sdcc/src/pic14/gen.c:4472:genOr
                      00273 ;;      1009
                      00274 ;;      1028  _PORTB   offset=0
0013   ???? ????      00275         BANKSEL _PORTB
0015   00??           00276         MOVWF   _PORTB
                      00277 ;;; /home/sdcc-builder/build/sdcc-build/orig/sdcc/src/pic14/gen.c:2316:resultRemat *{*
                      00278 ;;; /home/sdcc-builder/build/sdcc-build/orig/sdcc/src/pic14/gen.c:6927:genAssign *{*
                      00279 ;; ***  genAssign  6928
                      00280 ;; ***  aopForSym 315
                      00281 ;;      327 sym->rname = _led_state, size = 1
                      00282 ;;      line = 6937 result AOP_DIR=_led_state, size=1, left -=-, size=0, right AOP_LIT=0x01, size=1
                      00283 ;; ***  genAssign  7023
                      00284 ;; >>> /home/sdcc-builder/build/sdcc-build/orig/sdcc/src/pic14/gen.c:7030:genAssign
                      00285         .line   20; "LED.c"     led_state = LED_ON;
0016   3001           00286         MOVLW   0x01
                      00287 ;; >>> /home/sdcc-builder/build/sdcc-build/orig/sdcc/src/pic14/gen.c:7032:genAssign
                      00288 ;;      1009
                      00289 ;;      1028  _led_state   offset=0
0017   ???? ????      00290         BANKSEL _led_state
0019   00??           00291         MOVWF   _led_state
                      00292 ;;; /home/sdcc-builder/build/sdcc-build/orig/sdcc/src/pic14/gen.c:2316:resultRemat *{*
                      00293 ;;; /home/sdcc-builder/build/sdcc-build/orig/sdcc/src/pic14/gen.c:2778:genGoto *{*
                      00294 ;; >>> /home/sdcc-builder/build/sdcc-build/orig/sdcc/src/pic14/gen.c:2780:genGoto
                      00295 ;; ***  popGetLabel  key=4, label offset 8
001A   2???           00296         GOTO    _00112_DS_
                      00297 ;;; /home/sdcc-builder/build/sdcc-build/orig/sdcc/src/pic14/gen.c:2316:resultRemat *{*
                      00298 ;;; /home/sdcc-builder/build/sdcc-build/orig/sdcc/src/pic14/gen.c:2760:genLabel *{*
                      00299 ;; ***  genLabel  2763
                      00300 ;;; /home/sdcc-builder/build/sdcc-build/orig/sdcc/src/pic14/gen.c:2316:resultRemat *{*
                      00301 ;;; /home/sdcc-builder/build/sdcc-build/orig/sdcc/src/pic14/gen.c:7120:genCast *{*
                      00302 ;; ***  genCast  7121
                      00303 ;; ***  aopForSym 315
                      00304 ;;      327 sym->rname = _PORTB, size = 1
                      00305 ;;      694 register type nRegs=1
gpasm-1.4.0 #1106 (Oct  6 2014) obj\Debug\LED   6-30-2018  10:59:48         PAGE  7


LOC    OBJECT CODE    LINE  SOURCE TEXT
  VALUE

                      00306 ;;      line = 7129 result AOP_REG=r0x104A, size=1, left -=-, size=0, right AOP_DIR=_PORTB, size=1
                      00307 ;; ***  genCast  7253
                      00308 ;; >>> /home/sdcc-builder/build/sdcc-build/orig/sdcc/src/pic14/gen.c:7277:genCast
                      00309 ;;      1009
                      00310 ;;      1028  _PORTB   offset=0
001B                  00311 _00110_DS_
                      00312         .line   24; "LED.c"     GPIO_WritePortPin(LED_PORT_DR, LED_PIN, LED_OFF);
001B   ???? ????      00313         BANKSEL _PORTB
001D   08??           00314         MOVF    _PORTB,W
                      00315 ;; >>> /home/sdcc-builder/build/sdcc-build/orig/sdcc/src/pic14/gen.c:7278:genCast
                      00316 ;;      1109 rIdx = r0x104A 
001E   ???? ????      00317         BANKSEL r0x1001
0020   00??           00318         MOVWF   r0x1001
                      00319 ;;; /home/sdcc-builder/build/sdcc-build/orig/sdcc/src/pic14/gen.c:2316:resultRemat *{*
                      00320 ;;; /home/sdcc-builder/build/sdcc-build/orig/sdcc/src/pic14/gen.c:3919:genAnd *{*
                      00321 ;; ***  genAnd  3920
                      00322 ;;      694 register type nRegs=1
                      00323 ;; ***  aopForSym 315
                      00324 ;;      327 sym->rname = _PORTB, size = 1
                      00325 ;;      line = 3955 result AOP_DIR=_PORTB, size=1, left AOP_REG=r0x104A, size=1, right AOP_LIT=0xfb, siz
                            e=1
                      00326 ;; >>> /home/sdcc-builder/build/sdcc-build/orig/sdcc/src/pic14/gen.c:4190:genAnd
0021   30FB           00327         MOVLW   0xfb
                      00328 ;; >>> /home/sdcc-builder/build/sdcc-build/orig/sdcc/src/pic14/gen.c:4191:genAnd
                      00329 ;;      1109 rIdx = r0x104A 
0022   05??           00330         ANDWF   r0x1001,W
                      00331 ;; >>> /home/sdcc-builder/build/sdcc-build/orig/sdcc/src/pic14/gen.c:4192:genAnd
                      00332 ;;      1009
                      00333 ;;      1028  _PORTB   offset=0
0023   ???? ????      00334         BANKSEL _PORTB
0025   00??           00335         MOVWF   _PORTB
                      00336 ;;; /home/sdcc-builder/build/sdcc-build/orig/sdcc/src/pic14/gen.c:2316:resultRemat *{*
                      00337 ;;; /home/sdcc-builder/build/sdcc-build/orig/sdcc/src/pic14/gen.c:6927:genAssign *{*
                      00338 ;; ***  genAssign  6928
                      00339 ;; ***  aopForSym 315
                      00340 ;;      327 sym->rname = _led_state, size = 1
                      00341 ;;      line = 6937 result AOP_DIR=_led_state, size=1, left -=-, size=0, right AOP_LIT=0x00, size=1
                      00342 ;; ***  genAssign  7023
                      00343 ;; >>> /home/sdcc-builder/build/sdcc-build/orig/sdcc/src/pic14/gen.c:7035:genAssign
                      00344 ;;      1009
                      00345 ;;      1028  _led_state   offset=0
                      00346         .line   25; "LED.c"     led_state = LED_OFF;
0026   ???? ????      00347         BANKSEL _led_state
0028   01??           00348         CLRF    _led_state
                      00349 ;;; /home/sdcc-builder/build/sdcc-build/orig/sdcc/src/pic14/gen.c:2316:resultRemat *{*
                      00350 ;;; /home/sdcc-builder/build/sdcc-build/orig/sdcc/src/pic14/gen.c:2760:genLabel *{*
                      00351 ;; ***  genLabel  2763
                      00352 ;;; /home/sdcc-builder/build/sdcc-build/orig/sdcc/src/pic14/gen.c:2316:resultRemat *{*
                      00353 ;;; /home/sdcc-builder/build/sdcc-build/orig/sdcc/src/pic14/gen.c:2528:genEndFunction *{*
                      00354 ;; ***  genEndFunction  2530
0029                  00355 _00112_DS_
0029   0008           00356         RETURN  
                      00357 ; exit point of _LED_Toggle
gpasm-1.4.0 #1106 (Oct  6 2014) obj\Debug\LED   6-30-2018  10:59:48         PAGE  8


LOC    OBJECT CODE    LINE  SOURCE TEXT
  VALUE

                      00358 ;;; /home/sdcc-builder/build/sdcc-build/orig/sdcc/src/pic14/gen.c:7426:genpic14Code *{*
                      00359 
                      00360 ;***
                      00361 ;  pBlock Stats: dbName = C
                      00362 ;***
                      00363 ;entry:  _LED_Init      ;Function start
                      00364 ; 2 exit points
                      00365 ;has an exit
                      00366 ;1 compiler assigned register :
                      00367 ;   r0x1002
                      00368 ;; Starting pCode block
                      00369 ;;; /home/sdcc-builder/build/sdcc-build/orig/sdcc/src/pic14/gen.c:2316:resultRemat *{*
                      00370 ;;; /home/sdcc-builder/build/sdcc-build/orig/sdcc/src/pic14/gen.c:2760:genLabel *{*
                      00371 ;; ***  genLabel  2763
                      00372 ;;; /home/sdcc-builder/build/sdcc-build/orig/sdcc/src/pic14/gen.c:2316:resultRemat *{*
                      00373 ;;; /home/sdcc-builder/build/sdcc-build/orig/sdcc/src/pic14/gen.c:2340:genFunction *{*
                      00374 ;; ***  genFunction  2342 curr label offset=0previous max_key=0 
002A                  00375 _LED_Init       ;Function start
                      00376 ; 2 exit points
                      00377 ;;; /home/sdcc-builder/build/sdcc-build/orig/sdcc/src/pic14/gen.c:2316:resultRemat *{*
                      00378 ;;; /home/sdcc-builder/build/sdcc-build/orig/sdcc/src/pic14/gen.c:7120:genCast *{*
                      00379 ;; ***  genCast  7121
                      00380 ;; ***  aopForSym 315
                      00381 ;;      327 sym->rname = _TRISB, size = 1
                      00382 ;;      694 register type nRegs=1
                      00383 ;;      line = 7129 result AOP_REG=r0x1048, size=1, left -=-, size=0, right AOP_DIR=_TRISB, size=1
                      00384 ;; ***  genCast  7253
                      00385 ;; >>> /home/sdcc-builder/build/sdcc-build/orig/sdcc/src/pic14/gen.c:7277:genCast
                      00386 ;;      1009
                      00387 ;;      1028  _TRISB   offset=0
                      00388         .line   11; "LED.c"     GPIO_InitPortPin(LED_PORT_CR, LED_PIN, GPIO_OUT);
002A   ???? ????      00389         BANKSEL _TRISB
002C   08??           00390         MOVF    _TRISB,W
                      00391 ;; >>> /home/sdcc-builder/build/sdcc-build/orig/sdcc/src/pic14/gen.c:7278:genCast
                      00392 ;;      1109 rIdx = r0x1048 
002D   ???? ????      00393         BANKSEL r0x1002
002F   00??           00394         MOVWF   r0x1002
                      00395 ;;; /home/sdcc-builder/build/sdcc-build/orig/sdcc/src/pic14/gen.c:2316:resultRemat *{*
                      00396 ;;; /home/sdcc-builder/build/sdcc-build/orig/sdcc/src/pic14/gen.c:3919:genAnd *{*
                      00397 ;; ***  genAnd  3920
                      00398 ;;      694 register type nRegs=1
                      00399 ;; ***  aopForSym 315
                      00400 ;;      327 sym->rname = _TRISB, size = 1
                      00401 ;;      line = 3955 result AOP_DIR=_TRISB, size=1, left AOP_REG=r0x1048, size=1, right AOP_LIT=0xfb, siz
                            e=1
                      00402 ;; >>> /home/sdcc-builder/build/sdcc-build/orig/sdcc/src/pic14/gen.c:4190:genAnd
0030   30FB           00403         MOVLW   0xfb
                      00404 ;; >>> /home/sdcc-builder/build/sdcc-build/orig/sdcc/src/pic14/gen.c:4191:genAnd
                      00405 ;;      1109 rIdx = r0x1048 
0031   05??           00406         ANDWF   r0x1002,W
                      00407 ;; >>> /home/sdcc-builder/build/sdcc-build/orig/sdcc/src/pic14/gen.c:4192:genAnd
                      00408 ;;      1009
                      00409 ;;      1028  _TRISB   offset=0
gpasm-1.4.0 #1106 (Oct  6 2014) obj\Debug\LED   6-30-2018  10:59:48         PAGE  9


LOC    OBJECT CODE    LINE  SOURCE TEXT
  VALUE

0032   ???? ????      00410         BANKSEL _TRISB
0034   00??           00411         MOVWF   _TRISB
                      00412 ;;; /home/sdcc-builder/build/sdcc-build/orig/sdcc/src/pic14/gen.c:2316:resultRemat *{*
                      00413 ;;; /home/sdcc-builder/build/sdcc-build/orig/sdcc/src/pic14/gen.c:7120:genCast *{*
                      00414 ;; ***  genCast  7121
                      00415 ;; ***  aopForSym 315
                      00416 ;;      327 sym->rname = _PORTB, size = 1
                      00417 ;;      694 register type nRegs=1
                      00418 ;;      line = 7129 result AOP_REG=r0x1048, size=1, left -=-, size=0, right AOP_DIR=_PORTB, size=1
                      00419 ;; ***  genCast  7253
                      00420 ;; >>> /home/sdcc-builder/build/sdcc-build/orig/sdcc/src/pic14/gen.c:7277:genCast
                      00421 ;;      1009
                      00422 ;;      1028  _PORTB   offset=0
                      00423         .line   12; "LED.c"     GPIO_WritePortPin(LED_PORT_DR, LED_PIN, LED_OFF);
0035   ???? ????      00424         BANKSEL _PORTB
0037   08??           00425         MOVF    _PORTB,W
                      00426 ;; >>> /home/sdcc-builder/build/sdcc-build/orig/sdcc/src/pic14/gen.c:7278:genCast
                      00427 ;;      1109 rIdx = r0x1048 
0038   ???? ????      00428         BANKSEL r0x1002
003A   00??           00429         MOVWF   r0x1002
                      00430 ;;; /home/sdcc-builder/build/sdcc-build/orig/sdcc/src/pic14/gen.c:2316:resultRemat *{*
                      00431 ;;; /home/sdcc-builder/build/sdcc-build/orig/sdcc/src/pic14/gen.c:3919:genAnd *{*
                      00432 ;; ***  genAnd  3920
                      00433 ;;      694 register type nRegs=1
                      00434 ;; ***  aopForSym 315
                      00435 ;;      327 sym->rname = _PORTB, size = 1
                      00436 ;;      line = 3955 result AOP_DIR=_PORTB, size=1, left AOP_REG=r0x1048, size=1, right AOP_LIT=0xfb, siz
                            e=1
                      00437 ;; >>> /home/sdcc-builder/build/sdcc-build/orig/sdcc/src/pic14/gen.c:4190:genAnd
003B   30FB           00438         MOVLW   0xfb
                      00439 ;; >>> /home/sdcc-builder/build/sdcc-build/orig/sdcc/src/pic14/gen.c:4191:genAnd
                      00440 ;;      1109 rIdx = r0x1048 
003C   05??           00441         ANDWF   r0x1002,W
                      00442 ;; >>> /home/sdcc-builder/build/sdcc-build/orig/sdcc/src/pic14/gen.c:4192:genAnd
                      00443 ;;      1009
                      00444 ;;      1028  _PORTB   offset=0
003D   ???? ????      00445         BANKSEL _PORTB
003F   00??           00446         MOVWF   _PORTB
                      00447 ;;; /home/sdcc-builder/build/sdcc-build/orig/sdcc/src/pic14/gen.c:2316:resultRemat *{*
                      00448 ;;; /home/sdcc-builder/build/sdcc-build/orig/sdcc/src/pic14/gen.c:2760:genLabel *{*
                      00449 ;; ***  genLabel  2763
                      00450 ;;; /home/sdcc-builder/build/sdcc-build/orig/sdcc/src/pic14/gen.c:2316:resultRemat *{*
                      00451 ;;; /home/sdcc-builder/build/sdcc-build/orig/sdcc/src/pic14/gen.c:2528:genEndFunction *{*
                      00452 ;; ***  genEndFunction  2530
0040   0008           00453         RETURN  
                      00454 ; exit point of _LED_Init
                      00455 ;;; /home/sdcc-builder/build/sdcc-build/orig/sdcc/src/pic14/gen.c:7426:genpic14Code *{*
                      00456 
                      00457 
                      00458 ;       code size estimation:
                      00459 ;          33+   16 =    49 instructions (  130 byte)
                      00460 
                      00461         end
gpasm-1.4.0 #1106 (Oct  6 2014) obj\Debug\LED   6-30-2018  10:59:48         PAGE 10


SYMBOL TABLE
  LABEL                             VALUE

ACKDT                             00000005
ACKEN                             00000004
ACKSTAT                           00000006
ADCON0                            0000001F
ADCON1                            0000009F
ADCS0                             00000006
ADCS1                             00000007
ADCS2                             00000006
ADDEN                             00000003
ADFM                              00000007
ADIE                              00000006
ADIF                              00000006
ADON                              00000000
ADRESH                            0000001E
ADRESL                            0000009E
BCLIE                             00000003
BCLIF                             00000003
BF                                00000000
BRGH                              00000002
C                                 00000000
C1INV                             00000004
C1OUT                             00000006
C2INV                             00000005
C2OUT                             00000007
CCP1CON                           00000017
CCP1IE                            00000002
CCP1IF                            00000002
CCP1M0                            00000000
CCP1M1                            00000001
CCP1M2                            00000002
CCP1M3                            00000003
CCP1X                             00000005
CCP1Y                             00000004
CCP2CON                           0000001D
CCP2IE                            00000000
CCP2IF                            00000000
CCP2M0                            00000000
CCP2M1                            00000001
CCP2M2                            00000002
CCP2M3                            00000003
CCP2X                             00000005
CCP2Y                             00000004
CCPR1                             00000015
CCPR1H                            00000016
CCPR1L                            00000015
CCPR2                             0000001B
CCPR2H                            0000001C
CCPR2L                            0000001B
CHS0                              00000003
CHS1                              00000004
CHS2                              00000005
CIS                               00000003
CKE                               00000006
gpasm-1.4.0 #1106 (Oct  6 2014) obj\Debug\LED   6-30-2018  10:59:48         PAGE 11


SYMBOL TABLE
  LABEL                             VALUE 

CKP                               00000004
CM0                               00000000
CM1                               00000001
CM2                               00000002
CMCON                             0000009C
CMIE                              00000006
CMIF                              00000006
CREN                              00000004
CSRC                              00000007
CVR0                              00000000
CVR1                              00000001
CVR2                              00000002
CVR3                              00000003
CVRCON                            0000009D
CVREN                             00000007
CVROE                             00000006
CVRR                              00000005
D                                 00000005
DATA_ADDRESS                      00000005
DC                                00000001
D_A                               00000005
D_NOT_A                           00000005
EEADR                             0000010D
EEADRH                            0000010F
EECON1                            0000018C
EECON2                            0000018D
EEDATA                            0000010C
EEDATH                            0000010E
EEIE                              00000004
EEIF                              00000004
EEPGD                             00000007
F                                 00000001
FERR                              00000002
FSR                               00000004
GCEN                              00000007
GIE                               00000007
GO                                00000002
GO_DONE                           00000002
GO_NOT_DONE                       00000002
I2C_DATA                          00000005
I2C_READ                          00000002
I2C_START                         00000003
I2C_STOP                          00000004
IBF                               00000007
IBOV                              00000005
INDF                              00000000
INTCON                            0000000B
INTE                              00000004
INTEDG                            00000006
INTF                              00000001
IRP                               00000007
NOT_A                             00000005
NOT_ADDRESS                       00000005
gpasm-1.4.0 #1106 (Oct  6 2014) obj\Debug\LED   6-30-2018  10:59:48         PAGE 12


SYMBOL TABLE
  LABEL                             VALUE 

NOT_BO                            00000000
NOT_BOR                           00000000
NOT_DONE                          00000002
NOT_PD                            00000003
NOT_POR                           00000001
NOT_RBPU                          00000007
NOT_RC8                           00000006
NOT_T1SYNC                        00000002
NOT_TO                            00000004
NOT_TX8                           00000006
NOT_W                             00000002
NOT_WRITE                         00000002
OBF                               00000006
OERR                              00000001
OPTION_REG                        00000081
P                                 00000004
PCFG0                             00000000
PCFG1                             00000001
PCFG2                             00000002
PCFG3                             00000003
PCL                               00000002
PCLATH                            0000000A
PCON                              0000008E
PEIE                              00000006
PEN                               00000002
PIE1                              0000008C
PIE2                              0000008D
PIR1                              0000000C
PIR2                              0000000D
PORTA                             00000005
PORTB                             00000006
PORTC                             00000007
PORTD                             00000008
PORTE                             00000009
PR2                               00000092
PS0                               00000000
PS1                               00000001
PS2                               00000002
PSA                               00000003
PSAVE                             00000000
PSPIE                             00000007
PSPIF                             00000007
PSPMODE                           00000004
R                                 00000002
RA0                               00000000
RA1                               00000001
RA2                               00000002
RA3                               00000003
RA4                               00000004
RA5                               00000005
RB0                               00000000
RB1                               00000001
RB2                               00000002
gpasm-1.4.0 #1106 (Oct  6 2014) obj\Debug\LED   6-30-2018  10:59:48         PAGE 13


SYMBOL TABLE
  LABEL                             VALUE 

RB3                               00000003
RB4                               00000004
RB5                               00000005
RB6                               00000006
RB7                               00000007
RBIE                              00000003
RBIF                              00000000
RC0                               00000000
RC1                               00000001
RC2                               00000002
RC3                               00000003
RC4                               00000004
RC5                               00000005
RC6                               00000006
RC7                               00000007
RC8_9                             00000006
RC9                               00000006
RCD8                              00000000
RCEN                              00000003
RCIE                              00000005
RCIF                              00000005
RCREG                             0000001A
RCSTA                             00000018
RD                                00000000
RD0                               00000000
RD1                               00000001
RD2                               00000002
RD3                               00000003
RD4                               00000004
RD5                               00000005
RD6                               00000006
RD7                               00000007
RE0                               00000000
RE1                               00000001
RE2                               00000002
READ_WRITE                        00000002
RP0                               00000005
RP1                               00000006
RSEN                              00000001
RX9                               00000006
RX9D                              00000000
R_NOT_W                           00000002
R_W                               00000002
S                                 00000003
SEN                               00000000
SMP                               00000007
SPBRG                             00000099
SPEN                              00000007
SREN                              00000005
SSAVE                             00000000
SSPADD                            00000093
SSPBUF                            00000013
SSPCON                            00000014
gpasm-1.4.0 #1106 (Oct  6 2014) obj\Debug\LED   6-30-2018  10:59:48         PAGE 14


SYMBOL TABLE
  LABEL                             VALUE 

SSPCON2                           00000091
SSPEN                             00000005
SSPIE                             00000003
SSPIF                             00000003
SSPM0                             00000000
SSPM1                             00000001
SSPM2                             00000002
SSPM3                             00000003
SSPOV                             00000006
SSPSTAT                           00000094
STATUS                            00000003
STK00                             00000000
STK01                             00000000
STK02                             00000000
STK03                             00000000
STK04                             00000000
STK05                             00000000
STK06                             00000000
STK07                             00000000
STK08                             00000000
STK09                             00000000
STK10                             00000000
STK11                             00000000
STK12                             00000000
SYNC                              00000004
T0CS                              00000005
T0IE                              00000005
T0IF                              00000002
T0SE                              00000004
T1CKPS0                           00000004
T1CKPS1                           00000005
T1CON                             00000010
T1INSYNC                          00000002
T1OSCEN                           00000003
T1SYNC                            00000002
T2CKPS0                           00000000
T2CKPS1                           00000001
T2CON                             00000012
TMR0                              00000001
TMR0IE                            00000005
TMR0IF                            00000002
TMR1                              0000000E
TMR1CS                            00000001
TMR1H                             0000000F
TMR1IE                            00000000
TMR1IF                            00000000
TMR1L                             0000000E
TMR1ON                            00000000
TMR2                              00000011
TMR2IE                            00000001
TMR2IF                            00000001
TMR2ON                            00000002
TOUTPS0                           00000003
gpasm-1.4.0 #1106 (Oct  6 2014) obj\Debug\LED   6-30-2018  10:59:48         PAGE 15


SYMBOL TABLE
  LABEL                             VALUE 

TOUTPS1                           00000004
TOUTPS2                           00000005
TOUTPS3                           00000006
TRISA                             00000085
TRISA0                            00000000
TRISA1                            00000001
TRISA2                            00000002
TRISA3                            00000003
TRISA4                            00000004
TRISA5                            00000005
TRISB                             00000086
TRISB0                            00000000
TRISB1                            00000001
TRISB2                            00000002
TRISB3                            00000003
TRISB4                            00000004
TRISB5                            00000005
TRISB6                            00000006
TRISB7                            00000007
TRISC                             00000087
TRISC0                            00000000
TRISC1                            00000001
TRISC2                            00000002
TRISC3                            00000003
TRISC4                            00000004
TRISC5                            00000005
TRISC6                            00000006
TRISC7                            00000007
TRISD                             00000088
TRISD0                            00000000
TRISD1                            00000001
TRISD2                            00000002
TRISD3                            00000003
TRISD4                            00000004
TRISD5                            00000005
TRISD6                            00000006
TRISD7                            00000007
TRISE                             00000089
TRISE0                            00000000
TRISE1                            00000001
TRISE2                            00000002
TRMT                              00000001
TX8_9                             00000006
TX9                               00000006
TX9D                              00000000
TXD8                              00000000
TXEN                              00000005
TXIE                              00000004
TXIF                              00000004
TXREG                             00000019
TXSTA                             00000098
UA                                00000001
W                                 00000000
gpasm-1.4.0 #1106 (Oct  6 2014) obj\Debug\LED   6-30-2018  10:59:48         PAGE 16


SYMBOL TABLE
  LABEL                             VALUE 

WCOL                              00000007
WR                                00000001
WREN                              00000002
WRERR                             00000003
WSAVE                             00000000
Z                                 00000002
_00110_DS_                        0000001B
_00112_DS_                        00000029
_ADCON0                           00000000
_ADCON0bits                       00000000
_ADCON1                           00000000
_ADCON1bits                       00000000
_ADRESH                           00000000
_ADRESL                           00000000
_BODEN_OFF                        00003FBF
_BODEN_ON                         00003FFF
_BOREN_OFF                        00003FBF
_BOREN_ON                         00003FFF
_CCP1CON                          00000000
_CCP1CONbits                      00000000
_CCP2CON                          00000000
_CCP2CONbits                      00000000
_CCPR1                            00000000
_CCPR1H                           00000000
_CCPR1L                           00000000
_CCPR2                            00000000
_CCPR2H                           00000000
_CCPR2L                           00000000
_CMCON                            00000000
_CMCONbits                        00000000
_CONFIG                           00002007
_CPD_OFF                          00003FFF
_CPD_ON                           00003EFF
_CP_ALL                           00001FFF
_CP_OFF                           00003FFF
_CP_ON                            00001FFF
_CVRCON                           00000000
_CVRCONbits                       00000000
_DEBUG_OFF                        00003FFF
_DEBUG_ON                         000037FF
_DEVID1                           00002006
_EEADR                            00000000
_EEADRH                           00000000
_EECON1                           00000000
_EECON1bits                       00000000
_EECON2                           00000000
_EEDATA                           00000000
_EEDATH                           00000000
_FOSC_EXTRC                       00003FFF
_FOSC_HS                          00003FFE
_FOSC_LP                          00003FFC
_FOSC_XT                          00003FFD
_FSR                              00000000
gpasm-1.4.0 #1106 (Oct  6 2014) obj\Debug\LED   6-30-2018  10:59:48         PAGE 17


SYMBOL TABLE
  LABEL                             VALUE 

_HS_OSC                           00003FFE
_IDLOC0                           00002000
_IDLOC1                           00002001
_IDLOC2                           00002002
_IDLOC3                           00002003
_INDF                             00000000
_INTCON                           00000000
_INTCONbits                       00000000
_LED_GetState                     00000000
_LED_Init                         0000002A
_LED_Toggle                       00000004
_LP_OSC                           00003FFC
_LVP_OFF                          00003F7F
_LVP_ON                           00003FFF
_OPTION_REG                       00000000
_OPTION_REGbits                   00000000
_PCL                              00000000
_PCLATH                           00000000
_PCON                             00000000
_PCONbits                         00000000
_PIE1                             00000000
_PIE1bits                         00000000
_PIE2                             00000000
_PIE2bits                         00000000
_PIR1                             00000000
_PIR1bits                         00000000
_PIR2                             00000000
_PIR2bits                         00000000
_PORTA                            00000000
_PORTAbits                        00000000
_PORTB                            00000000
_PORTBbits                        00000000
_PORTC                            00000000
_PORTCbits                        00000000
_PORTD                            00000000
_PORTDbits                        00000000
_PORTE                            00000000
_PORTEbits                        00000000
_PR2                              00000000
_PWRTE_OFF                        00003FFF
_PWRTE_ON                         00003FF7
_RCREG                            00000000
_RCSTA                            00000000
_RCSTAbits                        00000000
_RC_OSC                           00003FFF
_SPBRG                            00000000
_SSPADD                           00000000
_SSPBUF                           00000000
_SSPCON                           00000000
_SSPCON2                          00000000
_SSPCON2bits                      00000000
_SSPCONbits                       00000000
_SSPSTAT                          00000000
gpasm-1.4.0 #1106 (Oct  6 2014) obj\Debug\LED   6-30-2018  10:59:48         PAGE 18


SYMBOL TABLE
  LABEL                             VALUE 

_SSPSTATbits                      00000000
_STATUS                           00000000
_STATUSbits                       00000000
_T1CON                            00000000
_T1CONbits                        00000000
_T2CON                            00000000
_T2CONbits                        00000000
_TMR0                             00000000
_TMR1                             00000000
_TMR1H                            00000000
_TMR1L                            00000000
_TMR2                             00000000
_TRISA                            00000000
_TRISAbits                        00000000
_TRISB                            00000000
_TRISBbits                        00000000
_TRISC                            00000000
_TRISCbits                        00000000
_TRISD                            00000000
_TRISDbits                        00000000
_TRISE                            00000000
_TRISEbits                        00000000
_TXREG                            00000000
_TXSTA                            00000000
_TXSTAbits                        00000000
_WDTE_OFF                         00003FFB
_WDTE_ON                          00003FFF
_WDT_OFF                          00003FFB
_WDT_ON                           00003FFF
_WRT_1FOURTH                      00003BFF
_WRT_256                          00003DFF
_WRT_HALF                         000039FF
_WRT_OFF                          00003FFF
_XT_OSC                           00003FFD
__16F877A                         00000001
__CODE_END                        00001FFF
__CODE_START                      00000000
__COMMON_RAM_END                  0000007F
__COMMON_RAM_START                00000070
__EEPROM_END                      000021FF
__EEPROM_START                    00002100
__VECTOR_INT                      00000004
__VECTOR_RESET                    00000000
_led_state                        00000000
r0x1001                           00000001
r0x1002                           00000000

Errors   :     0
Warnings :     0 reported,     0 suppressed
Messages :     0 reported,     0 suppressed

