gpasm-1.4.0 #1106 (Oct  6 2014) obj\Debug\SW.   6-30-2018  10:59:49         PAGE  1


LOC    OBJECT CODE    LINE  SOURCE TEXT
  VALUE

                      00001 ;--------------------------------------------------------
                      00002 ; File Created by SDCC : free open source ANSI-C Compiler
                      00003 ; Version 3.5.0 #9253 (Jun 20 2015) (MINGW32)
                      00004 ; This file was generated Sat Jun 30 10:59:49 2018
                      00005 ;--------------------------------------------------------
                      00006 ; PIC port for the 14-bit core
                      00007 ;--------------------------------------------------------
                      00008         .file   "SW.c"
                      00009         list    p=16f877a
                      00010         radix dec
                      00011         include "p16f877a.inc"
                      00001         LIST
                      00002 
                      00003 ;==========================================================================
                      00004 ; Build date : Aug 07 2014
                      00005 ;  MPASM PIC16F877A processor include
                      00006 ; 
                      00007 ;  (c) Copyright 1999-2014 Microchip Technology, All rights reserved
                      00008 ;==========================================================================
                      00009 
                      00567         LIST
                      00012 ;--------------------------------------------------------
                      00013 ; external declarations
                      00014 ;--------------------------------------------------------
  0000                00015         extern  _TMR_Init
  0000                00016         extern  _TMR_Start
  0000                00017         extern  _TMR_CheckOverFlow
  0000                00018         extern  _TMR_Stop
  0000                00019         extern  _TMR_Update
  0000                00020         extern  _STATUSbits
  0000                00021         extern  _PORTAbits
  0000                00022         extern  _PORTBbits
  0000                00023         extern  _PORTCbits
  0000                00024         extern  _PORTDbits
  0000                00025         extern  _PORTEbits
  0000                00026         extern  _INTCONbits
  0000                00027         extern  _PIR1bits
  0000                00028         extern  _PIR2bits
  0000                00029         extern  _T1CONbits
  0000                00030         extern  _T2CONbits
  0000                00031         extern  _SSPCONbits
  0000                00032         extern  _CCP1CONbits
  0000                00033         extern  _RCSTAbits
  0000                00034         extern  _CCP2CONbits
  0000                00035         extern  _ADCON0bits
  0000                00036         extern  _OPTION_REGbits
  0000                00037         extern  _TRISAbits
  0000                00038         extern  _TRISBbits
  0000                00039         extern  _TRISCbits
  0000                00040         extern  _TRISDbits
  0000                00041         extern  _TRISEbits
  0000                00042         extern  _PIE1bits
  0000                00043         extern  _PIE2bits
gpasm-1.4.0 #1106 (Oct  6 2014) obj\Debug\SW.   6-30-2018  10:59:49         PAGE  2


LOC    OBJECT CODE    LINE  SOURCE TEXT
  VALUE

  0000                00044         extern  _PCONbits
  0000                00045         extern  _SSPCON2bits
  0000                00046         extern  _SSPSTATbits
  0000                00047         extern  _TXSTAbits
  0000                00048         extern  _CMCONbits
  0000                00049         extern  _CVRCONbits
  0000                00050         extern  _ADCON1bits
  0000                00051         extern  _EECON1bits
  0000                00052         extern  _INDF
  0000                00053         extern  _TMR0
  0000                00054         extern  _PCL
  0000                00055         extern  _STATUS
  0000                00056         extern  _FSR
  0000                00057         extern  _PORTA
  0000                00058         extern  _PORTB
  0000                00059         extern  _PORTC
  0000                00060         extern  _PORTD
  0000                00061         extern  _PORTE
  0000                00062         extern  _PCLATH
  0000                00063         extern  _INTCON
  0000                00064         extern  _PIR1
  0000                00065         extern  _PIR2
  0000                00066         extern  _TMR1
  0000                00067         extern  _TMR1L
  0000                00068         extern  _TMR1H
  0000                00069         extern  _T1CON
  0000                00070         extern  _TMR2
  0000                00071         extern  _T2CON
  0000                00072         extern  _SSPBUF
  0000                00073         extern  _SSPCON
  0000                00074         extern  _CCPR1
  0000                00075         extern  _CCPR1L
  0000                00076         extern  _CCPR1H
  0000                00077         extern  _CCP1CON
  0000                00078         extern  _RCSTA
  0000                00079         extern  _TXREG
  0000                00080         extern  _RCREG
  0000                00081         extern  _CCPR2
  0000                00082         extern  _CCPR2L
  0000                00083         extern  _CCPR2H
  0000                00084         extern  _CCP2CON
  0000                00085         extern  _ADRESH
  0000                00086         extern  _ADCON0
  0000                00087         extern  _OPTION_REG
  0000                00088         extern  _TRISA
  0000                00089         extern  _TRISB
  0000                00090         extern  _TRISC
  0000                00091         extern  _TRISD
  0000                00092         extern  _TRISE
  0000                00093         extern  _PIE1
  0000                00094         extern  _PIE2
  0000                00095         extern  _PCON
  0000                00096         extern  _SSPCON2
gpasm-1.4.0 #1106 (Oct  6 2014) obj\Debug\SW.   6-30-2018  10:59:49         PAGE  3


LOC    OBJECT CODE    LINE  SOURCE TEXT
  VALUE

  0000                00097         extern  _PR2
  0000                00098         extern  _SSPADD
  0000                00099         extern  _SSPSTAT
  0000                00100         extern  _TXSTA
  0000                00101         extern  _SPBRG
  0000                00102         extern  _CMCON
  0000                00103         extern  _CVRCON
  0000                00104         extern  _ADRESL
  0000                00105         extern  _ADCON1
  0000                00106         extern  _EEDATA
  0000                00107         extern  _EEADR
  0000                00108         extern  _EEDATH
  0000                00109         extern  _EEADRH
  0000                00110         extern  _EECON1
  0000                00111         extern  _EECON2
                      00112 
  0000                00113         extern PSAVE
  0000                00114         extern SSAVE
  0000                00115         extern WSAVE
  0000                00116         extern STK12
  0000                00117         extern STK11
  0000                00118         extern STK10
  0000                00119         extern STK09
  0000                00120         extern STK08
  0000                00121         extern STK07
  0000                00122         extern STK06
  0000                00123         extern STK05
  0000                00124         extern STK04
  0000                00125         extern STK03
  0000                00126         extern STK02
  0000                00127         extern STK01
  0000                00128         extern STK00
                      00129 ;--------------------------------------------------------
                      00130 ; global declarations
                      00131 ;--------------------------------------------------------
  0000                00132         global  _SW_GetState
  0000                00133         global  _SW_Update
  0000                00134         global  _SW_Init
                      00135 
                      00136 ;--------------------------------------------------------
                      00137 ; global definitions
                      00138 ;--------------------------------------------------------
                      00139 ;--------------------------------------------------------
                      00140 ; absolute symbol definitions
                      00141 ;--------------------------------------------------------
                      00142 ;--------------------------------------------------------
                      00143 ; compiler-defined variables
                      00144 ;--------------------------------------------------------
                      00145 UDL_SW_0        udata
0000                  00146 r0x1008 res     1
0001                  00147 r0x1006 res     1
0002                  00148 _sw_infos       res     4
0006                  00149 _SW_Update_sw_counter_1_12      res     1
gpasm-1.4.0 #1106 (Oct  6 2014) obj\Debug\SW.   6-30-2018  10:59:49         PAGE  4


LOC    OBJECT CODE    LINE  SOURCE TEXT
  VALUE

                      00150 ;--------------------------------------------------------
                      00151 ; initialized data
                      00152 ;--------------------------------------------------------
                      00153 ;--------------------------------------------------------
                      00154 ; overlayable items in internal ram 
                      00155 ;--------------------------------------------------------
                      00156 ;       udata_ovr
                      00157 ;--------------------------------------------------------
                      00158 ; code
                      00159 ;--------------------------------------------------------
                      00160 code_SW code
                      00161 ;***
                      00162 ;  pBlock Stats: dbName = C
                      00163 ;***
                      00164 ;entry:  _SW_GetState   ;Function start
                      00165 ; 2 exit points
                      00166 ;has an exit
                      00167 ;1 compiler assigned register :
                      00168 ;   r0x1005
                      00169 ;; Starting pCode block
                      00170 ;;; /home/sdcc-builder/build/sdcc-build/orig/sdcc/src/pic14/gen.c:2316:resultRemat *{*
                      00171 ;;; /home/sdcc-builder/build/sdcc-build/orig/sdcc/src/pic14/gen.c:2760:genLabel *{*
                      00172 ;; ***  genLabel  2763
                      00173 ;;; /home/sdcc-builder/build/sdcc-build/orig/sdcc/src/pic14/gen.c:2316:resultRemat *{*
                      00174 ;;; /home/sdcc-builder/build/sdcc-build/orig/sdcc/src/pic14/gen.c:2340:genFunction *{*
                      00175 ;; ***  genFunction  2342 curr label offset=8previous max_key=55 
0000                  00176 _SW_GetState    ;Function start
                      00177 ; 2 exit points
                      00178 ;;; /home/sdcc-builder/build/sdcc-build/orig/sdcc/src/pic14/gen.c:2316:resultRemat *{*
                      00179 ;;; /home/sdcc-builder/build/sdcc-build/orig/sdcc/src/pic14/gen.c:2316:resultRemat *{*
                      00180 ;;; /home/sdcc-builder/build/sdcc-build/orig/sdcc/src/pic14/gen.c:6162:genPointerGet *{*
                      00181 ;; ***  genPointerGet  6163
                      00182 ;;; /home/sdcc-builder/build/sdcc-build/orig/sdcc/src/pic14/gen.c:5944:genNearPointerGet *{*
                      00183 ;; ***  genNearPointerGet  5945
                      00184 ;;      613
                      00185 ;;      aopForRemat 392
                      00186 ;;      418: rname _sw_infos, val 0, const = 0
                      00187 ;;; /home/sdcc-builder/build/sdcc-build/orig/sdcc/src/pic14/gen.c:5898:genDataPointerGet *{*
                      00188 ;; ***  genDataPointerGet  5899
                      00189 ;;      694 register type nRegs=1
                      00190 ;;      833: aopGet AOP_PCODE type PO_IMMEDIATE
                      00191 ;;      _sw_infos
                      00192 ;;      line = 5911 result AOP_REG=r0x104E, size=1, left AOP_PCODE=_sw_infos, size=2, right -=-, size=0
                      00193 ;; >>> /home/sdcc-builder/build/sdcc-build/orig/sdcc/src/pic14/gen.c:5922:genDataPointerGet
                      00194 ;;      popGet AOP_PCODE (PO_IMMEDIATE + 0) 1130 _sw_infos
                      00195         .line   97; "SW.c"      return sw_infos.state;
0000   ???? ????      00196         BANKSEL _sw_infos
0002   08??           00197         MOVF    (_sw_infos + 0),W
                      00198 ;;1     MOVWF   r0x1005
0003   0008           00199         RETURN  
                      00200 ; exit point of _SW_GetState
                      00201 
                      00202 ;***
gpasm-1.4.0 #1106 (Oct  6 2014) obj\Debug\SW.   6-30-2018  10:59:49         PAGE  5


LOC    OBJECT CODE    LINE  SOURCE TEXT
  VALUE

                      00203 ;  pBlock Stats: dbName = C
                      00204 ;***
                      00205 ;entry:  _SW_Update     ;Function start
                      00206 ; 0 exit points
                      00207 ;2 compiler assigned registers:
                      00208 ;   r0x1006
                      00209 ;   r0x1007
                      00210 ;; Starting pCode block
                      00211 ;;; /home/sdcc-builder/build/sdcc-build/orig/sdcc/src/pic14/gen.c:2316:resultRemat *{*
                      00212 ;;; /home/sdcc-builder/build/sdcc-build/orig/sdcc/src/pic14/gen.c:2760:genLabel *{*
                      00213 ;; ***  genLabel  2763
                      00214 ;;; /home/sdcc-builder/build/sdcc-build/orig/sdcc/src/pic14/gen.c:2316:resultRemat *{*
                      00215 ;;; /home/sdcc-builder/build/sdcc-build/orig/sdcc/src/pic14/gen.c:2340:genFunction *{*
                      00216 ;; ***  genFunction  2342 curr label offset=4previous max_key=0 
0004                  00217 _SW_Update      ;Function start
                      00218 ; 0 exit points
                      00219 ;;; /home/sdcc-builder/build/sdcc-build/orig/sdcc/src/pic14/gen.c:2316:resultRemat *{*
                      00220 ;; ***  genPlus  611
                      00221 ;;; /home/sdcc-builder/build/sdcc-build/orig/sdcc/src/pic14/genarith.c:612:genPlus *{*
                      00222 ;; ***  aopForSym 315
                      00223 ;;      327 sym->rname = _SW_Update_sw_counter_1_12, size = 1
                      00224 ;;      575
                      00225 ;;      line = 618 result AOP_DIR=_SW_Update_sw_counter_1_12, size=1, left AOP_DIR=_SW_Update_sw_counter
                            _1_12, size=1, right AOP_LIT=0x32, size=1
                      00226 ;;; /home/sdcc-builder/build/sdcc-build/orig/sdcc/src/pic14/genarith.c:142:genPlusIncr *{*
                      00227 ;; ***  genPlusIncr  144
                      00228 ;;      result AOP_DIR, left AOP_DIR, right AOP_LIT
                      00229 ;;      genPlusIncr  156
                      00230 ;;      adding lit to something. size 1
                      00231 ;;; /home/sdcc-builder/build/sdcc-build/orig/sdcc/src/pic14/genarith.c:269:genAddLit *{*
                      00232 ;; ***  genAddLit  270
                      00233 ;;; /home/sdcc-builder/build/sdcc-build/orig/sdcc/src/pic14/genarith.c:233:genAddLit2byte *{*
                      00234 ;; >>> /home/sdcc-builder/build/sdcc-build/orig/sdcc/src/pic14/genarith.c:245:genAddLit2byte
                      00235         .line   49; "SW.c"      sw_counter += TMR_TICK_MS;
0004   3032           00236         MOVLW   0x32
                      00237 ;; >>> /home/sdcc-builder/build/sdcc-build/orig/sdcc/src/pic14/genarith.c:246:genAddLit2byte
                      00238 ;;      1009
                      00239 ;;      1028  _SW_Update_sw_counter_1_12   offset=0
0005   ???? ????      00240         BANKSEL _SW_Update_sw_counter_1_12
0007   07??           00241         ADDWF   _SW_Update_sw_counter_1_12,F
                      00242 ;; ***  addSign  861
                      00243 ;;; /home/sdcc-builder/build/sdcc-build/orig/sdcc/src/pic14/genarith.c:862:addSign *{*
                      00244 ;;; /home/sdcc-builder/build/sdcc-build/orig/sdcc/src/pic14/gen.c:2316:resultRemat *{*
                      00245 ;;; /home/sdcc-builder/build/sdcc-build/orig/sdcc/src/pic14/gen.c:3619:genCmpEq *{*
                      00246 ;; ***  genCmpEq  3620
                      00247 ;; ifx is non-null
                      00248 ;; ***  aopForSym 315
                      00249 ;;      327 sym->rname = _SW_Update_sw_counter_1_12, size = 1
                      00250 ;;      line = 3631 result AOP_CRY=0x00, size=0, left AOP_DIR=_SW_Update_sw_counter_1_12, size=1, right 
                            AOP_LIT=0x32, size=1
                      00251 ;; ***  mov2w  1381  offset=0
                      00252 ;; >>> /home/sdcc-builder/build/sdcc-build/orig/sdcc/src/pic14/gen.c:1386:mov2w
                      00253 ;;      1009
gpasm-1.4.0 #1106 (Oct  6 2014) obj\Debug\SW.   6-30-2018  10:59:49         PAGE  6


LOC    OBJECT CODE    LINE  SOURCE TEXT
  VALUE

                      00254 ;;      1028  _SW_Update_sw_counter_1_12   offset=0
                      00255         .line   50; "SW.c"      if(sw_counter != SWITCH_PREIOD)
0008   08??           00256         MOVF    _SW_Update_sw_counter_1_12,W
                      00257 ;; >>> /home/sdcc-builder/build/sdcc-build/orig/sdcc/src/pic14/gen.c:3685:genCmpEq
                      00258         .line   52; "SW.c"      return;
0009   3A32           00259         XORLW   0x32
                      00260         .line   54; "SW.c"      sw_counter = 0;
000A   1D03           00261         BTFSS   STATUS,2
000B   2???           00262         GOTO    _00002_DS_
000C   01??           00263         CLRF    _SW_Update_sw_counter_1_12
                      00264         .line   56; "SW.c"      sw_infos.samples[0] = sw_infos.samples[1];
000D   ???? ????      00265         BANKSEL _sw_infos
000F   08??           00266         MOVF    (_sw_infos + 2),W
0010   ???? ????      00267         BANKSEL r0x1006
0012   00??           00268         MOVWF   r0x1006
0013   ???? ????      00269         BANKSEL _sw_infos
0015   00??           00270         MOVWF   (_sw_infos + 1)
                      00271 ;;; /home/sdcc-builder/build/sdcc-build/orig/sdcc/src/pic14/gen.c:2316:resultRemat *{*
                      00272 ;;; /home/sdcc-builder/build/sdcc-build/orig/sdcc/src/pic14/gen.c:2316:resultRemat *{*
                      00273 ;;; /home/sdcc-builder/build/sdcc-build/orig/sdcc/src/pic14/gen.c:6162:genPointerGet *{*
                      00274 ;; ***  genPointerGet  6163
                      00275 ;;; /home/sdcc-builder/build/sdcc-build/orig/sdcc/src/pic14/gen.c:5944:genNearPointerGet *{*
                      00276 ;; ***  genNearPointerGet  5945
                      00277 ;;      613
                      00278 ;;      aopForRemat 392
                      00279 ;;      418: rname _sw_infos, val 3, const = 0
                      00280 ;;; /home/sdcc-builder/build/sdcc-build/orig/sdcc/src/pic14/gen.c:5898:genDataPointerGet *{*
                      00281 ;; ***  genDataPointerGet  5899
                      00282 ;;      694 register type nRegs=1
                      00283 ;;      833: aopGet AOP_PCODE type PO_IMMEDIATE
                      00284 ;;      _sw_infos offset 3
                      00285 ;;      line = 5911 result AOP_REG=r0x104B, size=1, left AOP_PCODE=(_sw_infos+3), size=2, right -=-, siz
                            e=0
                      00286 ;; >>> /home/sdcc-builder/build/sdcc-build/orig/sdcc/src/pic14/gen.c:5922:genDataPointerGet
                      00287 ;;      popGet AOP_PCODE (PO_IMMEDIATE + 0) 1130 _sw_infos
                      00288         .line   57; "SW.c"      sw_infos.samples[1] = sw_infos.samples[2];
0016   08??           00289         MOVF    (_sw_infos + 3),W
0017   ???? ????      00290         BANKSEL r0x1006
0019   00??           00291         MOVWF   r0x1006
001A   ???? ????      00292         BANKSEL _sw_infos
001C   00??           00293         MOVWF   (_sw_infos + 2)
                      00294 ;;; /home/sdcc-builder/build/sdcc-build/orig/sdcc/src/pic14/gen.c:2316:resultRemat *{*
                      00295 ;;; /home/sdcc-builder/build/sdcc-build/orig/sdcc/src/pic14/gen.c:3919:genAnd *{*
                      00296 ;; ***  genAnd  3920
                      00297 ;; ***  aopForSym 315
                      00298 ;;      327 sym->rname = _PORTB, size = 1
                      00299 ;;      694 register type nRegs=1
                      00300 ;;      line = 3955 result AOP_REG=r0x104B, size=1, left AOP_DIR=_PORTB, size=1, right AOP_LIT=0x02, siz
                            e=1
                      00301 ;; >>> /home/sdcc-builder/build/sdcc-build/orig/sdcc/src/pic14/gen.c:4190:genAnd
                      00302         .line   58; "SW.c"      sw_infos.samples[2] = GPIO_ReadPortPin(SW_PORT_DR, SW_PIN);
001D   3002           00303         MOVLW   0x02
                      00304 ;; >>> /home/sdcc-builder/build/sdcc-build/orig/sdcc/src/pic14/gen.c:4191:genAnd
gpasm-1.4.0 #1106 (Oct  6 2014) obj\Debug\SW.   6-30-2018  10:59:49         PAGE  7


LOC    OBJECT CODE    LINE  SOURCE TEXT
  VALUE

                      00305 ;;      1009
                      00306 ;;      1024  _PORTB   offset=0 - had to alloc by reg name
001E   ???? ????      00307         BANKSEL _PORTB
0020   05??           00308         ANDWF   _PORTB,W
                      00309 ;; >>> /home/sdcc-builder/build/sdcc-build/orig/sdcc/src/pic14/gen.c:4192:genAnd
                      00310 ;;      1109 rIdx = r0x104B 
0021   ???? ????      00311         BANKSEL r0x1006
0023   00??           00312         MOVWF   r0x1006
                      00313 ;;; /home/sdcc-builder/build/sdcc-build/orig/sdcc/src/pic14/gen.c:2316:resultRemat *{*
                      00314 ;;; /home/sdcc-builder/build/sdcc-build/orig/sdcc/src/pic14/gen.c:5418:genGenericShift *{*
                      00315 ;; ***  genGenericShift  5421
                      00316 ;;      694 register type nRegs=1
                      00317 ;;      694 register type nRegs=1
                      00318 ;;shiftRight_Left2ResultLit:5273: shCount=1, size=1, sign=0, same=0, offr=0
                      00319 ;; >>> /home/sdcc-builder/build/sdcc-build/orig/sdcc/src/pic14/gen.c:5283:shiftRight_Left2ResultLit
0024   1003           00320         BCF     STATUS,0
                      00321 ;; >>> /home/sdcc-builder/build/sdcc-build/orig/sdcc/src/pic14/gen.c:5297:shiftRight_Left2ResultLit
                      00322 ;;      1109 rIdx = r0x104B 
0025   0C??           00323         RRF     r0x1006,W
                      00324 ;; >>> /home/sdcc-builder/build/sdcc-build/orig/sdcc/src/pic14/gen.c:5298:shiftRight_Left2ResultLit
                      00325 ;;      1109 rIdx = r0x104C 
                      00326 ;;1     MOVWF   r0x1007
0026   ???? ????      00327         BANKSEL _sw_infos
0028   00??           00328         MOVWF   (_sw_infos + 3)
                      00329 ;;; /home/sdcc-builder/build/sdcc-build/orig/sdcc/src/pic14/gen.c:2316:resultRemat *{*
                      00330 ;;; /home/sdcc-builder/build/sdcc-build/orig/sdcc/src/pic14/gen.c:6162:genPointerGet *{*
                      00331 ;; ***  genPointerGet  6163
                      00332 ;;; /home/sdcc-builder/build/sdcc-build/orig/sdcc/src/pic14/gen.c:5944:genNearPointerGet *{*
                      00333 ;; ***  genNearPointerGet  5945
                      00334 ;;      613
                      00335 ;;      aopForRemat 392
                      00336 ;;      418: rname _sw_infos, val 0, const = 0
                      00337 ;;; /home/sdcc-builder/build/sdcc-build/orig/sdcc/src/pic14/gen.c:5898:genDataPointerGet *{*
                      00338 ;; ***  genDataPointerGet  5899
                      00339 ;;      694 register type nRegs=1
                      00340 ;;      833: aopGet AOP_PCODE type PO_IMMEDIATE
                      00341 ;;      _sw_infos
                      00342 ;;      line = 5911 result AOP_REG=r0x104B, size=1, left AOP_PCODE=_sw_infos, size=2, right -=-, size=0
                      00343 ;; >>> /home/sdcc-builder/build/sdcc-build/orig/sdcc/src/pic14/gen.c:5922:genDataPointerGet
                      00344 ;;      popGet AOP_PCODE (PO_IMMEDIATE + 0) 1130 _sw_infos
                      00345         .line   59; "SW.c"      switch(sw_infos.state)
0029   08??           00346         MOVF    (_sw_infos + 0),W
                      00347 ;; >>> /home/sdcc-builder/build/sdcc-build/orig/sdcc/src/pic14/gen.c:5923:genDataPointerGet
                      00348 ;;      1109 rIdx = r0x104B 
002A   ???? ????      00349         BANKSEL r0x1006
002C   00??           00350         MOVWF   r0x1006
                      00351 ;;; /home/sdcc-builder/build/sdcc-build/orig/sdcc/src/pic14/gen.c:2316:resultRemat *{*
                      00352 ;;; /home/sdcc-builder/build/sdcc-build/orig/sdcc/src/pic14/gen.c:3547:genCmpGt *{*
                      00353 ;; ***  genCmpGt  3548
                      00354 ;;      694 register type nRegs=1
                      00355 ;;; /home/sdcc-builder/build/sdcc-build/orig/sdcc/src/pic14/gen.c:3294:genCmp *{*
                      00356 ;;swapping arguments (AOP_TYPEs 1/2)
                      00357 ;;unsigned compare: left >= lit(0x4=4), size=1
gpasm-1.4.0 #1106 (Oct  6 2014) obj\Debug\SW.   6-30-2018  10:59:49         PAGE  8


LOC    OBJECT CODE    LINE  SOURCE TEXT
  VALUE

                      00358 ;; >>> /home/sdcc-builder/build/sdcc-build/orig/sdcc/src/pic14/gen.c:3265:pic14_mov2w_regOrLit
002D   3004           00359         MOVLW   0x04
                      00360 ;; >>> /home/sdcc-builder/build/sdcc-build/orig/sdcc/src/pic14/gen.c:3432:genCmp
                      00361 ;;      1109 rIdx = r0x104B 
002E   02??           00362         SUBWF   r0x1006,W
                      00363 ;;; /home/sdcc-builder/build/sdcc-build/orig/sdcc/src/pic14/gen.c:3237:genSkipc *{*
                      00364 ;; >>> /home/sdcc-builder/build/sdcc-build/orig/sdcc/src/pic14/gen.c:3242:genSkipc
002F   1803           00365         BTFSC   STATUS,0
                      00366 ;; >>> /home/sdcc-builder/build/sdcc-build/orig/sdcc/src/pic14/gen.c:3246:genSkipc
                      00367 ;; ***  popGetLabel  key=21, label offset 8
0030   2???           00368         GOTO    _00002_DS_
                      00369 ;;genSkipc:3247: created from rifx:027A5E04
                      00370 ;;; /home/sdcc-builder/build/sdcc-build/orig/sdcc/src/pic14/gen.c:2316:resultRemat *{*
                      00371 ;;; /home/sdcc-builder/build/sdcc-build/orig/sdcc/src/pic14/gen.c:2316:resultRemat *{*
                      00372 ;;; /home/sdcc-builder/build/sdcc-build/orig/sdcc/src/pic14/gen.c:7071:genJumpTab *{*
                      00373 ;; ***  genJumpTab  7072
                      00374 ;;      694 register type nRegs=1
                      00375 ;; >>> /home/sdcc-builder/build/sdcc-build/orig/sdcc/src/pic14/gen.c:7087:genJumpTab
                      00376 ;; ***  popGetLabel  key=55, label offset 8
0031   30??           00377         MOVLW   HIGH(_00163_DS_)
                      00378 ;; >>> /home/sdcc-builder/build/sdcc-build/orig/sdcc/src/pic14/gen.c:7088:genJumpTab
0032   1283 1303      00379         BANKSEL PCLATH
0034   008A           00380         MOVWF   PCLATH
                      00381 ;; >>> /home/sdcc-builder/build/sdcc-build/orig/sdcc/src/pic14/gen.c:7089:genJumpTab
                      00382 ;; ***  popGetLabel  key=55, label offset 8
0035   30??           00383         MOVLW   _00163_DS_
                      00384 ;; >>> /home/sdcc-builder/build/sdcc-build/orig/sdcc/src/pic14/gen.c:7090:genJumpTab
                      00385 ;;      1109 rIdx = r0x104B 
0036   ???? ????      00386         BANKSEL r0x1006
0038   07??           00387         ADDWF   r0x1006,W
                      00388 ;; >>> /home/sdcc-builder/build/sdcc-build/orig/sdcc/src/pic14/gen.c:7091:genJumpTab
0039   1C03           00389         BTFSS   STATUS,0
003A   2???           00390         GOTO    _00001_DS_
                      00391 ;; >>> /home/sdcc-builder/build/sdcc-build/orig/sdcc/src/pic14/gen.c:7092:genJumpTab
003B   1283 1303      00392         BANKSEL PCLATH
003D   0A8A           00393         INCF    PCLATH,F
                      00394 ;; >>> /home/sdcc-builder/build/sdcc-build/orig/sdcc/src/pic14/gen.c:7093:genJumpTab
003E                  00395 _00001_DS_
003E   0082           00396         MOVWF   PCL
                      00397 ;; >>> /home/sdcc-builder/build/sdcc-build/orig/sdcc/src/pic14/gen.c:7102:genJumpTab
                      00398 ;; ***  popGetLabel  key=3, label offset 8
003F                  00399 _00163_DS_
003F   2???           00400         GOTO    _00111_DS_
                      00401 ;; >>> /home/sdcc-builder/build/sdcc-build/orig/sdcc/src/pic14/gen.c:7102:genJumpTab
                      00402 ;; ***  popGetLabel  key=7, label offset 8
0040   2???           00403         GOTO    _00115_DS_
                      00404 ;; >>> /home/sdcc-builder/build/sdcc-build/orig/sdcc/src/pic14/gen.c:7102:genJumpTab
                      00405 ;; ***  popGetLabel  key=11, label offset 8
0041   2???           00406         GOTO    _00119_DS_
                      00407 ;; >>> /home/sdcc-builder/build/sdcc-build/orig/sdcc/src/pic14/gen.c:7102:genJumpTab
                      00408 ;; ***  popGetLabel  key=15, label offset 8
0042   2???           00409         GOTO    _00123_DS_
                      00410 ;;; /home/sdcc-builder/build/sdcc-build/orig/sdcc/src/pic14/gen.c:2316:resultRemat *{*
gpasm-1.4.0 #1106 (Oct  6 2014) obj\Debug\SW.   6-30-2018  10:59:49         PAGE  9


LOC    OBJECT CODE    LINE  SOURCE TEXT
  VALUE

                      00411 ;;; /home/sdcc-builder/build/sdcc-build/orig/sdcc/src/pic14/gen.c:2760:genLabel *{*
                      00412 ;; ***  genLabel  2763
                      00413 ;;; /home/sdcc-builder/build/sdcc-build/orig/sdcc/src/pic14/gen.c:2316:resultRemat *{*
                      00414 ;;; /home/sdcc-builder/build/sdcc-build/orig/sdcc/src/pic14/gen.c:6162:genPointerGet *{*
                      00415 ;; ***  genPointerGet  6163
                      00416 ;;; /home/sdcc-builder/build/sdcc-build/orig/sdcc/src/pic14/gen.c:5944:genNearPointerGet *{*
                      00417 ;; ***  genNearPointerGet  5945
                      00418 ;;      613
                      00419 ;;      aopForRemat 392
                      00420 ;;      418: rname _sw_infos, val 3, const = 0
                      00421 ;;; /home/sdcc-builder/build/sdcc-build/orig/sdcc/src/pic14/gen.c:5898:genDataPointerGet *{*
                      00422 ;; ***  genDataPointerGet  5899
                      00423 ;;      694 register type nRegs=1
                      00424 ;;      833: aopGet AOP_PCODE type PO_IMMEDIATE
                      00425 ;;      _sw_infos offset 3
                      00426 ;;      line = 5911 result AOP_REG=r0x104B, size=1, left AOP_PCODE=(_sw_infos+3), size=2, right -=-, siz
                            e=0
                      00427 ;; >>> /home/sdcc-builder/build/sdcc-build/orig/sdcc/src/pic14/gen.c:5922:genDataPointerGet
                      00428 ;;      popGet AOP_PCODE (PO_IMMEDIATE + 0) 1130 _sw_infos
                      00429 ;;102   MOVF    (_sw_infos + 3),W
                      00430 ;; >>> /home/sdcc-builder/build/sdcc-build/orig/sdcc/src/pic14/gen.c:5923:genDataPointerGet
                      00431 ;;      1109 rIdx = r0x104B 
                      00432 ;;; /home/sdcc-builder/build/sdcc-build/orig/sdcc/src/pic14/gen.c:2316:resultRemat *{*
                      00433 ;;; /home/sdcc-builder/build/sdcc-build/orig/sdcc/src/pic14/gen.c:6759:genIfx *{*
                      00434 ;; ***  genIfx  6760
                      00435 ;;      694 register type nRegs=1
                      00436 ;; ***  pic14_toBoolean  1515
                      00437 ;; >>> /home/sdcc-builder/build/sdcc-build/orig/sdcc/src/pic14/gen.c:1522:pic14_toBoolean
                      00438 ;;101   MOVF    r0x1006,W
0043                  00439 _00111_DS_
                      00440         .line   63; "SW.c"      if((sw_infos.samples[2] == PRESSED_LEVEL) &&
0043   ???? ????      00441         BANKSEL _sw_infos
0045   08??           00442         MOVF    (_sw_infos + 3),W
0046   ???? ????      00443         BANKSEL r0x1006
0048   00??           00444         MOVWF   r0x1006
0049   1D03           00445         BTFSS   STATUS,2
                      00446 ;; >>> /home/sdcc-builder/build/sdcc-build/orig/sdcc/src/pic14/gen.c:6809:genIfx
                      00447 ;; ***  popGetLabel  key=21, label offset 8
004A   2???           00448         GOTO    _00002_DS_
                      00449 ;;; /home/sdcc-builder/build/sdcc-build/orig/sdcc/src/pic14/gen.c:2316:resultRemat *{*
                      00450 ;;; /home/sdcc-builder/build/sdcc-build/orig/sdcc/src/pic14/gen.c:6162:genPointerGet *{*
                      00451 ;; ***  genPointerGet  6163
                      00452 ;;; /home/sdcc-builder/build/sdcc-build/orig/sdcc/src/pic14/gen.c:5944:genNearPointerGet *{*
                      00453 ;; ***  genNearPointerGet  5945
                      00454 ;;      613
                      00455 ;;      aopForRemat 392
                      00456 ;;      418: rname _sw_infos, val 1, const = 0
                      00457 ;;; /home/sdcc-builder/build/sdcc-build/orig/sdcc/src/pic14/gen.c:5898:genDataPointerGet *{*
                      00458 ;; ***  genDataPointerGet  5899
                      00459 ;;      694 register type nRegs=1
                      00460 ;;      833: aopGet AOP_PCODE type PO_IMMEDIATE
                      00461 ;;      _sw_infos offset 1
                      00462 ;;      line = 5911 result AOP_REG=r0x104B, size=1, left AOP_PCODE=(_sw_infos+1), size=2, right -=-, siz
gpasm-1.4.0 #1106 (Oct  6 2014) obj\Debug\SW.   6-30-2018  10:59:49         PAGE 10


LOC    OBJECT CODE    LINE  SOURCE TEXT
  VALUE

                            e=0
                      00463 ;; >>> /home/sdcc-builder/build/sdcc-build/orig/sdcc/src/pic14/gen.c:5922:genDataPointerGet
                      00464 ;;      popGet AOP_PCODE (PO_IMMEDIATE + 0) 1130 _sw_infos
                      00465         .line   64; "SW.c"      (sw_infos.samples[0] == RELEASED_LEVEL))
004B   ???? ????      00466         BANKSEL _sw_infos
004D   08??           00467         MOVF    (_sw_infos + 1),W
004E   ???? ????      00468         BANKSEL r0x1006
0050   00??           00469         MOVWF   r0x1006
0051   3A01           00470         XORLW   0x01
                      00471 ;; >>> /home/sdcc-builder/build/sdcc-build/orig/sdcc/src/pic14/gen.c:3687:genCmpEq
0052   1D03           00472         BTFSS   STATUS,2
                      00473 ;; >>> /home/sdcc-builder/build/sdcc-build/orig/sdcc/src/pic14/gen.c:3690:genCmpEq
                      00474 ;; ***  popGetLabel  key=21, label offset 8
0053   2???           00475         GOTO    _00002_DS_
                      00476 ;;; /home/sdcc-builder/build/sdcc-build/orig/sdcc/src/pic14/gen.c:2316:resultRemat *{*
                      00477 ;;; /home/sdcc-builder/build/sdcc-build/orig/sdcc/src/pic14/gen.c:2316:resultRemat *{*
                      00478 ;;; /home/sdcc-builder/build/sdcc-build/orig/sdcc/src/pic14/gen.c:6686:genPointerSet *{*
                      00479 ;; ***  genPointerSet  6687
                      00480 ;;; /home/sdcc-builder/build/sdcc-build/orig/sdcc/src/pic14/gen.c:6505:genNearPointerSet *{*
                      00481 ;; ***  genNearPointerSet  6506
                      00482 ;;      613
                      00483 ;;      aopForRemat 392
                      00484 ;;      418: rname _sw_infos, val 0, const = 0
                      00485 ;;; /home/sdcc-builder/build/sdcc-build/orig/sdcc/src/pic14/gen.c:6443:genDataPointerSet *{*
                      00486 ;; ***  genDataPointerSet  6444
                      00487 ;;/home/sdcc-builder/build/sdcc-build/orig/sdcc/src/pic14/gen.c:6461: size=0, offset=0, AOP_TYPE(res)=8
                      00488 ;; >>> /home/sdcc-builder/build/sdcc-build/orig/sdcc/src/pic14/gen.c:6470:genDataPointerSet
                      00489         .line   65; "SW.c"      sw_infos.state = SW_PRE_PRESSED;
0054   3001           00490         MOVLW   0x01
                      00491 ;; >>> /home/sdcc-builder/build/sdcc-build/orig/sdcc/src/pic14/gen.c:6471:genDataPointerSet
                      00492 ;;      popGet AOP_PCODE (PO_IMMEDIATE + 0) 1130 _sw_infos
0055   ???? ????      00493         BANKSEL _sw_infos
0057   00??           00494         MOVWF   (_sw_infos + 0)
                      00495 ;;; /home/sdcc-builder/build/sdcc-build/orig/sdcc/src/pic14/gen.c:2316:resultRemat *{*
                      00496 ;;; /home/sdcc-builder/build/sdcc-build/orig/sdcc/src/pic14/gen.c:2778:genGoto *{*
                      00497 ;; >>> /home/sdcc-builder/build/sdcc-build/orig/sdcc/src/pic14/gen.c:2780:genGoto
                      00498 ;; ***  popGetLabel  key=21, label offset 8
                      00499         .line   66; "SW.c"      break;
0058   2???           00500         GOTO    _00002_DS_
                      00501 ;;; /home/sdcc-builder/build/sdcc-build/orig/sdcc/src/pic14/gen.c:2316:resultRemat *{*
                      00502 ;;; /home/sdcc-builder/build/sdcc-build/orig/sdcc/src/pic14/gen.c:2760:genLabel *{*
                      00503 ;; ***  genLabel  2763
                      00504 ;;; /home/sdcc-builder/build/sdcc-build/orig/sdcc/src/pic14/gen.c:2316:resultRemat *{*
                      00505 ;;; /home/sdcc-builder/build/sdcc-build/orig/sdcc/src/pic14/gen.c:6162:genPointerGet *{*
                      00506 ;; ***  genPointerGet  6163
                      00507 ;;; /home/sdcc-builder/build/sdcc-build/orig/sdcc/src/pic14/gen.c:5944:genNearPointerGet *{*
                      00508 ;; ***  genNearPointerGet  5945
                      00509 ;;      613
                      00510 ;;      aopForRemat 392
                      00511 ;;      418: rname _sw_infos, val 3, const = 0
                      00512 ;;; /home/sdcc-builder/build/sdcc-build/orig/sdcc/src/pic14/gen.c:5898:genDataPointerGet *{*
                      00513 ;; ***  genDataPointerGet  5899
                      00514 ;;      694 register type nRegs=1
gpasm-1.4.0 #1106 (Oct  6 2014) obj\Debug\SW.   6-30-2018  10:59:49         PAGE 11


LOC    OBJECT CODE    LINE  SOURCE TEXT
  VALUE

                      00515 ;;      833: aopGet AOP_PCODE type PO_IMMEDIATE
                      00516 ;;      _sw_infos offset 3
                      00517 ;;      line = 5911 result AOP_REG=r0x104B, size=1, left AOP_PCODE=(_sw_infos+3), size=2, right -=-, siz
                            e=0
                      00518 ;; >>> /home/sdcc-builder/build/sdcc-build/orig/sdcc/src/pic14/gen.c:5922:genDataPointerGet
                      00519 ;;      popGet AOP_PCODE (PO_IMMEDIATE + 0) 1130 _sw_infos
                      00520 ;;100   MOVF    (_sw_infos + 3),W
                      00521 ;; >>> /home/sdcc-builder/build/sdcc-build/orig/sdcc/src/pic14/gen.c:5923:genDataPointerGet
                      00522 ;;      1109 rIdx = r0x104B 
                      00523 ;;; /home/sdcc-builder/build/sdcc-build/orig/sdcc/src/pic14/gen.c:2316:resultRemat *{*
                      00524 ;;; /home/sdcc-builder/build/sdcc-build/orig/sdcc/src/pic14/gen.c:6759:genIfx *{*
                      00525 ;; ***  genIfx  6760
                      00526 ;;      694 register type nRegs=1
                      00527 ;; ***  pic14_toBoolean  1515
                      00528 ;; >>> /home/sdcc-builder/build/sdcc-build/orig/sdcc/src/pic14/gen.c:1522:pic14_toBoolean
                      00529 ;;99    MOVF    r0x1006,W
0059                  00530 _00115_DS_
                      00531         .line   70; "SW.c"      if((sw_infos.samples[2] == PRESSED_LEVEL) &&
0059   ???? ????      00532         BANKSEL _sw_infos
005B   08??           00533         MOVF    (_sw_infos + 3),W
005C   ???? ????      00534         BANKSEL r0x1006
005E   00??           00535         MOVWF   r0x1006
005F   1D03           00536         BTFSS   STATUS,2
                      00537 ;; >>> /home/sdcc-builder/build/sdcc-build/orig/sdcc/src/pic14/gen.c:6809:genIfx
                      00538 ;; ***  popGetLabel  key=21, label offset 8
0060   2???           00539         GOTO    _00002_DS_
                      00540 ;;; /home/sdcc-builder/build/sdcc-build/orig/sdcc/src/pic14/gen.c:2316:resultRemat *{*
                      00541 ;;; /home/sdcc-builder/build/sdcc-build/orig/sdcc/src/pic14/gen.c:6162:genPointerGet *{*
                      00542 ;; ***  genPointerGet  6163
                      00543 ;;; /home/sdcc-builder/build/sdcc-build/orig/sdcc/src/pic14/gen.c:5944:genNearPointerGet *{*
                      00544 ;; ***  genNearPointerGet  5945
                      00545 ;;      613
                      00546 ;;      aopForRemat 392
                      00547 ;;      418: rname _sw_infos, val 2, const = 0
                      00548 ;;; /home/sdcc-builder/build/sdcc-build/orig/sdcc/src/pic14/gen.c:5898:genDataPointerGet *{*
                      00549 ;; ***  genDataPointerGet  5899
                      00550 ;;      694 register type nRegs=1
                      00551 ;;      833: aopGet AOP_PCODE type PO_IMMEDIATE
                      00552 ;;      _sw_infos offset 2
                      00553 ;;      line = 5911 result AOP_REG=r0x104B, size=1, left AOP_PCODE=(_sw_infos+2), size=2, right -=-, siz
                            e=0
                      00554 ;; >>> /home/sdcc-builder/build/sdcc-build/orig/sdcc/src/pic14/gen.c:5922:genDataPointerGet
                      00555 ;;      popGet AOP_PCODE (PO_IMMEDIATE + 0) 1130 _sw_infos
                      00556         .line   71; "SW.c"      (sw_infos.samples[1] == PRESSED_LEVEL))
0061   ???? ????      00557         BANKSEL _sw_infos
0063   08??           00558         MOVF    (_sw_infos + 2),W
0064   ???? ????      00559         BANKSEL r0x1006
0066   00??           00560         MOVWF   r0x1006
0067   1D03           00561         BTFSS   STATUS,2
                      00562 ;; >>> /home/sdcc-builder/build/sdcc-build/orig/sdcc/src/pic14/gen.c:6809:genIfx
                      00563 ;; ***  popGetLabel  key=21, label offset 8
0068   2???           00564         GOTO    _00002_DS_
                      00565 ;;; /home/sdcc-builder/build/sdcc-build/orig/sdcc/src/pic14/gen.c:2316:resultRemat *{*
gpasm-1.4.0 #1106 (Oct  6 2014) obj\Debug\SW.   6-30-2018  10:59:49         PAGE 12


LOC    OBJECT CODE    LINE  SOURCE TEXT
  VALUE

                      00566 ;;; /home/sdcc-builder/build/sdcc-build/orig/sdcc/src/pic14/gen.c:6686:genPointerSet *{*
                      00567 ;; ***  genPointerSet  6687
                      00568 ;;; /home/sdcc-builder/build/sdcc-build/orig/sdcc/src/pic14/gen.c:6505:genNearPointerSet *{*
                      00569 ;; ***  genNearPointerSet  6506
                      00570 ;;      613
                      00571 ;;      aopForRemat 392
                      00572 ;;      418: rname _sw_infos, val 0, const = 0
                      00573 ;;; /home/sdcc-builder/build/sdcc-build/orig/sdcc/src/pic14/gen.c:6443:genDataPointerSet *{*
                      00574 ;; ***  genDataPointerSet  6444
                      00575 ;;/home/sdcc-builder/build/sdcc-build/orig/sdcc/src/pic14/gen.c:6461: size=0, offset=0, AOP_TYPE(res)=8
                      00576 ;; >>> /home/sdcc-builder/build/sdcc-build/orig/sdcc/src/pic14/gen.c:6470:genDataPointerSet
                      00577         .line   72; "SW.c"      sw_infos.state = SW_PRESSED;
0069   3002           00578         MOVLW   0x02
                      00579 ;; >>> /home/sdcc-builder/build/sdcc-build/orig/sdcc/src/pic14/gen.c:6471:genDataPointerSet
                      00580 ;;      popGet AOP_PCODE (PO_IMMEDIATE + 0) 1130 _sw_infos
006A   ???? ????      00581         BANKSEL _sw_infos
006C   00??           00582         MOVWF   (_sw_infos + 0)
                      00583 ;;; /home/sdcc-builder/build/sdcc-build/orig/sdcc/src/pic14/gen.c:2316:resultRemat *{*
                      00584 ;;; /home/sdcc-builder/build/sdcc-build/orig/sdcc/src/pic14/gen.c:2778:genGoto *{*
                      00585 ;; >>> /home/sdcc-builder/build/sdcc-build/orig/sdcc/src/pic14/gen.c:2780:genGoto
                      00586 ;; ***  popGetLabel  key=21, label offset 8
                      00587         .line   73; "SW.c"      break;
006D   2???           00588         GOTO    _00002_DS_
                      00589 ;;; /home/sdcc-builder/build/sdcc-build/orig/sdcc/src/pic14/gen.c:2316:resultRemat *{*
                      00590 ;;; /home/sdcc-builder/build/sdcc-build/orig/sdcc/src/pic14/gen.c:2760:genLabel *{*
                      00591 ;; ***  genLabel  2763
                      00592 ;;; /home/sdcc-builder/build/sdcc-build/orig/sdcc/src/pic14/gen.c:2316:resultRemat *{*
                      00593 ;;; /home/sdcc-builder/build/sdcc-build/orig/sdcc/src/pic14/gen.c:6162:genPointerGet *{*
                      00594 ;; ***  genPointerGet  6163
                      00595 ;;; /home/sdcc-builder/build/sdcc-build/orig/sdcc/src/pic14/gen.c:5944:genNearPointerGet *{*
                      00596 ;; ***  genNearPointerGet  5945
                      00597 ;;      613
                      00598 ;;      aopForRemat 392
                      00599 ;;      418: rname _sw_infos, val 3, const = 0
                      00600 ;;; /home/sdcc-builder/build/sdcc-build/orig/sdcc/src/pic14/gen.c:5898:genDataPointerGet *{*
                      00601 ;; ***  genDataPointerGet  5899
                      00602 ;;      694 register type nRegs=1
                      00603 ;;      833: aopGet AOP_PCODE type PO_IMMEDIATE
                      00604 ;;      _sw_infos offset 3
                      00605 ;;      line = 5911 result AOP_REG=r0x104B, size=1, left AOP_PCODE=(_sw_infos+3), size=2, right -=-, siz
                            e=0
                      00606 ;; >>> /home/sdcc-builder/build/sdcc-build/orig/sdcc/src/pic14/gen.c:5922:genDataPointerGet
                      00607 ;;      popGet AOP_PCODE (PO_IMMEDIATE + 0) 1130 _sw_infos
006E                  00608 _00119_DS_
                      00609         .line   77; "SW.c"      if((sw_infos.samples[2] == RELEASED_LEVEL) &&
006E   ???? ????      00610         BANKSEL _sw_infos
0070   08??           00611         MOVF    (_sw_infos + 3),W
                      00612 ;; >>> /home/sdcc-builder/build/sdcc-build/orig/sdcc/src/pic14/gen.c:5923:genDataPointerGet
                      00613 ;;      1109 rIdx = r0x104B 
0071   ???? ????      00614         BANKSEL r0x1006
0073   00??           00615         MOVWF   r0x1006
0074   3A01           00616         XORLW   0x01
                      00617 ;; >>> /home/sdcc-builder/build/sdcc-build/orig/sdcc/src/pic14/gen.c:3687:genCmpEq
gpasm-1.4.0 #1106 (Oct  6 2014) obj\Debug\SW.   6-30-2018  10:59:49         PAGE 13


LOC    OBJECT CODE    LINE  SOURCE TEXT
  VALUE

0075   1D03           00618         BTFSS   STATUS,2
                      00619 ;; >>> /home/sdcc-builder/build/sdcc-build/orig/sdcc/src/pic14/gen.c:3690:genCmpEq
                      00620 ;; ***  popGetLabel  key=21, label offset 8
0076   2???           00621         GOTO    _00002_DS_
                      00622 ;;; /home/sdcc-builder/build/sdcc-build/orig/sdcc/src/pic14/gen.c:2316:resultRemat *{*
                      00623 ;;; /home/sdcc-builder/build/sdcc-build/orig/sdcc/src/pic14/gen.c:2316:resultRemat *{*
                      00624 ;;; /home/sdcc-builder/build/sdcc-build/orig/sdcc/src/pic14/gen.c:6162:genPointerGet *{*
                      00625 ;; ***  genPointerGet  6163
                      00626 ;;; /home/sdcc-builder/build/sdcc-build/orig/sdcc/src/pic14/gen.c:5944:genNearPointerGet *{*
                      00627 ;; ***  genNearPointerGet  5945
                      00628 ;;      613
                      00629 ;;      aopForRemat 392
                      00630 ;;      418: rname _sw_infos, val 1, const = 0
                      00631 ;;; /home/sdcc-builder/build/sdcc-build/orig/sdcc/src/pic14/gen.c:5898:genDataPointerGet *{*
                      00632 ;; ***  genDataPointerGet  5899
                      00633 ;;      694 register type nRegs=1
                      00634 ;;      833: aopGet AOP_PCODE type PO_IMMEDIATE
                      00635 ;;      _sw_infos offset 1
                      00636 ;;      line = 5911 result AOP_REG=r0x104B, size=1, left AOP_PCODE=(_sw_infos+1), size=2, right -=-, siz
                            e=0
                      00637 ;; >>> /home/sdcc-builder/build/sdcc-build/orig/sdcc/src/pic14/gen.c:5922:genDataPointerGet
                      00638 ;;      popGet AOP_PCODE (PO_IMMEDIATE + 0) 1130 _sw_infos
                      00639         .line   78; "SW.c"      (sw_infos.samples[0]  == PRESSED_LEVEL))
0077   ???? ????      00640         BANKSEL _sw_infos
0079   08??           00641         MOVF    (_sw_infos + 1),W
007A   ???? ????      00642         BANKSEL r0x1006
007C   00??           00643         MOVWF   r0x1006
007D   1D03           00644         BTFSS   STATUS,2
                      00645 ;; >>> /home/sdcc-builder/build/sdcc-build/orig/sdcc/src/pic14/gen.c:6809:genIfx
                      00646 ;; ***  popGetLabel  key=21, label offset 8
007E   2???           00647         GOTO    _00002_DS_
                      00648 ;;; /home/sdcc-builder/build/sdcc-build/orig/sdcc/src/pic14/gen.c:2316:resultRemat *{*
                      00649 ;;; /home/sdcc-builder/build/sdcc-build/orig/sdcc/src/pic14/gen.c:6686:genPointerSet *{*
                      00650 ;; ***  genPointerSet  6687
                      00651 ;;; /home/sdcc-builder/build/sdcc-build/orig/sdcc/src/pic14/gen.c:6505:genNearPointerSet *{*
                      00652 ;; ***  genNearPointerSet  6506
                      00653 ;;      613
                      00654 ;;      aopForRemat 392
                      00655 ;;      418: rname _sw_infos, val 0, const = 0
                      00656 ;;; /home/sdcc-builder/build/sdcc-build/orig/sdcc/src/pic14/gen.c:6443:genDataPointerSet *{*
                      00657 ;; ***  genDataPointerSet  6444
                      00658 ;;/home/sdcc-builder/build/sdcc-build/orig/sdcc/src/pic14/gen.c:6461: size=0, offset=0, AOP_TYPE(res)=8
                      00659 ;; >>> /home/sdcc-builder/build/sdcc-build/orig/sdcc/src/pic14/gen.c:6470:genDataPointerSet
                      00660         .line   79; "SW.c"      sw_infos.state = SW_PRE_RELEASED;
007F   3003           00661         MOVLW   0x03
                      00662 ;; >>> /home/sdcc-builder/build/sdcc-build/orig/sdcc/src/pic14/gen.c:6471:genDataPointerSet
                      00663 ;;      popGet AOP_PCODE (PO_IMMEDIATE + 0) 1130 _sw_infos
0080   ???? ????      00664         BANKSEL _sw_infos
0082   00??           00665         MOVWF   (_sw_infos + 0)
                      00666 ;;; /home/sdcc-builder/build/sdcc-build/orig/sdcc/src/pic14/gen.c:2316:resultRemat *{*
                      00667 ;;; /home/sdcc-builder/build/sdcc-build/orig/sdcc/src/pic14/gen.c:2778:genGoto *{*
                      00668 ;; >>> /home/sdcc-builder/build/sdcc-build/orig/sdcc/src/pic14/gen.c:2780:genGoto
                      00669 ;; ***  popGetLabel  key=21, label offset 8
gpasm-1.4.0 #1106 (Oct  6 2014) obj\Debug\SW.   6-30-2018  10:59:49         PAGE 14


LOC    OBJECT CODE    LINE  SOURCE TEXT
  VALUE

                      00670         .line   80; "SW.c"      break;
0083   2???           00671         GOTO    _00002_DS_
                      00672 ;;; /home/sdcc-builder/build/sdcc-build/orig/sdcc/src/pic14/gen.c:2316:resultRemat *{*
                      00673 ;;; /home/sdcc-builder/build/sdcc-build/orig/sdcc/src/pic14/gen.c:2760:genLabel *{*
                      00674 ;; ***  genLabel  2763
                      00675 ;;; /home/sdcc-builder/build/sdcc-build/orig/sdcc/src/pic14/gen.c:2316:resultRemat *{*
                      00676 ;;; /home/sdcc-builder/build/sdcc-build/orig/sdcc/src/pic14/gen.c:6162:genPointerGet *{*
                      00677 ;; ***  genPointerGet  6163
                      00678 ;;; /home/sdcc-builder/build/sdcc-build/orig/sdcc/src/pic14/gen.c:5944:genNearPointerGet *{*
                      00679 ;; ***  genNearPointerGet  5945
                      00680 ;;      613
                      00681 ;;      aopForRemat 392
                      00682 ;;      418: rname _sw_infos, val 3, const = 0
                      00683 ;;; /home/sdcc-builder/build/sdcc-build/orig/sdcc/src/pic14/gen.c:5898:genDataPointerGet *{*
                      00684 ;; ***  genDataPointerGet  5899
                      00685 ;;      694 register type nRegs=1
                      00686 ;;      833: aopGet AOP_PCODE type PO_IMMEDIATE
                      00687 ;;      _sw_infos offset 3
                      00688 ;;      line = 5911 result AOP_REG=r0x104B, size=1, left AOP_PCODE=(_sw_infos+3), size=2, right -=-, siz
                            e=0
                      00689 ;; >>> /home/sdcc-builder/build/sdcc-build/orig/sdcc/src/pic14/gen.c:5922:genDataPointerGet
                      00690 ;;      popGet AOP_PCODE (PO_IMMEDIATE + 0) 1130 _sw_infos
0084                  00691 _00123_DS_
                      00692         .line   84; "SW.c"      if((sw_infos.samples[2] == RELEASED_LEVEL) &&
0084   ???? ????      00693         BANKSEL _sw_infos
0086   08??           00694         MOVF    (_sw_infos + 3),W
                      00695 ;; >>> /home/sdcc-builder/build/sdcc-build/orig/sdcc/src/pic14/gen.c:5923:genDataPointerGet
                      00696 ;;      1109 rIdx = r0x104B 
0087   ???? ????      00697         BANKSEL r0x1006
0089   00??           00698         MOVWF   r0x1006
008A   3A01           00699         XORLW   0x01
                      00700 ;; >>> /home/sdcc-builder/build/sdcc-build/orig/sdcc/src/pic14/gen.c:3687:genCmpEq
008B   1D03           00701         BTFSS   STATUS,2
                      00702 ;; >>> /home/sdcc-builder/build/sdcc-build/orig/sdcc/src/pic14/gen.c:3690:genCmpEq
                      00703 ;; ***  popGetLabel  key=21, label offset 8
008C   2???           00704         GOTO    _00002_DS_
                      00705 ;;; /home/sdcc-builder/build/sdcc-build/orig/sdcc/src/pic14/gen.c:2316:resultRemat *{*
                      00706 ;;; /home/sdcc-builder/build/sdcc-build/orig/sdcc/src/pic14/gen.c:2316:resultRemat *{*
                      00707 ;;; /home/sdcc-builder/build/sdcc-build/orig/sdcc/src/pic14/gen.c:6162:genPointerGet *{*
                      00708 ;; ***  genPointerGet  6163
                      00709 ;;; /home/sdcc-builder/build/sdcc-build/orig/sdcc/src/pic14/gen.c:5944:genNearPointerGet *{*
                      00710 ;; ***  genNearPointerGet  5945
                      00711 ;;      613
                      00712 ;;      aopForRemat 392
                      00713 ;;      418: rname _sw_infos, val 2, const = 0
                      00714 ;;; /home/sdcc-builder/build/sdcc-build/orig/sdcc/src/pic14/gen.c:5898:genDataPointerGet *{*
                      00715 ;; ***  genDataPointerGet  5899
                      00716 ;;      694 register type nRegs=1
                      00717 ;;      833: aopGet AOP_PCODE type PO_IMMEDIATE
                      00718 ;;      _sw_infos offset 2
                      00719 ;;      line = 5911 result AOP_REG=r0x104B, size=1, left AOP_PCODE=(_sw_infos+2), size=2, right -=-, siz
                            e=0
                      00720 ;; >>> /home/sdcc-builder/build/sdcc-build/orig/sdcc/src/pic14/gen.c:5922:genDataPointerGet
gpasm-1.4.0 #1106 (Oct  6 2014) obj\Debug\SW.   6-30-2018  10:59:49         PAGE 15


LOC    OBJECT CODE    LINE  SOURCE TEXT
  VALUE

                      00721 ;;      popGet AOP_PCODE (PO_IMMEDIATE + 0) 1130 _sw_infos
                      00722         .line   85; "SW.c"      (sw_infos.samples[1] == RELEASED_LEVEL))
008D   ???? ????      00723         BANKSEL _sw_infos
008F   08??           00724         MOVF    (_sw_infos + 2),W
0090   ???? ????      00725         BANKSEL r0x1006
0092   00??           00726         MOVWF   r0x1006
                      00727         .line   86; "SW.c"      sw_infos.state = SW_RELEASED;
0093   3A01           00728         XORLW   0x01
                      00729         .line   92; "SW.c"      }
0094   1D03           00730         BTFSS   STATUS,2
0095   2???           00731         GOTO    _00002_DS_
0096   ???? ????      00732         BANKSEL _sw_infos
0098   01??           00733         CLRF    (_sw_infos + 0)
0099                  00734 _00002_DS_
0099   0008           00735         RETURN  
                      00736 
                      00737 ;***
                      00738 ;  pBlock Stats: dbName = C
                      00739 ;***
                      00740 ;entry:  _SW_Init       ;Function start
                      00741 ; 2 exit points
                      00742 ;has an exit
                      00743 ;1 compiler assigned register :
                      00744 ;   r0x1008
                      00745 ;; Starting pCode block
                      00746 ;;; /home/sdcc-builder/build/sdcc-build/orig/sdcc/src/pic14/gen.c:2316:resultRemat *{*
                      00747 ;;; /home/sdcc-builder/build/sdcc-build/orig/sdcc/src/pic14/gen.c:2760:genLabel *{*
                      00748 ;; ***  genLabel  2763
                      00749 ;;; /home/sdcc-builder/build/sdcc-build/orig/sdcc/src/pic14/gen.c:2316:resultRemat *{*
                      00750 ;;; /home/sdcc-builder/build/sdcc-build/orig/sdcc/src/pic14/gen.c:2340:genFunction *{*
                      00751 ;; ***  genFunction  2342 curr label offset=0previous max_key=0 
009A                  00752 _SW_Init        ;Function start
                      00753 ; 2 exit points
                      00754 ;;; /home/sdcc-builder/build/sdcc-build/orig/sdcc/src/pic14/gen.c:2316:resultRemat *{*
                      00755 ;;; /home/sdcc-builder/build/sdcc-build/orig/sdcc/src/pic14/gen.c:7120:genCast *{*
                      00756 ;; ***  genCast  7121
                      00757 ;; ***  aopForSym 315
                      00758 ;;      327 sym->rname = _TRISB, size = 1
                      00759 ;;      694 register type nRegs=1
                      00760 ;;      line = 7129 result AOP_REG=r0x1048, size=1, left -=-, size=0, right AOP_DIR=_TRISB, size=1
                      00761 ;; ***  genCast  7253
                      00762 ;; >>> /home/sdcc-builder/build/sdcc-build/orig/sdcc/src/pic14/gen.c:7277:genCast
                      00763 ;;      1009
                      00764 ;;      1028  _TRISB   offset=0
                      00765         .line   28; "SW.c"      GPIO_InitPortPin(SW_PORT_CR,SW_PIN,GPIO_IN);
009A   ???? ????      00766         BANKSEL _TRISB
009C   08??           00767         MOVF    _TRISB,W
                      00768 ;; >>> /home/sdcc-builder/build/sdcc-build/orig/sdcc/src/pic14/gen.c:7278:genCast
                      00769 ;;      1109 rIdx = r0x1048 
009D   ???? ????      00770         BANKSEL r0x1008
009F   00??           00771         MOVWF   r0x1008
                      00772 ;;; /home/sdcc-builder/build/sdcc-build/orig/sdcc/src/pic14/gen.c:2316:resultRemat *{*
                      00773 ;;; /home/sdcc-builder/build/sdcc-build/orig/sdcc/src/pic14/gen.c:3919:genAnd *{*
gpasm-1.4.0 #1106 (Oct  6 2014) obj\Debug\SW.   6-30-2018  10:59:49         PAGE 16


LOC    OBJECT CODE    LINE  SOURCE TEXT
  VALUE

                      00774 ;; ***  genAnd  3920
                      00775 ;;      694 register type nRegs=1
                      00776 ;;      694 register type nRegs=1
                      00777 ;;      line = 3955 result AOP_REG=r0x1048, size=1, left AOP_REG=r0x1048, size=1, right AOP_LIT=0xfd, si
                            ze=1
                      00778 ;; >>> /home/sdcc-builder/build/sdcc-build/orig/sdcc/src/pic14/gen.c:4122:genAnd
00A0   10??           00779         BCF     r0x1008,1
                      00780 ;;; /home/sdcc-builder/build/sdcc-build/orig/sdcc/src/pic14/gen.c:2316:resultRemat *{*
                      00781 ;;; /home/sdcc-builder/build/sdcc-build/orig/sdcc/src/pic14/gen.c:4220:genOr *{*
                      00782 ;; ***  genOr  4221
                      00783 ;;      694 register type nRegs=1
                      00784 ;; ***  aopForSym 315
                      00785 ;;      327 sym->rname = _TRISB, size = 1
                      00786 ;;      line = 4227 result AOP_DIR=_TRISB, size=1, left AOP_REG=r0x1048, size=1, right AOP_LIT=0x02, siz
                            e=1
                      00787 ;;      line = 4253 result AOP_DIR=_TRISB, size=1, left AOP_REG=r0x1048, size=1, right AOP_LIT=0x02, siz
                            e=1
                      00788 ;; >>> /home/sdcc-builder/build/sdcc-build/orig/sdcc/src/pic14/gen.c:4470:genOr
00A1   3002           00789         MOVLW   0x02
                      00790 ;; >>> /home/sdcc-builder/build/sdcc-build/orig/sdcc/src/pic14/gen.c:4471:genOr
                      00791 ;;      1109 rIdx = r0x1048 
00A2   04??           00792         IORWF   r0x1008,W
                      00793 ;; >>> /home/sdcc-builder/build/sdcc-build/orig/sdcc/src/pic14/gen.c:4472:genOr
                      00794 ;;      1009
                      00795 ;;      1028  _TRISB   offset=0
00A3   ???? ????      00796         BANKSEL _TRISB
00A5   00??           00797         MOVWF   _TRISB
                      00798 ;;; /home/sdcc-builder/build/sdcc-build/orig/sdcc/src/pic14/gen.c:2316:resultRemat *{*
                      00799 ;;; /home/sdcc-builder/build/sdcc-build/orig/sdcc/src/pic14/gen.c:2316:resultRemat *{*
                      00800 ;;; /home/sdcc-builder/build/sdcc-build/orig/sdcc/src/pic14/gen.c:2316:resultRemat *{*
                      00801 ;;; /home/sdcc-builder/build/sdcc-build/orig/sdcc/src/pic14/gen.c:6686:genPointerSet *{*
                      00802 ;; ***  genPointerSet  6687
                      00803 ;;; /home/sdcc-builder/build/sdcc-build/orig/sdcc/src/pic14/gen.c:6505:genNearPointerSet *{*
                      00804 ;; ***  genNearPointerSet  6506
                      00805 ;;      613
                      00806 ;;      aopForRemat 392
                      00807 ;;      418: rname _sw_infos, val 1, const = 0
                      00808 ;;; /home/sdcc-builder/build/sdcc-build/orig/sdcc/src/pic14/gen.c:6443:genDataPointerSet *{*
                      00809 ;; ***  genDataPointerSet  6444
                      00810 ;;/home/sdcc-builder/build/sdcc-build/orig/sdcc/src/pic14/gen.c:6461: size=0, offset=0, AOP_TYPE(res)=8
                      00811 ;; >>> /home/sdcc-builder/build/sdcc-build/orig/sdcc/src/pic14/gen.c:6470:genDataPointerSet
                      00812         .line   31; "SW.c"      sw_infos.samples[0] = RELEASED_LEVEL;
00A6   3001           00813         MOVLW   0x01
                      00814         .line   32; "SW.c"      sw_infos.samples[1] = RELEASED_LEVEL;
00A7   ???? ????      00815         BANKSEL _sw_infos
00A9   00??           00816         MOVWF   (_sw_infos + 1)
00AA   00??           00817         MOVWF   (_sw_infos + 2)
                      00818 ;;; /home/sdcc-builder/build/sdcc-build/orig/sdcc/src/pic14/gen.c:2316:resultRemat *{*
                      00819 ;;; /home/sdcc-builder/build/sdcc-build/orig/sdcc/src/pic14/gen.c:2316:resultRemat *{*
                      00820 ;;; /home/sdcc-builder/build/sdcc-build/orig/sdcc/src/pic14/gen.c:6686:genPointerSet *{*
                      00821 ;; ***  genPointerSet  6687
                      00822 ;;; /home/sdcc-builder/build/sdcc-build/orig/sdcc/src/pic14/gen.c:6505:genNearPointerSet *{*
                      00823 ;; ***  genNearPointerSet  6506
gpasm-1.4.0 #1106 (Oct  6 2014) obj\Debug\SW.   6-30-2018  10:59:49         PAGE 17


LOC    OBJECT CODE    LINE  SOURCE TEXT
  VALUE

                      00824 ;;      613
                      00825 ;;      aopForRemat 392
                      00826 ;;      418: rname _sw_infos, val 3, const = 0
                      00827 ;;; /home/sdcc-builder/build/sdcc-build/orig/sdcc/src/pic14/gen.c:6443:genDataPointerSet *{*
                      00828 ;; ***  genDataPointerSet  6444
                      00829 ;;/home/sdcc-builder/build/sdcc-build/orig/sdcc/src/pic14/gen.c:6461: size=0, offset=0, AOP_TYPE(res)=8
                      00830 ;; >>> /home/sdcc-builder/build/sdcc-build/orig/sdcc/src/pic14/gen.c:6470:genDataPointerSet
                      00831         .line   33; "SW.c"      sw_infos.samples[2] = RELEASED_LEVEL;
00AB   3001           00832         MOVLW   0x01
                      00833 ;; >>> /home/sdcc-builder/build/sdcc-build/orig/sdcc/src/pic14/gen.c:6471:genDataPointerSet
                      00834 ;;      popGet AOP_PCODE (PO_IMMEDIATE + 0) 1130 _sw_infos
00AC   00??           00835         MOVWF   (_sw_infos + 3)
                      00836 ;;; /home/sdcc-builder/build/sdcc-build/orig/sdcc/src/pic14/gen.c:2316:resultRemat *{*
                      00837 ;;; /home/sdcc-builder/build/sdcc-build/orig/sdcc/src/pic14/gen.c:6686:genPointerSet *{*
                      00838 ;; ***  genPointerSet  6687
                      00839 ;;; /home/sdcc-builder/build/sdcc-build/orig/sdcc/src/pic14/gen.c:6505:genNearPointerSet *{*
                      00840 ;; ***  genNearPointerSet  6506
                      00841 ;;      613
                      00842 ;;      aopForRemat 392
                      00843 ;;      418: rname _sw_infos, val 0, const = 0
                      00844 ;;; /home/sdcc-builder/build/sdcc-build/orig/sdcc/src/pic14/gen.c:6443:genDataPointerSet *{*
                      00845 ;; ***  genDataPointerSet  6444
                      00846 ;;/home/sdcc-builder/build/sdcc-build/orig/sdcc/src/pic14/gen.c:6461: size=0, offset=0, AOP_TYPE(res)=8
                      00847 ;; >>> /home/sdcc-builder/build/sdcc-build/orig/sdcc/src/pic14/gen.c:6475:genDataPointerSet
                      00848 ;;      popGet AOP_PCODE (PO_IMMEDIATE + 0) 1130 _sw_infos
                      00849         .line   36; "SW.c"      sw_infos.state = SW_RELEASED;
00AD   01??           00850         CLRF    (_sw_infos + 0)
                      00851 ;;; /home/sdcc-builder/build/sdcc-build/orig/sdcc/src/pic14/gen.c:2316:resultRemat *{*
                      00852 ;;; /home/sdcc-builder/build/sdcc-build/orig/sdcc/src/pic14/gen.c:2760:genLabel *{*
                      00853 ;; ***  genLabel  2763
                      00854 ;;; /home/sdcc-builder/build/sdcc-build/orig/sdcc/src/pic14/gen.c:2316:resultRemat *{*
                      00855 ;;; /home/sdcc-builder/build/sdcc-build/orig/sdcc/src/pic14/gen.c:2528:genEndFunction *{*
                      00856 ;; ***  genEndFunction  2530
00AE   0008           00857         RETURN  
                      00858 ; exit point of _SW_Init
                      00859 ;;; /home/sdcc-builder/build/sdcc-build/orig/sdcc/src/pic14/gen.c:7426:genpic14Code *{*
                      00860 
                      00861 
                      00862 ;       code size estimation:
                      00863 ;          99+   38 =   137 instructions (  350 byte)
                      00864 
                      00865         end
gpasm-1.4.0 #1106 (Oct  6 2014) obj\Debug\SW.   6-30-2018  10:59:49         PAGE 18


SYMBOL TABLE
  LABEL                             VALUE

ACKDT                             00000005
ACKEN                             00000004
ACKSTAT                           00000006
ADCON0                            0000001F
ADCON1                            0000009F
ADCS0                             00000006
ADCS1                             00000007
ADCS2                             00000006
ADDEN                             00000003
ADFM                              00000007
ADIE                              00000006
ADIF                              00000006
ADON                              00000000
ADRESH                            0000001E
ADRESL                            0000009E
BCLIE                             00000003
BCLIF                             00000003
BF                                00000000
BRGH                              00000002
C                                 00000000
C1INV                             00000004
C1OUT                             00000006
C2INV                             00000005
C2OUT                             00000007
CCP1CON                           00000017
CCP1IE                            00000002
CCP1IF                            00000002
CCP1M0                            00000000
CCP1M1                            00000001
CCP1M2                            00000002
CCP1M3                            00000003
CCP1X                             00000005
CCP1Y                             00000004
CCP2CON                           0000001D
CCP2IE                            00000000
CCP2IF                            00000000
CCP2M0                            00000000
CCP2M1                            00000001
CCP2M2                            00000002
CCP2M3                            00000003
CCP2X                             00000005
CCP2Y                             00000004
CCPR1                             00000015
CCPR1H                            00000016
CCPR1L                            00000015
CCPR2                             0000001B
CCPR2H                            0000001C
CCPR2L                            0000001B
CHS0                              00000003
CHS1                              00000004
CHS2                              00000005
CIS                               00000003
CKE                               00000006
gpasm-1.4.0 #1106 (Oct  6 2014) obj\Debug\SW.   6-30-2018  10:59:49         PAGE 19


SYMBOL TABLE
  LABEL                             VALUE 

CKP                               00000004
CM0                               00000000
CM1                               00000001
CM2                               00000002
CMCON                             0000009C
CMIE                              00000006
CMIF                              00000006
CREN                              00000004
CSRC                              00000007
CVR0                              00000000
CVR1                              00000001
CVR2                              00000002
CVR3                              00000003
CVRCON                            0000009D
CVREN                             00000007
CVROE                             00000006
CVRR                              00000005
D                                 00000005
DATA_ADDRESS                      00000005
DC                                00000001
D_A                               00000005
D_NOT_A                           00000005
EEADR                             0000010D
EEADRH                            0000010F
EECON1                            0000018C
EECON2                            0000018D
EEDATA                            0000010C
EEDATH                            0000010E
EEIE                              00000004
EEIF                              00000004
EEPGD                             00000007
F                                 00000001
FERR                              00000002
FSR                               00000004
GCEN                              00000007
GIE                               00000007
GO                                00000002
GO_DONE                           00000002
GO_NOT_DONE                       00000002
I2C_DATA                          00000005
I2C_READ                          00000002
I2C_START                         00000003
I2C_STOP                          00000004
IBF                               00000007
IBOV                              00000005
INDF                              00000000
INTCON                            0000000B
INTE                              00000004
INTEDG                            00000006
INTF                              00000001
IRP                               00000007
NOT_A                             00000005
NOT_ADDRESS                       00000005
gpasm-1.4.0 #1106 (Oct  6 2014) obj\Debug\SW.   6-30-2018  10:59:49         PAGE 20


SYMBOL TABLE
  LABEL                             VALUE 

NOT_BO                            00000000
NOT_BOR                           00000000
NOT_DONE                          00000002
NOT_PD                            00000003
NOT_POR                           00000001
NOT_RBPU                          00000007
NOT_RC8                           00000006
NOT_T1SYNC                        00000002
NOT_TO                            00000004
NOT_TX8                           00000006
NOT_W                             00000002
NOT_WRITE                         00000002
OBF                               00000006
OERR                              00000001
OPTION_REG                        00000081
P                                 00000004
PCFG0                             00000000
PCFG1                             00000001
PCFG2                             00000002
PCFG3                             00000003
PCL                               00000002
PCLATH                            0000000A
PCON                              0000008E
PEIE                              00000006
PEN                               00000002
PIE1                              0000008C
PIE2                              0000008D
PIR1                              0000000C
PIR2                              0000000D
PORTA                             00000005
PORTB                             00000006
PORTC                             00000007
PORTD                             00000008
PORTE                             00000009
PR2                               00000092
PS0                               00000000
PS1                               00000001
PS2                               00000002
PSA                               00000003
PSAVE                             00000000
PSPIE                             00000007
PSPIF                             00000007
PSPMODE                           00000004
R                                 00000002
RA0                               00000000
RA1                               00000001
RA2                               00000002
RA3                               00000003
RA4                               00000004
RA5                               00000005
RB0                               00000000
RB1                               00000001
RB2                               00000002
gpasm-1.4.0 #1106 (Oct  6 2014) obj\Debug\SW.   6-30-2018  10:59:49         PAGE 21


SYMBOL TABLE
  LABEL                             VALUE 

RB3                               00000003
RB4                               00000004
RB5                               00000005
RB6                               00000006
RB7                               00000007
RBIE                              00000003
RBIF                              00000000
RC0                               00000000
RC1                               00000001
RC2                               00000002
RC3                               00000003
RC4                               00000004
RC5                               00000005
RC6                               00000006
RC7                               00000007
RC8_9                             00000006
RC9                               00000006
RCD8                              00000000
RCEN                              00000003
RCIE                              00000005
RCIF                              00000005
RCREG                             0000001A
RCSTA                             00000018
RD                                00000000
RD0                               00000000
RD1                               00000001
RD2                               00000002
RD3                               00000003
RD4                               00000004
RD5                               00000005
RD6                               00000006
RD7                               00000007
RE0                               00000000
RE1                               00000001
RE2                               00000002
READ_WRITE                        00000002
RP0                               00000005
RP1                               00000006
RSEN                              00000001
RX9                               00000006
RX9D                              00000000
R_NOT_W                           00000002
R_W                               00000002
S                                 00000003
SEN                               00000000
SMP                               00000007
SPBRG                             00000099
SPEN                              00000007
SREN                              00000005
SSAVE                             00000000
SSPADD                            00000093
SSPBUF                            00000013
SSPCON                            00000014
gpasm-1.4.0 #1106 (Oct  6 2014) obj\Debug\SW.   6-30-2018  10:59:49         PAGE 22


SYMBOL TABLE
  LABEL                             VALUE 

SSPCON2                           00000091
SSPEN                             00000005
SSPIE                             00000003
SSPIF                             00000003
SSPM0                             00000000
SSPM1                             00000001
SSPM2                             00000002
SSPM3                             00000003
SSPOV                             00000006
SSPSTAT                           00000094
STATUS                            00000003
STK00                             00000000
STK01                             00000000
STK02                             00000000
STK03                             00000000
STK04                             00000000
STK05                             00000000
STK06                             00000000
STK07                             00000000
STK08                             00000000
STK09                             00000000
STK10                             00000000
STK11                             00000000
STK12                             00000000
SYNC                              00000004
T0CS                              00000005
T0IE                              00000005
T0IF                              00000002
T0SE                              00000004
T1CKPS0                           00000004
T1CKPS1                           00000005
T1CON                             00000010
T1INSYNC                          00000002
T1OSCEN                           00000003
T1SYNC                            00000002
T2CKPS0                           00000000
T2CKPS1                           00000001
T2CON                             00000012
TMR0                              00000001
TMR0IE                            00000005
TMR0IF                            00000002
TMR1                              0000000E
TMR1CS                            00000001
TMR1H                             0000000F
TMR1IE                            00000000
TMR1IF                            00000000
TMR1L                             0000000E
TMR1ON                            00000000
TMR2                              00000011
TMR2IE                            00000001
TMR2IF                            00000001
TMR2ON                            00000002
TOUTPS0                           00000003
gpasm-1.4.0 #1106 (Oct  6 2014) obj\Debug\SW.   6-30-2018  10:59:49         PAGE 23


SYMBOL TABLE
  LABEL                             VALUE 

TOUTPS1                           00000004
TOUTPS2                           00000005
TOUTPS3                           00000006
TRISA                             00000085
TRISA0                            00000000
TRISA1                            00000001
TRISA2                            00000002
TRISA3                            00000003
TRISA4                            00000004
TRISA5                            00000005
TRISB                             00000086
TRISB0                            00000000
TRISB1                            00000001
TRISB2                            00000002
TRISB3                            00000003
TRISB4                            00000004
TRISB5                            00000005
TRISB6                            00000006
TRISB7                            00000007
TRISC                             00000087
TRISC0                            00000000
TRISC1                            00000001
TRISC2                            00000002
TRISC3                            00000003
TRISC4                            00000004
TRISC5                            00000005
TRISC6                            00000006
TRISC7                            00000007
TRISD                             00000088
TRISD0                            00000000
TRISD1                            00000001
TRISD2                            00000002
TRISD3                            00000003
TRISD4                            00000004
TRISD5                            00000005
TRISD6                            00000006
TRISD7                            00000007
TRISE                             00000089
TRISE0                            00000000
TRISE1                            00000001
TRISE2                            00000002
TRMT                              00000001
TX8_9                             00000006
TX9                               00000006
TX9D                              00000000
TXD8                              00000000
TXEN                              00000005
TXIE                              00000004
TXIF                              00000004
TXREG                             00000019
TXSTA                             00000098
UA                                00000001
W                                 00000000
gpasm-1.4.0 #1106 (Oct  6 2014) obj\Debug\SW.   6-30-2018  10:59:49         PAGE 24


SYMBOL TABLE
  LABEL                             VALUE 

WCOL                              00000007
WR                                00000001
WREN                              00000002
WRERR                             00000003
WSAVE                             00000000
Z                                 00000002
_00001_DS_                        0000003E
_00002_DS_                        00000099
_00111_DS_                        00000043
_00115_DS_                        00000059
_00119_DS_                        0000006E
_00123_DS_                        00000084
_00163_DS_                        0000003F
_ADCON0                           00000000
_ADCON0bits                       00000000
_ADCON1                           00000000
_ADCON1bits                       00000000
_ADRESH                           00000000
_ADRESL                           00000000
_BODEN_OFF                        00003FBF
_BODEN_ON                         00003FFF
_BOREN_OFF                        00003FBF
_BOREN_ON                         00003FFF
_CCP1CON                          00000000
_CCP1CONbits                      00000000
_CCP2CON                          00000000
_CCP2CONbits                      00000000
_CCPR1                            00000000
_CCPR1H                           00000000
_CCPR1L                           00000000
_CCPR2                            00000000
_CCPR2H                           00000000
_CCPR2L                           00000000
_CMCON                            00000000
_CMCONbits                        00000000
_CONFIG                           00002007
_CPD_OFF                          00003FFF
_CPD_ON                           00003EFF
_CP_ALL                           00001FFF
_CP_OFF                           00003FFF
_CP_ON                            00001FFF
_CVRCON                           00000000
_CVRCONbits                       00000000
_DEBUG_OFF                        00003FFF
_DEBUG_ON                         000037FF
_DEVID1                           00002006
_EEADR                            00000000
_EEADRH                           00000000
_EECON1                           00000000
_EECON1bits                       00000000
_EECON2                           00000000
_EEDATA                           00000000
_EEDATH                           00000000
gpasm-1.4.0 #1106 (Oct  6 2014) obj\Debug\SW.   6-30-2018  10:59:49         PAGE 25


SYMBOL TABLE
  LABEL                             VALUE 

_FOSC_EXTRC                       00003FFF
_FOSC_HS                          00003FFE
_FOSC_LP                          00003FFC
_FOSC_XT                          00003FFD
_FSR                              00000000
_HS_OSC                           00003FFE
_IDLOC0                           00002000
_IDLOC1                           00002001
_IDLOC2                           00002002
_IDLOC3                           00002003
_INDF                             00000000
_INTCON                           00000000
_INTCONbits                       00000000
_LP_OSC                           00003FFC
_LVP_OFF                          00003F7F
_LVP_ON                           00003FFF
_OPTION_REG                       00000000
_OPTION_REGbits                   00000000
_PCL                              00000000
_PCLATH                           00000000
_PCON                             00000000
_PCONbits                         00000000
_PIE1                             00000000
_PIE1bits                         00000000
_PIE2                             00000000
_PIE2bits                         00000000
_PIR1                             00000000
_PIR1bits                         00000000
_PIR2                             00000000
_PIR2bits                         00000000
_PORTA                            00000000
_PORTAbits                        00000000
_PORTB                            00000000
_PORTBbits                        00000000
_PORTC                            00000000
_PORTCbits                        00000000
_PORTD                            00000000
_PORTDbits                        00000000
_PORTE                            00000000
_PORTEbits                        00000000
_PR2                              00000000
_PWRTE_OFF                        00003FFF
_PWRTE_ON                         00003FF7
_RCREG                            00000000
_RCSTA                            00000000
_RCSTAbits                        00000000
_RC_OSC                           00003FFF
_SPBRG                            00000000
_SSPADD                           00000000
_SSPBUF                           00000000
_SSPCON                           00000000
_SSPCON2                          00000000
_SSPCON2bits                      00000000
gpasm-1.4.0 #1106 (Oct  6 2014) obj\Debug\SW.   6-30-2018  10:59:49         PAGE 26


SYMBOL TABLE
  LABEL                             VALUE 

_SSPCONbits                       00000000
_SSPSTAT                          00000000
_SSPSTATbits                      00000000
_STATUS                           00000000
_STATUSbits                       00000000
_SW_GetState                      00000000
_SW_Init                          0000009A
_SW_Update                        00000004
_SW_Update_sw_counter_1_12        00000006
_T1CON                            00000000
_T1CONbits                        00000000
_T2CON                            00000000
_T2CONbits                        00000000
_TMR0                             00000000
_TMR1                             00000000
_TMR1H                            00000000
_TMR1L                            00000000
_TMR2                             00000000
_TMR_CheckOverFlow                00000000
_TMR_Init                         00000000
_TMR_Start                        00000000
_TMR_Stop                         00000000
_TMR_Update                       00000000
_TRISA                            00000000
_TRISAbits                        00000000
_TRISB                            00000000
_TRISBbits                        00000000
_TRISC                            00000000
_TRISCbits                        00000000
_TRISD                            00000000
_TRISDbits                        00000000
_TRISE                            00000000
_TRISEbits                        00000000
_TXREG                            00000000
_TXSTA                            00000000
_TXSTAbits                        00000000
_WDTE_OFF                         00003FFB
_WDTE_ON                          00003FFF
_WDT_OFF                          00003FFB
_WDT_ON                           00003FFF
_WRT_1FOURTH                      00003BFF
_WRT_256                          00003DFF
_WRT_HALF                         000039FF
_WRT_OFF                          00003FFF
_XT_OSC                           00003FFD
__16F877A                         00000001
__CODE_END                        00001FFF
__CODE_START                      00000000
__COMMON_RAM_END                  0000007F
__COMMON_RAM_START                00000070
__EEPROM_END                      000021FF
__EEPROM_START                    00002100
__VECTOR_INT                      00000004
gpasm-1.4.0 #1106 (Oct  6 2014) obj\Debug\SW.   6-30-2018  10:59:49         PAGE 27


SYMBOL TABLE
  LABEL                             VALUE 

__VECTOR_RESET                    00000000
_sw_infos                         00000002
r0x1006                           00000001
r0x1008                           00000000

Errors   :     0
Warnings :     0 reported,     0 suppressed
Messages :     0 reported,     0 suppressed

