gpasm-1.4.0 #1106 (Oct  6 2014) obj\Debug\Tim   6-30-2018  10:59:49         PAGE  1


LOC    OBJECT CODE    LINE  SOURCE TEXT
  VALUE

                      00001 ;--------------------------------------------------------
                      00002 ; File Created by SDCC : free open source ANSI-C Compiler
                      00003 ; Version 3.5.0 #9253 (Jun 20 2015) (MINGW32)
                      00004 ; This file was generated Sat Jun 30 10:59:49 2018
                      00005 ;--------------------------------------------------------
                      00006 ; PIC port for the 14-bit core
                      00007 ;--------------------------------------------------------
                      00008         .file   "Timer.c"
                      00009         list    p=16f877a
                      00010         radix dec
                      00011         include "p16f877a.inc"
                      00001         LIST
                      00002 
                      00003 ;==========================================================================
                      00004 ; Build date : Aug 07 2014
                      00005 ;  MPASM PIC16F877A processor include
                      00006 ; 
                      00007 ;  (c) Copyright 1999-2014 Microchip Technology, All rights reserved
                      00008 ;==========================================================================
                      00009 
                      00567         LIST
                      00012 ;--------------------------------------------------------
                      00013 ; external declarations
                      00014 ;--------------------------------------------------------
  0000                00015         extern  _SW_Init
  0000                00016         extern  _SW_Update
  0000                00017         extern  _SW_GetState
  0000                00018         extern  _LED_Init
  0000                00019         extern  _LED_Toggle
  0000                00020         extern  _LED_GetState
  0000                00021         extern  _UART_init
  0000                00022         extern  _UART_tx
  0000                00023         extern  _UART_tx_str
  0000                00024         extern  _itoa
  0000                00025         extern  _sensor_init
  0000                00026         extern  _sensor_update
  0000                00027         extern  _get_sensor
  0000                00028         extern  _Control
  0000                00029         extern  _STATUSbits
  0000                00030         extern  _PORTAbits
  0000                00031         extern  _PORTBbits
  0000                00032         extern  _PORTCbits
  0000                00033         extern  _PORTDbits
  0000                00034         extern  _PORTEbits
  0000                00035         extern  _INTCONbits
  0000                00036         extern  _PIR1bits
  0000                00037         extern  _PIR2bits
  0000                00038         extern  _T1CONbits
  0000                00039         extern  _T2CONbits
  0000                00040         extern  _SSPCONbits
  0000                00041         extern  _CCP1CONbits
  0000                00042         extern  _RCSTAbits
  0000                00043         extern  _CCP2CONbits
gpasm-1.4.0 #1106 (Oct  6 2014) obj\Debug\Tim   6-30-2018  10:59:49         PAGE  2


LOC    OBJECT CODE    LINE  SOURCE TEXT
  VALUE

  0000                00044         extern  _ADCON0bits
  0000                00045         extern  _OPTION_REGbits
  0000                00046         extern  _TRISAbits
  0000                00047         extern  _TRISBbits
  0000                00048         extern  _TRISCbits
  0000                00049         extern  _TRISDbits
  0000                00050         extern  _TRISEbits
  0000                00051         extern  _PIE1bits
  0000                00052         extern  _PIE2bits
  0000                00053         extern  _PCONbits
  0000                00054         extern  _SSPCON2bits
  0000                00055         extern  _SSPSTATbits
  0000                00056         extern  _TXSTAbits
  0000                00057         extern  _CMCONbits
  0000                00058         extern  _CVRCONbits
  0000                00059         extern  _ADCON1bits
  0000                00060         extern  _EECON1bits
  0000                00061         extern  _INDF
  0000                00062         extern  _TMR0
  0000                00063         extern  _PCL
  0000                00064         extern  _STATUS
  0000                00065         extern  _FSR
  0000                00066         extern  _PORTA
  0000                00067         extern  _PORTB
  0000                00068         extern  _PORTC
  0000                00069         extern  _PORTD
  0000                00070         extern  _PORTE
  0000                00071         extern  _PCLATH
  0000                00072         extern  _INTCON
  0000                00073         extern  _PIR1
  0000                00074         extern  _PIR2
  0000                00075         extern  _TMR1
  0000                00076         extern  _TMR1L
  0000                00077         extern  _TMR1H
  0000                00078         extern  _T1CON
  0000                00079         extern  _TMR2
  0000                00080         extern  _T2CON
  0000                00081         extern  _SSPBUF
  0000                00082         extern  _SSPCON
  0000                00083         extern  _CCPR1
  0000                00084         extern  _CCPR1L
  0000                00085         extern  _CCPR1H
  0000                00086         extern  _CCP1CON
  0000                00087         extern  _RCSTA
  0000                00088         extern  _TXREG
  0000                00089         extern  _RCREG
  0000                00090         extern  _CCPR2
  0000                00091         extern  _CCPR2L
  0000                00092         extern  _CCPR2H
  0000                00093         extern  _CCP2CON
  0000                00094         extern  _ADRESH
  0000                00095         extern  _ADCON0
  0000                00096         extern  _OPTION_REG
gpasm-1.4.0 #1106 (Oct  6 2014) obj\Debug\Tim   6-30-2018  10:59:49         PAGE  3


LOC    OBJECT CODE    LINE  SOURCE TEXT
  VALUE

  0000                00097         extern  _TRISA
  0000                00098         extern  _TRISB
  0000                00099         extern  _TRISC
  0000                00100         extern  _TRISD
  0000                00101         extern  _TRISE
  0000                00102         extern  _PIE1
  0000                00103         extern  _PIE2
  0000                00104         extern  _PCON
  0000                00105         extern  _SSPCON2
  0000                00106         extern  _PR2
  0000                00107         extern  _SSPADD
  0000                00108         extern  _SSPSTAT
  0000                00109         extern  _TXSTA
  0000                00110         extern  _SPBRG
  0000                00111         extern  _CMCON
  0000                00112         extern  _CVRCON
  0000                00113         extern  _ADRESL
  0000                00114         extern  _ADCON1
  0000                00115         extern  _EEDATA
  0000                00116         extern  _EEADR
  0000                00117         extern  _EEDATH
  0000                00118         extern  _EEADRH
  0000                00119         extern  _EECON1
  0000                00120         extern  _EECON2
  0000                00121         extern  ___sdcc_saved_fsr
                      00122 
  0000                00123         extern PSAVE
  0000                00124         extern SSAVE
  0000                00125         extern WSAVE
  0000                00126         extern STK12
  0000                00127         extern STK11
  0000                00128         extern STK10
  0000                00129         extern STK09
  0000                00130         extern STK08
  0000                00131         extern STK07
  0000                00132         extern STK06
  0000                00133         extern STK05
  0000                00134         extern STK04
  0000                00135         extern STK03
  0000                00136         extern STK02
  0000                00137         extern STK01
  0000                00138         extern STK00
                      00139 ;--------------------------------------------------------
                      00140 ; global declarations
                      00141 ;--------------------------------------------------------
  0000                00142         global  _TMR_Update
  0000                00143         global  _TMR_Stop
  0000                00144         global  _TMR_CheckOverFlow
  0000                00145         global  _TMR_Start
  0000                00146         global  _TMR_Init
                      00147 
                      00148 ;--------------------------------------------------------
                      00149 ; global definitions
gpasm-1.4.0 #1106 (Oct  6 2014) obj\Debug\Tim   6-30-2018  10:59:49         PAGE  4


LOC    OBJECT CODE    LINE  SOURCE TEXT
  VALUE

                      00150 ;--------------------------------------------------------
                      00151 ;--------------------------------------------------------
                      00152 ; absolute symbol definitions
                      00153 ;--------------------------------------------------------
                      00154 ;--------------------------------------------------------
                      00155 ; compiler-defined variables
                      00156 ;--------------------------------------------------------
                      00157 UDL_Timer_0     udata
0000                  00158 r0x1001 res     1
                      00159 ;--------------------------------------------------------
                      00160 ; initialized data
                      00161 ;--------------------------------------------------------
                      00162 ;--------------------------------------------------------
                      00163 ; overlayable items in internal ram 
                      00164 ;--------------------------------------------------------
                      00165 ;       udata_ovr
                      00166 ;--------------------------------------------------------
                      00167 ; interrupt and initialization code
                      00168 ;--------------------------------------------------------
                      00169 c_interrupt     code    0x4
0004                  00170 __sdcc_interrupt
                      00171 ;***
                      00172 ;  pBlock Stats: dbName = I
                      00173 ;***
                      00174 ;entry:  _TMR_Update    ;Function start
                      00175 ; 0 exit points
                      00176 ;functions called:
                      00177 ;   _SW_Update
                      00178 ;   _Control
                      00179 ;   _sensor_update
                      00180 ;   _SW_Update
                      00181 ;   _Control
                      00182 ;   _sensor_update
                      00183 ;; Starting pCode block
                      00184 ;;; /home/sdcc-builder/build/sdcc-build/orig/sdcc/src/pic14/gen.c:2316:resultRemat *{*
                      00185 ;;; /home/sdcc-builder/build/sdcc-build/orig/sdcc/src/pic14/gen.c:2760:genLabel *{*
                      00186 ;; ***  genLabel  2763
                      00187 ;;; /home/sdcc-builder/build/sdcc-build/orig/sdcc/src/pic14/gen.c:2316:resultRemat *{*
                      00188 ;;; /home/sdcc-builder/build/sdcc-build/orig/sdcc/src/pic14/gen.c:2340:genFunction *{*
                      00189 ;; ***  genFunction  2342 curr label offset=16previous max_key=0 
0004                  00190 _TMR_Update     ;Function start
                      00191 ; 0 exit points
                      00192 ;; >>> /home/sdcc-builder/build/sdcc-build/orig/sdcc/src/pic14/gen.c:2407:genFunction
                      00193         .line   30; "Timer.c"   void TMR_Update(void) __interrupt 0
0004   00??           00194         MOVWF   WSAVE
                      00195 ;; >>> /home/sdcc-builder/build/sdcc-build/orig/sdcc/src/pic14/gen.c:2408:genFunction
0005   0E03           00196         SWAPF   STATUS,W
                      00197 ;; >>> /home/sdcc-builder/build/sdcc-build/orig/sdcc/src/pic14/gen.c:2413:genFunction
0006   0183           00198         CLRF    STATUS
                      00199 ;; >>> /home/sdcc-builder/build/sdcc-build/orig/sdcc/src/pic14/gen.c:2414:genFunction
0007   00??           00200         MOVWF   SSAVE
                      00201 ;; >>> /home/sdcc-builder/build/sdcc-build/orig/sdcc/src/pic14/gen.c:2416:genFunction
0008   080A           00202         MOVF    PCLATH,W
gpasm-1.4.0 #1106 (Oct  6 2014) obj\Debug\Tim   6-30-2018  10:59:49         PAGE  5


LOC    OBJECT CODE    LINE  SOURCE TEXT
  VALUE

                      00203 ;; >>> /home/sdcc-builder/build/sdcc-build/orig/sdcc/src/pic14/gen.c:2418:genFunction
0009   018A           00204         CLRF    PCLATH
                      00205 ;; >>> /home/sdcc-builder/build/sdcc-build/orig/sdcc/src/pic14/gen.c:2419:genFunction
000A   00??           00206         MOVWF   PSAVE
                      00207 ;; >>> /home/sdcc-builder/build/sdcc-build/orig/sdcc/src/pic14/gen.c:2421:genFunction
000B   0804           00208         MOVF    FSR,W
                      00209 ;; >>> /home/sdcc-builder/build/sdcc-build/orig/sdcc/src/pic14/gen.c:2422:genFunction
000C   ???? ????      00210         BANKSEL ___sdcc_saved_fsr
000E   00??           00211         MOVWF   ___sdcc_saved_fsr
                      00212 ;;; /home/sdcc-builder/build/sdcc-build/orig/sdcc/src/pic14/gen.c:2316:resultRemat *{*
                      00213 ;;; /home/sdcc-builder/build/sdcc-build/orig/sdcc/src/pic14/gen.c:2086:genCall *{*
                      00214 ;; ***  genCall  2088
                      00215 ;;; /home/sdcc-builder/build/sdcc-build/orig/sdcc/src/pic14/gen.c:1801:saveRegisters *{*
                      00216 ;; ***  saveRegisters  1803
                      00217 ;; >>> /home/sdcc-builder/build/sdcc-build/orig/sdcc/src/pic14/gen.c:2173:genCall
                      00218         .line   33; "Timer.c"   SW_Update();
000F   ???? ????      00219         PAGESEL _SW_Update
                      00220 ;; >>> /home/sdcc-builder/build/sdcc-build/orig/sdcc/src/pic14/gen.c:2175:genCall
0011   2???           00221         CALL    _SW_Update
                      00222 ;; >>> /home/sdcc-builder/build/sdcc-build/orig/sdcc/src/pic14/gen.c:2181:genCall
0012   ???? ????      00223         PAGESEL $
                      00224 ;;; /home/sdcc-builder/build/sdcc-build/orig/sdcc/src/pic14/gen.c:1845:unsaveRegisters *{*
                      00225 ;; ***  unsaveRegisters  1847
                      00226 ;;; /home/sdcc-builder/build/sdcc-build/orig/sdcc/src/pic14/gen.c:2316:resultRemat *{*
                      00227 ;;; /home/sdcc-builder/build/sdcc-build/orig/sdcc/src/pic14/gen.c:2086:genCall *{*
                      00228 ;; ***  genCall  2088
                      00229 ;;; /home/sdcc-builder/build/sdcc-build/orig/sdcc/src/pic14/gen.c:1801:saveRegisters *{*
                      00230 ;; ***  saveRegisters  1803
                      00231 ;; >>> /home/sdcc-builder/build/sdcc-build/orig/sdcc/src/pic14/gen.c:2173:genCall
                      00232         .line   34; "Timer.c"   Control();
0014   ???? ????      00233         PAGESEL _Control
                      00234 ;; >>> /home/sdcc-builder/build/sdcc-build/orig/sdcc/src/pic14/gen.c:2175:genCall
0016   2???           00235         CALL    _Control
                      00236 ;; >>> /home/sdcc-builder/build/sdcc-build/orig/sdcc/src/pic14/gen.c:2181:genCall
0017   ???? ????      00237         PAGESEL $
                      00238 ;;; /home/sdcc-builder/build/sdcc-build/orig/sdcc/src/pic14/gen.c:1845:unsaveRegisters *{*
                      00239 ;; ***  unsaveRegisters  1847
                      00240 ;;; /home/sdcc-builder/build/sdcc-build/orig/sdcc/src/pic14/gen.c:2316:resultRemat *{*
                      00241 ;;; /home/sdcc-builder/build/sdcc-build/orig/sdcc/src/pic14/gen.c:2086:genCall *{*
                      00242 ;; ***  genCall  2088
                      00243 ;;; /home/sdcc-builder/build/sdcc-build/orig/sdcc/src/pic14/gen.c:1801:saveRegisters *{*
                      00244 ;; ***  saveRegisters  1803
                      00245 ;; >>> /home/sdcc-builder/build/sdcc-build/orig/sdcc/src/pic14/gen.c:2173:genCall
                      00246         .line   35; "Timer.c"   sensor_update();
0019   ???? ????      00247         PAGESEL _sensor_update
                      00248 ;; >>> /home/sdcc-builder/build/sdcc-build/orig/sdcc/src/pic14/gen.c:2175:genCall
001B   2???           00249         CALL    _sensor_update
                      00250 ;; >>> /home/sdcc-builder/build/sdcc-build/orig/sdcc/src/pic14/gen.c:2181:genCall
001C   ???? ????      00251         PAGESEL $
                      00252 ;;; /home/sdcc-builder/build/sdcc-build/orig/sdcc/src/pic14/gen.c:1845:unsaveRegisters *{*
                      00253 ;; ***  unsaveRegisters  1847
                      00254 ;;; /home/sdcc-builder/build/sdcc-build/orig/sdcc/src/pic14/gen.c:2316:resultRemat *{*
                      00255 ;;; /home/sdcc-builder/build/sdcc-build/orig/sdcc/src/pic14/gen.c:2316:resultRemat *{*
gpasm-1.4.0 #1106 (Oct  6 2014) obj\Debug\Tim   6-30-2018  10:59:49         PAGE  6


LOC    OBJECT CODE    LINE  SOURCE TEXT
  VALUE

                      00256 ;;; /home/sdcc-builder/build/sdcc-build/orig/sdcc/src/pic14/gen.c:6686:genPointerSet *{*
                      00257 ;; ***  genPointerSet  6687
                      00258 ;;; /home/sdcc-builder/build/sdcc-build/orig/sdcc/src/pic14/gen.c:6505:genNearPointerSet *{*
                      00259 ;; ***  genNearPointerSet  6506
                      00260 ;;      613
                      00261 ;;      aopForRemat 392
                      00262 ;;      418: rname _INTCONbits, val 0, const = 0
                      00263 ;; ***  genNearPointerSet  6521
                      00264 ;;      833: aopGet AOP_PCODE type PO_IMMEDIATE
                      00265 ;;      _INTCONbits
                      00266 ;;      line = 6523 result AOP_PCODE=_INTCONbits, size=2, left -=-, size=0, right AOP_LIT=0x00, size=1
                      00267 ;;; /home/sdcc-builder/build/sdcc-build/orig/sdcc/src/pic14/gen.c:6249:genPackBits *{*
                      00268 ;; ***  genPackBits  6250
                      00269 ;;      833: aopGet AOP_PCODE type PO_IMMEDIATE
                      00270 ;;      _INTCONbits
                      00271 ;; >>> /home/sdcc-builder/build/sdcc-build/orig/sdcc/src/pic14/gen.c:6275:genPackBits
                      00272         .line   37; "Timer.c"   TMR_CLEAR_FLAG;
001E   ???? ????      00273         BANKSEL _INTCONbits
0020   11??           00274         BCF     _INTCONbits,2
                      00275 ;;; /home/sdcc-builder/build/sdcc-build/orig/sdcc/src/pic14/gen.c:2316:resultRemat *{*
                      00276 ;;; /home/sdcc-builder/build/sdcc-build/orig/sdcc/src/pic14/gen.c:6927:genAssign *{*
                      00277 ;; ***  genAssign  6928
                      00278 ;; ***  aopForSym 315
                      00279 ;;      327 sym->rname = _TMR0, size = 1
                      00280 ;;      line = 6937 result AOP_DIR=_TMR0, size=1, left -=-, size=0, right AOP_LIT=0x70, size=1
                      00281 ;; ***  genAssign  7023
                      00282 ;; >>> /home/sdcc-builder/build/sdcc-build/orig/sdcc/src/pic14/gen.c:7030:genAssign
                      00283         .line   38; "Timer.c"   TMR_UPDATE_REGISTER(TMR_TICK_MS);
0021   3070           00284         MOVLW   0x70
                      00285 ;; >>> /home/sdcc-builder/build/sdcc-build/orig/sdcc/src/pic14/gen.c:7032:genAssign
                      00286 ;;      1009
                      00287 ;;      1028  _TMR0   offset=0
0022   00??           00288         MOVWF   _TMR0
                      00289 ;;; /home/sdcc-builder/build/sdcc-build/orig/sdcc/src/pic14/gen.c:2316:resultRemat *{*
                      00290 ;;; /home/sdcc-builder/build/sdcc-build/orig/sdcc/src/pic14/gen.c:2760:genLabel *{*
                      00291 ;; ***  genLabel  2763
                      00292 ;;; /home/sdcc-builder/build/sdcc-build/orig/sdcc/src/pic14/gen.c:2316:resultRemat *{*
                      00293 ;;; /home/sdcc-builder/build/sdcc-build/orig/sdcc/src/pic14/gen.c:2528:genEndFunction *{*
                      00294 ;; ***  genEndFunction  2530
                      00295 ;;; /home/sdcc-builder/build/sdcc-build/orig/sdcc/src/pic14/gen.c:2023:unsaverbank *{*
                      00296 ;; ***  unsaverbank  2025 - WARNING no code generated
                      00297 ;; >>> /home/sdcc-builder/build/sdcc-build/orig/sdcc/src/pic14/gen.c:2622:genEndFunction
0023   ???? ????      00298         BANKSEL ___sdcc_saved_fsr
0025   08??           00299         MOVF    ___sdcc_saved_fsr,W
                      00300 ;; >>> /home/sdcc-builder/build/sdcc-build/orig/sdcc/src/pic14/gen.c:2623:genEndFunction
0026   1283 1303      00301         BANKSEL FSR
0028   0084           00302         MOVWF   FSR
                      00303 ;; >>> /home/sdcc-builder/build/sdcc-build/orig/sdcc/src/pic14/gen.c:2625:genEndFunction
0029   08??           00304         MOVF    PSAVE,W
                      00305 ;; >>> /home/sdcc-builder/build/sdcc-build/orig/sdcc/src/pic14/gen.c:2626:genEndFunction
002A   008A           00306         MOVWF   PCLATH
                      00307 ;; >>> /home/sdcc-builder/build/sdcc-build/orig/sdcc/src/pic14/gen.c:2627:genEndFunction
002B   0183           00308         CLRF    STATUS
gpasm-1.4.0 #1106 (Oct  6 2014) obj\Debug\Tim   6-30-2018  10:59:49         PAGE  7


LOC    OBJECT CODE    LINE  SOURCE TEXT
  VALUE

                      00309 ;; >>> /home/sdcc-builder/build/sdcc-build/orig/sdcc/src/pic14/gen.c:2629:genEndFunction
002C   0E??           00310         SWAPF   SSAVE,W
                      00311 ;; >>> /home/sdcc-builder/build/sdcc-build/orig/sdcc/src/pic14/gen.c:2630:genEndFunction
002D   0083           00312         MOVWF   STATUS
                      00313 ;; >>> /home/sdcc-builder/build/sdcc-build/orig/sdcc/src/pic14/gen.c:2631:genEndFunction
002E   0E??           00314         SWAPF   WSAVE,F
                      00315 ;; >>> /home/sdcc-builder/build/sdcc-build/orig/sdcc/src/pic14/gen.c:2632:genEndFunction
002F   0E??           00316         SWAPF   WSAVE,W
0030                  00317 END_OF_INTERRUPT
0030   0009           00318         RETFIE  
                      00319 
                      00320 ;--------------------------------------------------------
                      00321 ; code
                      00322 ;--------------------------------------------------------
                      00323 code_Timer      code
                      00324 ;***
                      00325 ;  pBlock Stats: dbName = C
                      00326 ;***
                      00327 ;entry:  _TMR_Stop      ;Function start
                      00328 ; 2 exit points
                      00329 ;has an exit
                      00330 ;; Starting pCode block
                      00331 ;;; /home/sdcc-builder/build/sdcc-build/orig/sdcc/src/pic14/gen.c:2316:resultRemat *{*
                      00332 ;;; /home/sdcc-builder/build/sdcc-build/orig/sdcc/src/pic14/gen.c:2760:genLabel *{*
                      00333 ;; ***  genLabel  2763
                      00334 ;;; /home/sdcc-builder/build/sdcc-build/orig/sdcc/src/pic14/gen.c:2316:resultRemat *{*
                      00335 ;;; /home/sdcc-builder/build/sdcc-build/orig/sdcc/src/pic14/gen.c:2340:genFunction *{*
                      00336 ;; ***  genFunction  2342 curr label offset=12previous max_key=0 
0000                  00337 _TMR_Stop       ;Function start
                      00338 ; 2 exit points
                      00339 ;;; /home/sdcc-builder/build/sdcc-build/orig/sdcc/src/pic14/gen.c:2316:resultRemat *{*
                      00340 ;;; /home/sdcc-builder/build/sdcc-build/orig/sdcc/src/pic14/gen.c:2316:resultRemat *{*
                      00341 ;;; /home/sdcc-builder/build/sdcc-build/orig/sdcc/src/pic14/gen.c:6686:genPointerSet *{*
                      00342 ;; ***  genPointerSet  6687
                      00343 ;;; /home/sdcc-builder/build/sdcc-build/orig/sdcc/src/pic14/gen.c:6505:genNearPointerSet *{*
                      00344 ;; ***  genNearPointerSet  6506
                      00345 ;;      613
                      00346 ;;      aopForRemat 392
                      00347 ;;      418: rname _OPTION_REGbits, val 0, const = 0
                      00348 ;; ***  genNearPointerSet  6521
                      00349 ;;      833: aopGet AOP_PCODE type PO_IMMEDIATE
                      00350 ;;      _OPTION_REGbits
                      00351 ;;      line = 6523 result AOP_PCODE=_OPTION_REGbits, size=2, left -=-, size=0, right AOP_LIT=0x01, size
                            =1
                      00352 ;;; /home/sdcc-builder/build/sdcc-build/orig/sdcc/src/pic14/gen.c:6249:genPackBits *{*
                      00353 ;; ***  genPackBits  6250
                      00354 ;;      833: aopGet AOP_PCODE type PO_IMMEDIATE
                      00355 ;;      _OPTION_REGbits
                      00356 ;; >>> /home/sdcc-builder/build/sdcc-build/orig/sdcc/src/pic14/gen.c:6275:genPackBits
                      00357         .line   27; "Timer.c"   TMR_DISABLE_CLOCK;
0000   ???? ????      00358         BANKSEL _OPTION_REGbits
0002   16??           00359         BSF     _OPTION_REGbits,5
                      00360 ;;; /home/sdcc-builder/build/sdcc-build/orig/sdcc/src/pic14/gen.c:2316:resultRemat *{*
gpasm-1.4.0 #1106 (Oct  6 2014) obj\Debug\Tim   6-30-2018  10:59:49         PAGE  8


LOC    OBJECT CODE    LINE  SOURCE TEXT
  VALUE

                      00361 ;;; /home/sdcc-builder/build/sdcc-build/orig/sdcc/src/pic14/gen.c:2760:genLabel *{*
                      00362 ;; ***  genLabel  2763
                      00363 ;;; /home/sdcc-builder/build/sdcc-build/orig/sdcc/src/pic14/gen.c:2316:resultRemat *{*
                      00364 ;;; /home/sdcc-builder/build/sdcc-build/orig/sdcc/src/pic14/gen.c:2528:genEndFunction *{*
                      00365 ;; ***  genEndFunction  2530
0003   0008           00366         RETURN  
                      00367 ; exit point of _TMR_Stop
                      00368 ;;; /home/sdcc-builder/build/sdcc-build/orig/sdcc/src/pic14/gen.c:7426:genpic14Code *{*
                      00369 
                      00370 ;***
                      00371 ;  pBlock Stats: dbName = C
                      00372 ;***
                      00373 ;entry:  _TMR_CheckOverFlow     ;Function start
                      00374 ; 2 exit points
                      00375 ;has an exit
                      00376 ;1 compiler assigned register :
                      00377 ;   r0x1001
                      00378 ;; Starting pCode block
                      00379 ;;; /home/sdcc-builder/build/sdcc-build/orig/sdcc/src/pic14/gen.c:2316:resultRemat *{*
                      00380 ;;; /home/sdcc-builder/build/sdcc-build/orig/sdcc/src/pic14/gen.c:2760:genLabel *{*
                      00381 ;; ***  genLabel  2763
                      00382 ;;; /home/sdcc-builder/build/sdcc-build/orig/sdcc/src/pic14/gen.c:2316:resultRemat *{*
                      00383 ;;; /home/sdcc-builder/build/sdcc-build/orig/sdcc/src/pic14/gen.c:2340:genFunction *{*
                      00384 ;; ***  genFunction  2342 curr label offset=8previous max_key=0 
0004                  00385 _TMR_CheckOverFlow      ;Function start
                      00386 ; 2 exit points
                      00387 ;;; /home/sdcc-builder/build/sdcc-build/orig/sdcc/src/pic14/gen.c:2316:resultRemat *{*
                      00388 ;;; /home/sdcc-builder/build/sdcc-build/orig/sdcc/src/pic14/gen.c:2316:resultRemat *{*
                      00389 ;;; /home/sdcc-builder/build/sdcc-build/orig/sdcc/src/pic14/gen.c:6162:genPointerGet *{*
                      00390 ;; ***  genPointerGet  6163
                      00391 ;;; /home/sdcc-builder/build/sdcc-build/orig/sdcc/src/pic14/gen.c:5944:genNearPointerGet *{*
                      00392 ;; ***  genNearPointerGet  5945
                      00393 ;;      613
                      00394 ;;      aopForRemat 392
                      00395 ;;      418: rname _INTCONbits, val 0, const = 0
                      00396 ;; ***  genNearPointerGet  5961
                      00397 ;;      694 register type nRegs=1
                      00398 ;;; /home/sdcc-builder/build/sdcc-build/orig/sdcc/src/pic14/gen.c:5760:genUnpackBits *{*
                      00399 ;; ***  genUnpackBits  5761
                      00400 ;; >>> /home/sdcc-builder/build/sdcc-build/orig/sdcc/src/pic14/gen.c:5799:genUnpackBits
                      00401 ;;      1109 rIdx = r0x1048 
                      00402         .line   23; "Timer.c"   return TMR_GET_FLAG;
0004   ???? ????      00403         BANKSEL r0x1001
0006   01??           00404         CLRF    r0x1001
                      00405 ;; >>> /home/sdcc-builder/build/sdcc-build/orig/sdcc/src/pic14/gen.c:5805:genUnpackBits
                      00406 ;;      833: aopGet AOP_PCODE type PO_IMMEDIATE
                      00407 ;;      _INTCONbits
0007   ???? ????      00408         BANKSEL _INTCONbits
0009   1D??           00409         BTFSS   _INTCONbits,2
000A   2???           00410         GOTO    _00001_DS_
                      00411 ;; >>> /home/sdcc-builder/build/sdcc-build/orig/sdcc/src/pic14/gen.c:5835:genUnpackBits
                      00412 ;;      1109 rIdx = r0x1048 
000B   ???? ????      00413         BANKSEL r0x1001
gpasm-1.4.0 #1106 (Oct  6 2014) obj\Debug\Tim   6-30-2018  10:59:49         PAGE  9


LOC    OBJECT CODE    LINE  SOURCE TEXT
  VALUE

000D   0A??           00414         INCF    r0x1001,F
                      00415 ;; ***  addSign  861
                      00416 ;;; /home/sdcc-builder/build/sdcc-build/orig/sdcc/src/pic14/genarith.c:862:addSign *{*
                      00417 ;;; /home/sdcc-builder/build/sdcc-build/orig/sdcc/src/pic14/gen.c:2316:resultRemat *{*
                      00418 ;;; /home/sdcc-builder/build/sdcc-build/orig/sdcc/src/pic14/gen.c:2683:genRet *{*
                      00419 ;; ***  genRet  2685
                      00420 ;;      694 register type nRegs=1
                      00421 ;;; /home/sdcc-builder/build/sdcc-build/orig/sdcc/src/pic14/gen.c:1343:mov2w_op *{*
                      00422 ;; ***  mov2w  1381  offset=0
                      00423 ;; >>> /home/sdcc-builder/build/sdcc-build/orig/sdcc/src/pic14/gen.c:1386:mov2w
                      00424 ;;      1109 rIdx = r0x1048 
000E                  00425 _00001_DS_
000E   ???? ????      00426         BANKSEL r0x1001
0010   08??           00427         MOVF    r0x1001,W
                      00428 ;;; /home/sdcc-builder/build/sdcc-build/orig/sdcc/src/pic14/gen.c:2316:resultRemat *{*
                      00429 ;;; /home/sdcc-builder/build/sdcc-build/orig/sdcc/src/pic14/gen.c:2760:genLabel *{*
                      00430 ;; ***  genLabel  2763
                      00431 ;;; /home/sdcc-builder/build/sdcc-build/orig/sdcc/src/pic14/gen.c:2316:resultRemat *{*
                      00432 ;;; /home/sdcc-builder/build/sdcc-build/orig/sdcc/src/pic14/gen.c:2528:genEndFunction *{*
                      00433 ;; ***  genEndFunction  2530
0011   0008           00434         RETURN  
                      00435 ; exit point of _TMR_CheckOverFlow
                      00436 ;;; /home/sdcc-builder/build/sdcc-build/orig/sdcc/src/pic14/gen.c:7426:genpic14Code *{*
                      00437 
                      00438 ;***
                      00439 ;  pBlock Stats: dbName = C
                      00440 ;***
                      00441 ;entry:  _TMR_Start     ;Function start
                      00442 ; 2 exit points
                      00443 ;has an exit
                      00444 ;; Starting pCode block
                      00445 ;;; /home/sdcc-builder/build/sdcc-build/orig/sdcc/src/pic14/gen.c:2316:resultRemat *{*
                      00446 ;;; /home/sdcc-builder/build/sdcc-build/orig/sdcc/src/pic14/gen.c:2760:genLabel *{*
                      00447 ;; ***  genLabel  2763
                      00448 ;;; /home/sdcc-builder/build/sdcc-build/orig/sdcc/src/pic14/gen.c:2316:resultRemat *{*
                      00449 ;;; /home/sdcc-builder/build/sdcc-build/orig/sdcc/src/pic14/gen.c:2340:genFunction *{*
                      00450 ;; ***  genFunction  2342 curr label offset=4previous max_key=0 
0012                  00451 _TMR_Start      ;Function start
                      00452 ; 2 exit points
                      00453 ;;; /home/sdcc-builder/build/sdcc-build/orig/sdcc/src/pic14/gen.c:2316:resultRemat *{*
                      00454 ;;; /home/sdcc-builder/build/sdcc-build/orig/sdcc/src/pic14/gen.c:2316:resultRemat *{*
                      00455 ;;; /home/sdcc-builder/build/sdcc-build/orig/sdcc/src/pic14/gen.c:6686:genPointerSet *{*
                      00456 ;; ***  genPointerSet  6687
                      00457 ;;; /home/sdcc-builder/build/sdcc-build/orig/sdcc/src/pic14/gen.c:6505:genNearPointerSet *{*
                      00458 ;; ***  genNearPointerSet  6506
                      00459 ;;      613
                      00460 ;;      aopForRemat 392
                      00461 ;;      418: rname _INTCONbits, val 0, const = 0
                      00462 ;; ***  genNearPointerSet  6521
                      00463 ;;      833: aopGet AOP_PCODE type PO_IMMEDIATE
                      00464 ;;      _INTCONbits
                      00465 ;;      line = 6523 result AOP_PCODE=_INTCONbits, size=2, left -=-, size=0, right AOP_LIT=0x00, size=1
                      00466 ;;; /home/sdcc-builder/build/sdcc-build/orig/sdcc/src/pic14/gen.c:6249:genPackBits *{*
gpasm-1.4.0 #1106 (Oct  6 2014) obj\Debug\Tim   6-30-2018  10:59:49         PAGE 10


LOC    OBJECT CODE    LINE  SOURCE TEXT
  VALUE

                      00467 ;; ***  genPackBits  6250
                      00468 ;;      833: aopGet AOP_PCODE type PO_IMMEDIATE
                      00469 ;;      _INTCONbits
                      00470 ;; >>> /home/sdcc-builder/build/sdcc-build/orig/sdcc/src/pic14/gen.c:6275:genPackBits
                      00471         .line   15; "Timer.c"   TMR_CLEAR_FLAG;
0012   ???? ????      00472         BANKSEL _INTCONbits
0014   11??           00473         BCF     _INTCONbits,2
                      00474 ;;; /home/sdcc-builder/build/sdcc-build/orig/sdcc/src/pic14/gen.c:2316:resultRemat *{*
                      00475 ;;; /home/sdcc-builder/build/sdcc-build/orig/sdcc/src/pic14/gen.c:6927:genAssign *{*
                      00476 ;; ***  genAssign  6928
                      00477 ;; ***  aopForSym 315
                      00478 ;;      327 sym->rname = _TMR0, size = 1
                      00479 ;;      line = 6937 result AOP_DIR=_TMR0, size=1, left -=-, size=0, right AOP_LIT=0x70, size=1
                      00480 ;; ***  genAssign  7023
                      00481 ;; >>> /home/sdcc-builder/build/sdcc-build/orig/sdcc/src/pic14/gen.c:7030:genAssign
                      00482         .line   16; "Timer.c"   TMR_UPDATE_REGISTER(TMR_TICK_MS);
0015   3070           00483         MOVLW   0x70
                      00484 ;; >>> /home/sdcc-builder/build/sdcc-build/orig/sdcc/src/pic14/gen.c:7032:genAssign
                      00485 ;;      1009
                      00486 ;;      1028  _TMR0   offset=0
0016   00??           00487         MOVWF   _TMR0
                      00488 ;;; /home/sdcc-builder/build/sdcc-build/orig/sdcc/src/pic14/gen.c:2316:resultRemat *{*
                      00489 ;;; /home/sdcc-builder/build/sdcc-build/orig/sdcc/src/pic14/gen.c:2316:resultRemat *{*
                      00490 ;;; /home/sdcc-builder/build/sdcc-build/orig/sdcc/src/pic14/gen.c:6686:genPointerSet *{*
                      00491 ;; ***  genPointerSet  6687
                      00492 ;;; /home/sdcc-builder/build/sdcc-build/orig/sdcc/src/pic14/gen.c:6505:genNearPointerSet *{*
                      00493 ;; ***  genNearPointerSet  6506
                      00494 ;;      613
                      00495 ;;      aopForRemat 392
                      00496 ;;      418: rname _INTCONbits, val 0, const = 0
                      00497 ;; ***  genNearPointerSet  6521
                      00498 ;;      833: aopGet AOP_PCODE type PO_IMMEDIATE
                      00499 ;;      _INTCONbits
                      00500 ;;      line = 6523 result AOP_PCODE=_INTCONbits, size=2, left -=-, size=0, right AOP_LIT=0x01, size=1
                      00501 ;;; /home/sdcc-builder/build/sdcc-build/orig/sdcc/src/pic14/gen.c:6249:genPackBits *{*
                      00502 ;; ***  genPackBits  6250
                      00503 ;;      833: aopGet AOP_PCODE type PO_IMMEDIATE
                      00504 ;;      _INTCONbits
                      00505 ;; >>> /home/sdcc-builder/build/sdcc-build/orig/sdcc/src/pic14/gen.c:6275:genPackBits
                      00506         .line   17; "Timer.c"   TMR_ENABLE_INTERRUPT;
0017   16??           00507         BSF     _INTCONbits,5
                      00508 ;;; /home/sdcc-builder/build/sdcc-build/orig/sdcc/src/pic14/gen.c:2316:resultRemat *{*
                      00509 ;;; /home/sdcc-builder/build/sdcc-build/orig/sdcc/src/pic14/gen.c:2316:resultRemat *{*
                      00510 ;;; /home/sdcc-builder/build/sdcc-build/orig/sdcc/src/pic14/gen.c:6686:genPointerSet *{*
                      00511 ;; ***  genPointerSet  6687
                      00512 ;;; /home/sdcc-builder/build/sdcc-build/orig/sdcc/src/pic14/gen.c:6505:genNearPointerSet *{*
                      00513 ;; ***  genNearPointerSet  6506
                      00514 ;;      613
                      00515 ;;      aopForRemat 392
                      00516 ;;      418: rname _INTCONbits, val 0, const = 0
                      00517 ;; ***  genNearPointerSet  6521
                      00518 ;;      833: aopGet AOP_PCODE type PO_IMMEDIATE
                      00519 ;;      _INTCONbits
gpasm-1.4.0 #1106 (Oct  6 2014) obj\Debug\Tim   6-30-2018  10:59:49         PAGE 11


LOC    OBJECT CODE    LINE  SOURCE TEXT
  VALUE

                      00520 ;;      line = 6523 result AOP_PCODE=_INTCONbits, size=2, left -=-, size=0, right AOP_LIT=0x01, size=1
                      00521 ;;; /home/sdcc-builder/build/sdcc-build/orig/sdcc/src/pic14/gen.c:6249:genPackBits *{*
                      00522 ;; ***  genPackBits  6250
                      00523 ;;      833: aopGet AOP_PCODE type PO_IMMEDIATE
                      00524 ;;      _INTCONbits
                      00525 ;; >>> /home/sdcc-builder/build/sdcc-build/orig/sdcc/src/pic14/gen.c:6275:genPackBits
                      00526         .line   18; "Timer.c"   GLOBAL_INTERRUPT_ENABLE;
0018   17??           00527         BSF     _INTCONbits,7
                      00528 ;;; /home/sdcc-builder/build/sdcc-build/orig/sdcc/src/pic14/gen.c:2316:resultRemat *{*
                      00529 ;;; /home/sdcc-builder/build/sdcc-build/orig/sdcc/src/pic14/gen.c:2316:resultRemat *{*
                      00530 ;;; /home/sdcc-builder/build/sdcc-build/orig/sdcc/src/pic14/gen.c:6686:genPointerSet *{*
                      00531 ;; ***  genPointerSet  6687
                      00532 ;;; /home/sdcc-builder/build/sdcc-build/orig/sdcc/src/pic14/gen.c:6505:genNearPointerSet *{*
                      00533 ;; ***  genNearPointerSet  6506
                      00534 ;;      613
                      00535 ;;      aopForRemat 392
                      00536 ;;      418: rname _OPTION_REGbits, val 0, const = 0
                      00537 ;; ***  genNearPointerSet  6521
                      00538 ;;      833: aopGet AOP_PCODE type PO_IMMEDIATE
                      00539 ;;      _OPTION_REGbits
                      00540 ;;      line = 6523 result AOP_PCODE=_OPTION_REGbits, size=2, left -=-, size=0, right AOP_LIT=0x00, size
                            =1
                      00541 ;;; /home/sdcc-builder/build/sdcc-build/orig/sdcc/src/pic14/gen.c:6249:genPackBits *{*
                      00542 ;; ***  genPackBits  6250
                      00543 ;;      833: aopGet AOP_PCODE type PO_IMMEDIATE
                      00544 ;;      _OPTION_REGbits
                      00545 ;; >>> /home/sdcc-builder/build/sdcc-build/orig/sdcc/src/pic14/gen.c:6275:genPackBits
                      00546         .line   19; "Timer.c"   TMR_ENABLE_CLOCK;
0019   ???? ????      00547         BANKSEL _OPTION_REGbits
001B   12??           00548         BCF     _OPTION_REGbits,5
                      00549 ;;; /home/sdcc-builder/build/sdcc-build/orig/sdcc/src/pic14/gen.c:2316:resultRemat *{*
                      00550 ;;; /home/sdcc-builder/build/sdcc-build/orig/sdcc/src/pic14/gen.c:2760:genLabel *{*
                      00551 ;; ***  genLabel  2763
                      00552 ;;; /home/sdcc-builder/build/sdcc-build/orig/sdcc/src/pic14/gen.c:2316:resultRemat *{*
                      00553 ;;; /home/sdcc-builder/build/sdcc-build/orig/sdcc/src/pic14/gen.c:2528:genEndFunction *{*
                      00554 ;; ***  genEndFunction  2530
001C   0008           00555         RETURN  
                      00556 ; exit point of _TMR_Start
                      00557 ;;; /home/sdcc-builder/build/sdcc-build/orig/sdcc/src/pic14/gen.c:7426:genpic14Code *{*
                      00558 
                      00559 ;***
                      00560 ;  pBlock Stats: dbName = C
                      00561 ;***
                      00562 ;entry:  _TMR_Init      ;Function start
                      00563 ; 2 exit points
                      00564 ;has an exit
                      00565 ;; Starting pCode block
                      00566 ;;; /home/sdcc-builder/build/sdcc-build/orig/sdcc/src/pic14/gen.c:2316:resultRemat *{*
                      00567 ;;; /home/sdcc-builder/build/sdcc-build/orig/sdcc/src/pic14/gen.c:2760:genLabel *{*
                      00568 ;; ***  genLabel  2763
                      00569 ;;; /home/sdcc-builder/build/sdcc-build/orig/sdcc/src/pic14/gen.c:2316:resultRemat *{*
                      00570 ;;; /home/sdcc-builder/build/sdcc-build/orig/sdcc/src/pic14/gen.c:2340:genFunction *{*
                      00571 ;; ***  genFunction  2342 curr label offset=0previous max_key=0 
gpasm-1.4.0 #1106 (Oct  6 2014) obj\Debug\Tim   6-30-2018  10:59:49         PAGE 12


LOC    OBJECT CODE    LINE  SOURCE TEXT
  VALUE

001D                  00572 _TMR_Init       ;Function start
                      00573 ; 2 exit points
                      00574 ;;; /home/sdcc-builder/build/sdcc-build/orig/sdcc/src/pic14/gen.c:2316:resultRemat *{*
                      00575 ;;; /home/sdcc-builder/build/sdcc-build/orig/sdcc/src/pic14/gen.c:2316:resultRemat *{*
                      00576 ;;; /home/sdcc-builder/build/sdcc-build/orig/sdcc/src/pic14/gen.c:6686:genPointerSet *{*
                      00577 ;; ***  genPointerSet  6687
                      00578 ;;; /home/sdcc-builder/build/sdcc-build/orig/sdcc/src/pic14/gen.c:6505:genNearPointerSet *{*
                      00579 ;; ***  genNearPointerSet  6506
                      00580 ;;      613
                      00581 ;;      aopForRemat 392
                      00582 ;;      418: rname _OPTION_REGbits, val 0, const = 0
                      00583 ;; ***  genNearPointerSet  6521
                      00584 ;;      833: aopGet AOP_PCODE type PO_IMMEDIATE
                      00585 ;;      _OPTION_REGbits
                      00586 ;;      line = 6523 result AOP_PCODE=_OPTION_REGbits, size=2, left -=-, size=0, right AOP_LIT=0x01, size
                            =1
                      00587 ;;; /home/sdcc-builder/build/sdcc-build/orig/sdcc/src/pic14/gen.c:6249:genPackBits *{*
                      00588 ;; ***  genPackBits  6250
                      00589 ;;      833: aopGet AOP_PCODE type PO_IMMEDIATE
                      00590 ;;      _OPTION_REGbits
                      00591 ;; >>> /home/sdcc-builder/build/sdcc-build/orig/sdcc/src/pic14/gen.c:6275:genPackBits
                      00592         .line   10; "Timer.c"   TMR_SET_PRESCALER_256;
001D   ???? ????      00593         BANKSEL _OPTION_REGbits
001F   15??           00594         BSF     _OPTION_REGbits,2
                      00595 ;;; /home/sdcc-builder/build/sdcc-build/orig/sdcc/src/pic14/gen.c:2316:resultRemat *{*
                      00596 ;;; /home/sdcc-builder/build/sdcc-build/orig/sdcc/src/pic14/gen.c:2316:resultRemat *{*
                      00597 ;;; /home/sdcc-builder/build/sdcc-build/orig/sdcc/src/pic14/gen.c:6686:genPointerSet *{*
                      00598 ;; ***  genPointerSet  6687
                      00599 ;;; /home/sdcc-builder/build/sdcc-build/orig/sdcc/src/pic14/gen.c:6505:genNearPointerSet *{*
                      00600 ;; ***  genNearPointerSet  6506
                      00601 ;;      613
                      00602 ;;      aopForRemat 392
                      00603 ;;      418: rname _OPTION_REGbits, val 0, const = 0
                      00604 ;; ***  genNearPointerSet  6521
                      00605 ;;      833: aopGet AOP_PCODE type PO_IMMEDIATE
                      00606 ;;      _OPTION_REGbits
                      00607 ;;      line = 6523 result AOP_PCODE=_OPTION_REGbits, size=2, left -=-, size=0, right AOP_LIT=0x01, size
                            =1
                      00608 ;;; /home/sdcc-builder/build/sdcc-build/orig/sdcc/src/pic14/gen.c:6249:genPackBits *{*
                      00609 ;; ***  genPackBits  6250
                      00610 ;;      833: aopGet AOP_PCODE type PO_IMMEDIATE
                      00611 ;;      _OPTION_REGbits
                      00612 ;; >>> /home/sdcc-builder/build/sdcc-build/orig/sdcc/src/pic14/gen.c:6275:genPackBits
0020   14??           00613         BSF     _OPTION_REGbits,1
                      00614 ;;; /home/sdcc-builder/build/sdcc-build/orig/sdcc/src/pic14/gen.c:2316:resultRemat *{*
                      00615 ;;; /home/sdcc-builder/build/sdcc-build/orig/sdcc/src/pic14/gen.c:2316:resultRemat *{*
                      00616 ;;; /home/sdcc-builder/build/sdcc-build/orig/sdcc/src/pic14/gen.c:6686:genPointerSet *{*
                      00617 ;; ***  genPointerSet  6687
                      00618 ;;; /home/sdcc-builder/build/sdcc-build/orig/sdcc/src/pic14/gen.c:6505:genNearPointerSet *{*
                      00619 ;; ***  genNearPointerSet  6506
                      00620 ;;      613
                      00621 ;;      aopForRemat 392
                      00622 ;;      418: rname _OPTION_REGbits, val 0, const = 0
gpasm-1.4.0 #1106 (Oct  6 2014) obj\Debug\Tim   6-30-2018  10:59:49         PAGE 13


LOC    OBJECT CODE    LINE  SOURCE TEXT
  VALUE

                      00623 ;; ***  genNearPointerSet  6521
                      00624 ;;      833: aopGet AOP_PCODE type PO_IMMEDIATE
                      00625 ;;      _OPTION_REGbits
                      00626 ;;      line = 6523 result AOP_PCODE=_OPTION_REGbits, size=2, left -=-, size=0, right AOP_LIT=0x01, size
                            =1
                      00627 ;;; /home/sdcc-builder/build/sdcc-build/orig/sdcc/src/pic14/gen.c:6249:genPackBits *{*
                      00628 ;; ***  genPackBits  6250
                      00629 ;;      833: aopGet AOP_PCODE type PO_IMMEDIATE
                      00630 ;;      _OPTION_REGbits
                      00631 ;; >>> /home/sdcc-builder/build/sdcc-build/orig/sdcc/src/pic14/gen.c:6275:genPackBits
0021   14??           00632         BSF     _OPTION_REGbits,0
                      00633 ;;; /home/sdcc-builder/build/sdcc-build/orig/sdcc/src/pic14/gen.c:2316:resultRemat *{*
                      00634 ;;; /home/sdcc-builder/build/sdcc-build/orig/sdcc/src/pic14/gen.c:2316:resultRemat *{*
                      00635 ;;; /home/sdcc-builder/build/sdcc-build/orig/sdcc/src/pic14/gen.c:6686:genPointerSet *{*
                      00636 ;; ***  genPointerSet  6687
                      00637 ;;; /home/sdcc-builder/build/sdcc-build/orig/sdcc/src/pic14/gen.c:6505:genNearPointerSet *{*
                      00638 ;; ***  genNearPointerSet  6506
                      00639 ;;      613
                      00640 ;;      aopForRemat 392
                      00641 ;;      418: rname _OPTION_REGbits, val 0, const = 0
                      00642 ;; ***  genNearPointerSet  6521
                      00643 ;;      833: aopGet AOP_PCODE type PO_IMMEDIATE
                      00644 ;;      _OPTION_REGbits
                      00645 ;;      line = 6523 result AOP_PCODE=_OPTION_REGbits, size=2, left -=-, size=0, right AOP_LIT=0x00, size
                            =1
                      00646 ;;; /home/sdcc-builder/build/sdcc-build/orig/sdcc/src/pic14/gen.c:6249:genPackBits *{*
                      00647 ;; ***  genPackBits  6250
                      00648 ;;      833: aopGet AOP_PCODE type PO_IMMEDIATE
                      00649 ;;      _OPTION_REGbits
                      00650 ;; >>> /home/sdcc-builder/build/sdcc-build/orig/sdcc/src/pic14/gen.c:6275:genPackBits
0022   11??           00651         BCF     _OPTION_REGbits,3
                      00652 ;;; /home/sdcc-builder/build/sdcc-build/orig/sdcc/src/pic14/gen.c:2316:resultRemat *{*
                      00653 ;;; /home/sdcc-builder/build/sdcc-build/orig/sdcc/src/pic14/gen.c:2316:resultRemat *{*
                      00654 ;;; /home/sdcc-builder/build/sdcc-build/orig/sdcc/src/pic14/gen.c:6686:genPointerSet *{*
                      00655 ;; ***  genPointerSet  6687
                      00656 ;;; /home/sdcc-builder/build/sdcc-build/orig/sdcc/src/pic14/gen.c:6505:genNearPointerSet *{*
                      00657 ;; ***  genNearPointerSet  6506
                      00658 ;;      613
                      00659 ;;      aopForRemat 392
                      00660 ;;      418: rname _OPTION_REGbits, val 0, const = 0
                      00661 ;; ***  genNearPointerSet  6521
                      00662 ;;      833: aopGet AOP_PCODE type PO_IMMEDIATE
                      00663 ;;      _OPTION_REGbits
                      00664 ;;      line = 6523 result AOP_PCODE=_OPTION_REGbits, size=2, left -=-, size=0, right AOP_LIT=0x01, size
                            =1
                      00665 ;;; /home/sdcc-builder/build/sdcc-build/orig/sdcc/src/pic14/gen.c:6249:genPackBits *{*
                      00666 ;; ***  genPackBits  6250
                      00667 ;;      833: aopGet AOP_PCODE type PO_IMMEDIATE
                      00668 ;;      _OPTION_REGbits
                      00669 ;; >>> /home/sdcc-builder/build/sdcc-build/orig/sdcc/src/pic14/gen.c:6275:genPackBits
                      00670         .line   11; "Timer.c"   TMR_DISABLE_CLOCK;
0023   16??           00671         BSF     _OPTION_REGbits,5
                      00672 ;;; /home/sdcc-builder/build/sdcc-build/orig/sdcc/src/pic14/gen.c:2316:resultRemat *{*
gpasm-1.4.0 #1106 (Oct  6 2014) obj\Debug\Tim   6-30-2018  10:59:49         PAGE 14


LOC    OBJECT CODE    LINE  SOURCE TEXT
  VALUE

                      00673 ;;; /home/sdcc-builder/build/sdcc-build/orig/sdcc/src/pic14/gen.c:2760:genLabel *{*
                      00674 ;; ***  genLabel  2763
                      00675 ;;; /home/sdcc-builder/build/sdcc-build/orig/sdcc/src/pic14/gen.c:2316:resultRemat *{*
                      00676 ;;; /home/sdcc-builder/build/sdcc-build/orig/sdcc/src/pic14/gen.c:2528:genEndFunction *{*
                      00677 ;; ***  genEndFunction  2530
0024   0008           00678         RETURN  
                      00679 ; exit point of _TMR_Init
                      00680 ;;; /home/sdcc-builder/build/sdcc-build/orig/sdcc/src/pic14/gen.c:7426:genpic14Code *{*
                      00681 
                      00682 
                      00683 ;       code size estimation:
                      00684 ;          46+   18 =    64 instructions (  164 byte)
                      00685 
                      00686         end
gpasm-1.4.0 #1106 (Oct  6 2014) obj\Debug\Tim   6-30-2018  10:59:49         PAGE 15


SYMBOL TABLE
  LABEL                             VALUE

ACKDT                             00000005
ACKEN                             00000004
ACKSTAT                           00000006
ADCON0                            0000001F
ADCON1                            0000009F
ADCS0                             00000006
ADCS1                             00000007
ADCS2                             00000006
ADDEN                             00000003
ADFM                              00000007
ADIE                              00000006
ADIF                              00000006
ADON                              00000000
ADRESH                            0000001E
ADRESL                            0000009E
BCLIE                             00000003
BCLIF                             00000003
BF                                00000000
BRGH                              00000002
C                                 00000000
C1INV                             00000004
C1OUT                             00000006
C2INV                             00000005
C2OUT                             00000007
CCP1CON                           00000017
CCP1IE                            00000002
CCP1IF                            00000002
CCP1M0                            00000000
CCP1M1                            00000001
CCP1M2                            00000002
CCP1M3                            00000003
CCP1X                             00000005
CCP1Y                             00000004
CCP2CON                           0000001D
CCP2IE                            00000000
CCP2IF                            00000000
CCP2M0                            00000000
CCP2M1                            00000001
CCP2M2                            00000002
CCP2M3                            00000003
CCP2X                             00000005
CCP2Y                             00000004
CCPR1                             00000015
CCPR1H                            00000016
CCPR1L                            00000015
CCPR2                             0000001B
CCPR2H                            0000001C
CCPR2L                            0000001B
CHS0                              00000003
CHS1                              00000004
CHS2                              00000005
CIS                               00000003
CKE                               00000006
gpasm-1.4.0 #1106 (Oct  6 2014) obj\Debug\Tim   6-30-2018  10:59:49         PAGE 16


SYMBOL TABLE
  LABEL                             VALUE 

CKP                               00000004
CM0                               00000000
CM1                               00000001
CM2                               00000002
CMCON                             0000009C
CMIE                              00000006
CMIF                              00000006
CREN                              00000004
CSRC                              00000007
CVR0                              00000000
CVR1                              00000001
CVR2                              00000002
CVR3                              00000003
CVRCON                            0000009D
CVREN                             00000007
CVROE                             00000006
CVRR                              00000005
D                                 00000005
DATA_ADDRESS                      00000005
DC                                00000001
D_A                               00000005
D_NOT_A                           00000005
EEADR                             0000010D
EEADRH                            0000010F
EECON1                            0000018C
EECON2                            0000018D
EEDATA                            0000010C
EEDATH                            0000010E
EEIE                              00000004
EEIF                              00000004
EEPGD                             00000007
END_OF_INTERRUPT                  00000030
F                                 00000001
FERR                              00000002
FSR                               00000004
GCEN                              00000007
GIE                               00000007
GO                                00000002
GO_DONE                           00000002
GO_NOT_DONE                       00000002
I2C_DATA                          00000005
I2C_READ                          00000002
I2C_START                         00000003
I2C_STOP                          00000004
IBF                               00000007
IBOV                              00000005
INDF                              00000000
INTCON                            0000000B
INTE                              00000004
INTEDG                            00000006
INTF                              00000001
IRP                               00000007
NOT_A                             00000005
gpasm-1.4.0 #1106 (Oct  6 2014) obj\Debug\Tim   6-30-2018  10:59:49         PAGE 17


SYMBOL TABLE
  LABEL                             VALUE 

NOT_ADDRESS                       00000005
NOT_BO                            00000000
NOT_BOR                           00000000
NOT_DONE                          00000002
NOT_PD                            00000003
NOT_POR                           00000001
NOT_RBPU                          00000007
NOT_RC8                           00000006
NOT_T1SYNC                        00000002
NOT_TO                            00000004
NOT_TX8                           00000006
NOT_W                             00000002
NOT_WRITE                         00000002
OBF                               00000006
OERR                              00000001
OPTION_REG                        00000081
P                                 00000004
PCFG0                             00000000
PCFG1                             00000001
PCFG2                             00000002
PCFG3                             00000003
PCL                               00000002
PCLATH                            0000000A
PCON                              0000008E
PEIE                              00000006
PEN                               00000002
PIE1                              0000008C
PIE2                              0000008D
PIR1                              0000000C
PIR2                              0000000D
PORTA                             00000005
PORTB                             00000006
PORTC                             00000007
PORTD                             00000008
PORTE                             00000009
PR2                               00000092
PS0                               00000000
PS1                               00000001
PS2                               00000002
PSA                               00000003
PSAVE                             00000000
PSPIE                             00000007
PSPIF                             00000007
PSPMODE                           00000004
R                                 00000002
RA0                               00000000
RA1                               00000001
RA2                               00000002
RA3                               00000003
RA4                               00000004
RA5                               00000005
RB0                               00000000
RB1                               00000001
gpasm-1.4.0 #1106 (Oct  6 2014) obj\Debug\Tim   6-30-2018  10:59:49         PAGE 18


SYMBOL TABLE
  LABEL                             VALUE 

RB2                               00000002
RB3                               00000003
RB4                               00000004
RB5                               00000005
RB6                               00000006
RB7                               00000007
RBIE                              00000003
RBIF                              00000000
RC0                               00000000
RC1                               00000001
RC2                               00000002
RC3                               00000003
RC4                               00000004
RC5                               00000005
RC6                               00000006
RC7                               00000007
RC8_9                             00000006
RC9                               00000006
RCD8                              00000000
RCEN                              00000003
RCIE                              00000005
RCIF                              00000005
RCREG                             0000001A
RCSTA                             00000018
RD                                00000000
RD0                               00000000
RD1                               00000001
RD2                               00000002
RD3                               00000003
RD4                               00000004
RD5                               00000005
RD6                               00000006
RD7                               00000007
RE0                               00000000
RE1                               00000001
RE2                               00000002
READ_WRITE                        00000002
RP0                               00000005
RP1                               00000006
RSEN                              00000001
RX9                               00000006
RX9D                              00000000
R_NOT_W                           00000002
R_W                               00000002
S                                 00000003
SEN                               00000000
SMP                               00000007
SPBRG                             00000099
SPEN                              00000007
SREN                              00000005
SSAVE                             00000000
SSPADD                            00000093
SSPBUF                            00000013
gpasm-1.4.0 #1106 (Oct  6 2014) obj\Debug\Tim   6-30-2018  10:59:49         PAGE 19


SYMBOL TABLE
  LABEL                             VALUE 

SSPCON                            00000014
SSPCON2                           00000091
SSPEN                             00000005
SSPIE                             00000003
SSPIF                             00000003
SSPM0                             00000000
SSPM1                             00000001
SSPM2                             00000002
SSPM3                             00000003
SSPOV                             00000006
SSPSTAT                           00000094
STATUS                            00000003
STK00                             00000000
STK01                             00000000
STK02                             00000000
STK03                             00000000
STK04                             00000000
STK05                             00000000
STK06                             00000000
STK07                             00000000
STK08                             00000000
STK09                             00000000
STK10                             00000000
STK11                             00000000
STK12                             00000000
SYNC                              00000004
T0CS                              00000005
T0IE                              00000005
T0IF                              00000002
T0SE                              00000004
T1CKPS0                           00000004
T1CKPS1                           00000005
T1CON                             00000010
T1INSYNC                          00000002
T1OSCEN                           00000003
T1SYNC                            00000002
T2CKPS0                           00000000
T2CKPS1                           00000001
T2CON                             00000012
TMR0                              00000001
TMR0IE                            00000005
TMR0IF                            00000002
TMR1                              0000000E
TMR1CS                            00000001
TMR1H                             0000000F
TMR1IE                            00000000
TMR1IF                            00000000
TMR1L                             0000000E
TMR1ON                            00000000
TMR2                              00000011
TMR2IE                            00000001
TMR2IF                            00000001
TMR2ON                            00000002
gpasm-1.4.0 #1106 (Oct  6 2014) obj\Debug\Tim   6-30-2018  10:59:49         PAGE 20


SYMBOL TABLE
  LABEL                             VALUE 

TOUTPS0                           00000003
TOUTPS1                           00000004
TOUTPS2                           00000005
TOUTPS3                           00000006
TRISA                             00000085
TRISA0                            00000000
TRISA1                            00000001
TRISA2                            00000002
TRISA3                            00000003
TRISA4                            00000004
TRISA5                            00000005
TRISB                             00000086
TRISB0                            00000000
TRISB1                            00000001
TRISB2                            00000002
TRISB3                            00000003
TRISB4                            00000004
TRISB5                            00000005
TRISB6                            00000006
TRISB7                            00000007
TRISC                             00000087
TRISC0                            00000000
TRISC1                            00000001
TRISC2                            00000002
TRISC3                            00000003
TRISC4                            00000004
TRISC5                            00000005
TRISC6                            00000006
TRISC7                            00000007
TRISD                             00000088
TRISD0                            00000000
TRISD1                            00000001
TRISD2                            00000002
TRISD3                            00000003
TRISD4                            00000004
TRISD5                            00000005
TRISD6                            00000006
TRISD7                            00000007
TRISE                             00000089
TRISE0                            00000000
TRISE1                            00000001
TRISE2                            00000002
TRMT                              00000001
TX8_9                             00000006
TX9                               00000006
TX9D                              00000000
TXD8                              00000000
TXEN                              00000005
TXIE                              00000004
TXIF                              00000004
TXREG                             00000019
TXSTA                             00000098
UA                                00000001
gpasm-1.4.0 #1106 (Oct  6 2014) obj\Debug\Tim   6-30-2018  10:59:49         PAGE 21


SYMBOL TABLE
  LABEL                             VALUE 

W                                 00000000
WCOL                              00000007
WR                                00000001
WREN                              00000002
WRERR                             00000003
WSAVE                             00000000
Z                                 00000002
_00001_DS_                        0000000E
_ADCON0                           00000000
_ADCON0bits                       00000000
_ADCON1                           00000000
_ADCON1bits                       00000000
_ADRESH                           00000000
_ADRESL                           00000000
_BODEN_OFF                        00003FBF
_BODEN_ON                         00003FFF
_BOREN_OFF                        00003FBF
_BOREN_ON                         00003FFF
_CCP1CON                          00000000
_CCP1CONbits                      00000000
_CCP2CON                          00000000
_CCP2CONbits                      00000000
_CCPR1                            00000000
_CCPR1H                           00000000
_CCPR1L                           00000000
_CCPR2                            00000000
_CCPR2H                           00000000
_CCPR2L                           00000000
_CMCON                            00000000
_CMCONbits                        00000000
_CONFIG                           00002007
_CPD_OFF                          00003FFF
_CPD_ON                           00003EFF
_CP_ALL                           00001FFF
_CP_OFF                           00003FFF
_CP_ON                            00001FFF
_CVRCON                           00000000
_CVRCONbits                       00000000
_Control                          00000000
_DEBUG_OFF                        00003FFF
_DEBUG_ON                         000037FF
_DEVID1                           00002006
_EEADR                            00000000
_EEADRH                           00000000
_EECON1                           00000000
_EECON1bits                       00000000
_EECON2                           00000000
_EEDATA                           00000000
_EEDATH                           00000000
_FOSC_EXTRC                       00003FFF
_FOSC_HS                          00003FFE
_FOSC_LP                          00003FFC
_FOSC_XT                          00003FFD
gpasm-1.4.0 #1106 (Oct  6 2014) obj\Debug\Tim   6-30-2018  10:59:49         PAGE 22


SYMBOL TABLE
  LABEL                             VALUE 

_FSR                              00000000
_HS_OSC                           00003FFE
_IDLOC0                           00002000
_IDLOC1                           00002001
_IDLOC2                           00002002
_IDLOC3                           00002003
_INDF                             00000000
_INTCON                           00000000
_INTCONbits                       00000000
_LED_GetState                     00000000
_LED_Init                         00000000
_LED_Toggle                       00000000
_LP_OSC                           00003FFC
_LVP_OFF                          00003F7F
_LVP_ON                           00003FFF
_OPTION_REG                       00000000
_OPTION_REGbits                   00000000
_PCL                              00000000
_PCLATH                           00000000
_PCON                             00000000
_PCONbits                         00000000
_PIE1                             00000000
_PIE1bits                         00000000
_PIE2                             00000000
_PIE2bits                         00000000
_PIR1                             00000000
_PIR1bits                         00000000
_PIR2                             00000000
_PIR2bits                         00000000
_PORTA                            00000000
_PORTAbits                        00000000
_PORTB                            00000000
_PORTBbits                        00000000
_PORTC                            00000000
_PORTCbits                        00000000
_PORTD                            00000000
_PORTDbits                        00000000
_PORTE                            00000000
_PORTEbits                        00000000
_PR2                              00000000
_PWRTE_OFF                        00003FFF
_PWRTE_ON                         00003FF7
_RCREG                            00000000
_RCSTA                            00000000
_RCSTAbits                        00000000
_RC_OSC                           00003FFF
_SPBRG                            00000000
_SSPADD                           00000000
_SSPBUF                           00000000
_SSPCON                           00000000
_SSPCON2                          00000000
_SSPCON2bits                      00000000
_SSPCONbits                       00000000
gpasm-1.4.0 #1106 (Oct  6 2014) obj\Debug\Tim   6-30-2018  10:59:49         PAGE 23


SYMBOL TABLE
  LABEL                             VALUE 

_SSPSTAT                          00000000
_SSPSTATbits                      00000000
_STATUS                           00000000
_STATUSbits                       00000000
_SW_GetState                      00000000
_SW_Init                          00000000
_SW_Update                        00000000
_T1CON                            00000000
_T1CONbits                        00000000
_T2CON                            00000000
_T2CONbits                        00000000
_TMR0                             00000000
_TMR1                             00000000
_TMR1H                            00000000
_TMR1L                            00000000
_TMR2                             00000000
_TMR_CheckOverFlow                00000004
_TMR_Init                         0000001D
_TMR_Start                        00000012
_TMR_Stop                         00000000
_TMR_Update                       00000004
_TRISA                            00000000
_TRISAbits                        00000000
_TRISB                            00000000
_TRISBbits                        00000000
_TRISC                            00000000
_TRISCbits                        00000000
_TRISD                            00000000
_TRISDbits                        00000000
_TRISE                            00000000
_TRISEbits                        00000000
_TXREG                            00000000
_TXSTA                            00000000
_TXSTAbits                        00000000
_UART_init                        00000000
_UART_tx                          00000000
_UART_tx_str                      00000000
_WDTE_OFF                         00003FFB
_WDTE_ON                          00003FFF
_WDT_OFF                          00003FFB
_WDT_ON                           00003FFF
_WRT_1FOURTH                      00003BFF
_WRT_256                          00003DFF
_WRT_HALF                         000039FF
_WRT_OFF                          00003FFF
_XT_OSC                           00003FFD
__16F877A                         00000001
__CODE_END                        00001FFF
__CODE_START                      00000000
__COMMON_RAM_END                  0000007F
__COMMON_RAM_START                00000070
__EEPROM_END                      000021FF
__EEPROM_START                    00002100
gpasm-1.4.0 #1106 (Oct  6 2014) obj\Debug\Tim   6-30-2018  10:59:49         PAGE 24


SYMBOL TABLE
  LABEL                             VALUE 

__VECTOR_INT                      00000004
__VECTOR_RESET                    00000000
___sdcc_saved_fsr                 00000000
__sdcc_interrupt                  00000004
_c_interrupt_0012                 00000012
_c_interrupt_0017                 00000017
_c_interrupt_001C                 0000001C
_get_sensor                       00000000
_itoa                             00000000
_sensor_init                      00000000
_sensor_update                    00000000
r0x1001                           00000000

Errors   :     0
Warnings :     0 reported,     0 suppressed
Messages :     0 reported,     0 suppressed

